26.06.15 3:03;LEFT_CLICK_BLOCK;BogdanG;DIM:0;784;74;1279;|;78;7;127
26.06.15 3:03;LEFT_CLICK_BLOCK;BogdanG;DIM:0;784;73;1279;|;78;7;127
26.06.15 3:03;LEFT_CLICK_BLOCK;BogdanG;DIM:0;784;72;1279;|;78;7;127
26.06.15 3:03;LEFT_CLICK_BLOCK;BogdanG;DIM:0;784;71;1279;|;78;7;127
26.06.15 3:03;LEFT_CLICK_BLOCK;BogdanG;DIM:0;784;70;1279;|;78;7;127
26.06.15 3:03;LEFT_CLICK_BLOCK;BogdanG;DIM:0;784;69;1279;|;78;6;127
26.06.15 3:03;LEFT_CLICK_BLOCK;BogdanG;DIM:0;784;68;1279;|;78;6;127
26.06.15 3:03;LEFT_CLICK_BLOCK;BogdanG;DIM:0;784;67;1279;|;78;6;127
26.06.15 3:03;LEFT_CLICK_BLOCK;BogdanG;DIM:0;784;66;1279;|;78;6;127
26.06.15 3:04;LEFT_CLICK_BLOCK;BogdanG;DIM:0;784;65;1279;|;78;6;127
26.06.15 3:04;LEFT_CLICK_BLOCK;BogdanG;DIM:0;784;64;1279;|;78;6;127
26.06.15 3:04;LEFT_CLICK_BLOCK;BogdanG;DIM:0;784;63;1279;|;78;6;127
26.06.15 3:04;LEFT_CLICK_BLOCK;BogdanG;DIM:0;784;62;1279;|;78;6;127
26.06.15 3:04;LEFT_CLICK_BLOCK;BogdanG;DIM:0;784;61;1279;|;78;6;127
26.06.15 3:04;LEFT_CLICK_BLOCK;BogdanG;DIM:0;784;69;1280;|;78;6;128
26.06.15 3:04;RIGHT_CLICK_BLOCK;BogdanG;DIM:0;784;68;1280;|;78;6;128
26.06.15 3:05;RIGHT_CLICK_BLOCK;BogdanG;DIM:0;739;67;1418;|;73;6;141
26.06.15 3:05;RIGHT_CLICK_BLOCK;BogdanG;DIM:0;739;67;1417;|;73;6;141
26.06.15 3:05;LEFT_CLICK_BLOCK;BogdanG;DIM:0;739;67;1417;|;73;6;141
26.06.15 3:05;LEFT_CLICK_BLOCK;BogdanG;DIM:0;739;67;1418;|;73;6;141
