[19:58:06] [main/INFO]: Setting user: BogdanG
[19:58:08] [Client thread/INFO]: LWJGL Version: 2.9.1
[19:58:22] [Client thread/INFO]: Reloading ResourceManager: Default, FMLFileResourcePack:Forge Mod Loader, FMLFileResourcePack:Minecraft Forge, FMLFileResourcePack:Not Enough Items, FMLFileResourcePack:BC Builders, FMLFileResourcePack:BC Energy, FMLFileResourcePack:BC Factory, FMLFileResourcePack:BC Silicon, FMLFileResourcePack:BuildCraft, FMLFileResourcePack:BC Transport, FMLFileResourcePack:ChickenChunks, FMLFileResourcePack:Forestry for Minecraft, FMLFileResourcePack:GregTech, FMLFileResourcePack:IndustrialCraft 2, FMLFileResourcePack:Forge Microblocks, FMLFileResourcePack:Forge Multipart, FMLFileResourcePack:Minecraft Multipart Plugin
[19:58:35] [Sound Library Loader/INFO]: Sound engine started
[19:58:39] [Client thread/INFO]: Created: 1024x1024 textures/blocks-atlas
[19:58:39] [Client thread/ERROR]: Using missing texture, unable to load gregtech:textures/items/gt.metaitem.01/621.png, java.io.FileNotFoundException
[19:58:39] [Client thread/ERROR]: Using missing texture, unable to load gregtech:textures/items/gt.metaitem.01/620.png, java.io.FileNotFoundException
[19:58:39] [Client thread/ERROR]: Using missing texture, unable to load gregtech:textures/items/gt.metaitem.01/623.png, java.io.FileNotFoundException
[19:58:39] [Client thread/ERROR]: Using missing texture, unable to load gregtech:textures/items/gt.metaitem.01/622.png, java.io.FileNotFoundException
[19:58:39] [Client thread/ERROR]: Using missing texture, unable to load gregtech:textures/items/gt.metaitem.01/624.png, java.io.FileNotFoundException
[19:58:39] [Client thread/INFO]: Created: 1024x512 textures/items-atlas
[19:59:14] [Client thread/INFO]: Reloading ResourceManager: Default, FMLFileResourcePack:Forge Mod Loader, FMLFileResourcePack:Minecraft Forge, FMLFileResourcePack:Not Enough Items, FMLFileResourcePack:BC Builders, FMLFileResourcePack:BC Energy, FMLFileResourcePack:BC Factory, FMLFileResourcePack:BC Silicon, FMLFileResourcePack:BuildCraft, FMLFileResourcePack:BC Transport, FMLFileResourcePack:ChickenChunks, FMLFileResourcePack:Forestry for Minecraft, FMLFileResourcePack:GregTech, FMLFileResourcePack:IndustrialCraft 2, FMLFileResourcePack:Forge Microblocks, FMLFileResourcePack:Forge Multipart, FMLFileResourcePack:Minecraft Multipart Plugin
[19:59:14] [Client thread/ERROR]: Using missing texture, unable to load gregtech:textures/items/gt.metaitem.01/621.png, java.io.FileNotFoundException
[19:59:14] [Client thread/ERROR]: Using missing texture, unable to load gregtech:textures/items/gt.metaitem.01/620.png, java.io.FileNotFoundException
[19:59:14] [Client thread/ERROR]: Using missing texture, unable to load gregtech:textures/items/gt.metaitem.01/623.png, java.io.FileNotFoundException
[19:59:14] [Client thread/ERROR]: Using missing texture, unable to load gregtech:textures/items/gt.metaitem.01/622.png, java.io.FileNotFoundException
[19:59:14] [Client thread/ERROR]: Using missing texture, unable to load gregtech:textures/items/gt.metaitem.01/624.png, java.io.FileNotFoundException
[19:59:16] [Client thread/INFO]: Created: 2048x1024 textures/items-atlas
[19:59:19] [Client thread/INFO]: Created: 2048x1024 textures/blocks-atlas
[19:59:20] [Sound Library Loader/INFO]: Sound engine started
[20:00:29] [Client thread/INFO]: Connecting to 127.0.0.1, 29565
[20:00:37] [Client thread/FATAL]: Reported exception thrown!
net.minecraft.util.ReportedException: Ticking screen
	at net.minecraft.client.Minecraft.func_71407_l(Minecraft.java:1675) ~[bao.class:?]
	at net.minecraft.client.Minecraft.func_71411_J(Minecraft.java:973) ~[bao.class:?]
	at net.minecraft.client.Minecraft.func_99999_d(Minecraft.java:898) [bao.class:?]
	at net.minecraft.client.main.Main.main(SourceFile:148) [Main.class:?]
	at sun.reflect.NativeMethodAccessorImpl.invoke0(Native Method) ~[?:1.7.0_80]
	at sun.reflect.NativeMethodAccessorImpl.invoke(NativeMethodAccessorImpl.java:57) ~[?:1.7.0_80]
	at sun.reflect.DelegatingMethodAccessorImpl.invoke(DelegatingMethodAccessorImpl.java:43) ~[?:1.7.0_80]
	at java.lang.reflect.Method.invoke(Method.java:606) ~[?:1.7.0_80]
	at net.minecraft.launchwrapper.Launch.launch(Launch.java:135) [launchwrapper-1.11.jar:?]
	at net.minecraft.launchwrapper.Launch.main(Launch.java:28) [launchwrapper-1.11.jar:?]
Caused by: java.lang.NullPointerException
	at cpw.mods.fml.common.network.internal.FMLProxyPacket.func_148833_a(FMLProxyPacket.java:101) ~[FMLProxyPacket.class:?]
	at net.minecraft.network.NetworkManager.func_74428_b(NetworkManager.java:212) ~[ej.class:?]
	at net.minecraft.client.multiplayer.GuiConnecting.func_73876_c(SourceFile:78) ~[bcx.class:?]
	at net.minecraft.client.Minecraft.func_71407_l(Minecraft.java:1661) ~[bao.class:?]
	... 9 more
