19.06.15 21:00;RIGHT_CLICK_BLOCK;BogdanG;DIM:0;99;76;1022;|;9;7;102
19.06.15 22:17;RIGHT_CLICK_BLOCK;BogdanG;DIM:0;833;93;1813;|;83;9;181
19.06.15 22:17;RIGHT_CLICK_BLOCK;BogdanG;DIM:0;833;94;1813;|;83;9;181
19.06.15 22:17;RIGHT_CLICK_BLOCK;BogdanG;DIM:0;833;95;1813;|;83;9;181
19.06.15 22:17;RIGHT_CLICK_BLOCK;BogdanG;DIM:0;833;96;1813;|;83;9;181
19.06.15 22:17;RIGHT_CLICK_BLOCK;BogdanG;DIM:0;833;97;1813;|;83;9;181
19.06.15 22:17;RIGHT_CLICK_BLOCK;BogdanG;DIM:0;833;93;1812;|;83;9;181
19.06.15 22:17;RIGHT_CLICK_BLOCK;BogdanG;DIM:0;834;93;1812;|;83;9;181
19.06.15 22:17;RIGHT_CLICK_BLOCK;BogdanG;DIM:0;833;94;1813;|;83;9;181
19.06.15 22:17;RIGHT_CLICK_BLOCK;BogdanG;DIM:0;833;94;1812;|;83;9;181
19.06.15 22:17;RIGHT_CLICK_BLOCK;BogdanG;DIM:0;833;95;1813;|;83;9;181
19.06.15 22:17;RIGHT_CLICK_BLOCK;BogdanG;DIM:0;833;95;1812;|;83;9;181
19.06.15 22:17;RIGHT_CLICK_BLOCK;BogdanG;DIM:0;834;95;1813;|;83;9;181
19.06.15 22:17;RIGHT_CLICK_BLOCK;BogdanG;DIM:0;834;95;1812;|;83;9;181
19.06.15 22:17;RIGHT_CLICK_BLOCK;BogdanG;DIM:0;834;96;1813;|;83;9;181
19.06.15 22:17;RIGHT_CLICK_BLOCK;BogdanG;DIM:0;833;96;1812;|;83;9;181
19.06.15 22:17;RIGHT_CLICK_BLOCK;BogdanG;DIM:0;834;96;1812;|;83;9;181
19.06.15 22:17;RIGHT_CLICK_BLOCK;BogdanG;DIM:0;834;97;1813;|;83;9;181
19.06.15 22:17;RIGHT_CLICK_BLOCK;BogdanG;DIM:0;833;97;1812;|;83;9;181
19.06.15 22:17;RIGHT_CLICK_BLOCK;BogdanG;DIM:0;834;97;1812;|;83;9;181
19.06.15 22:22;RIGHT_CLICK_BLOCK;BogdanG;DIM:0;833;98;1813;|;83;9;181
19.06.15 22:22;RIGHT_CLICK_BLOCK;BogdanG;DIM:0;833;98;1812;|;83;9;181
19.06.15 22:22;RIGHT_CLICK_BLOCK;BogdanG;DIM:0;834;98;1813;|;83;9;181
19.06.15 22:22;RIGHT_CLICK_BLOCK;BogdanG;DIM:0;833;99;1812;|;83;9;181
19.06.15 22:22;RIGHT_CLICK_BLOCK;BogdanG;DIM:0;833;99;1813;|;83;9;181
19.06.15 22:22;RIGHT_CLICK_BLOCK;BogdanG;DIM:0;833;99;1812;|;83;9;181
19.06.15 22:22;RIGHT_CLICK_BLOCK;BogdanG;DIM:0;834;99;1813;|;83;9;181
19.06.15 22:22;RIGHT_CLICK_BLOCK;BogdanG;DIM:0;834;99;1812;|;83;9;181
19.06.15 22:22;RIGHT_CLICK_BLOCK;BogdanG;DIM:0;833;100;1813;|;83;10;181
19.06.15 22:22;RIGHT_CLICK_BLOCK;BogdanG;DIM:0;833;100;1812;|;83;10;181
19.06.15 22:22;RIGHT_CLICK_BLOCK;BogdanG;DIM:0;833;101;1813;|;83;10;181
19.06.15 22:22;RIGHT_CLICK_BLOCK;BogdanG;DIM:0;833;101;1812;|;83;10;181
19.06.15 22:22;RIGHT_CLICK_BLOCK;BogdanG;DIM:0;833;101;1813;|;83;10;181
19.06.15 22:22;RIGHT_CLICK_BLOCK;BogdanG;DIM:0;833;101;1812;|;83;10;181
19.06.15 22:22;RIGHT_CLICK_BLOCK;BogdanG;DIM:0;833;102;1813;|;83;10;181
19.06.15 22:22;RIGHT_CLICK_BLOCK;BogdanG;DIM:0;833;102;1812;|;83;10;181
19.06.15 22:22;RIGHT_CLICK_BLOCK;BogdanG;DIM:0;833;102;1813;|;83;10;181
19.06.15 22:22;RIGHT_CLICK_BLOCK;BogdanG;DIM:0;833;102;1812;|;83;10;181
19.06.15 22:22;RIGHT_CLICK_BLOCK;BogdanG;DIM:0;833;103;1813;|;83;10;181
19.06.15 22:22;RIGHT_CLICK_BLOCK;BogdanG;DIM:0;833;103;1812;|;83;10;181
19.06.15 22:22;RIGHT_CLICK_BLOCK;BogdanG;DIM:0;833;103;1813;|;83;10;181
19.06.15 22:22;RIGHT_CLICK_BLOCK;BogdanG;DIM:0;833;103;1812;|;83;10;181
19.06.15 22:22;RIGHT_CLICK_BLOCK;BogdanG;DIM:0;833;104;1813;|;83;10;181
19.06.15 22:22;RIGHT_CLICK_BLOCK;BogdanG;DIM:0;833;104;1812;|;83;10;181
19.06.15 22:23;RIGHT_CLICK_BLOCK;BogdanG;DIM:0;833;104;1813;|;83;10;181
19.06.15 22:23;RIGHT_CLICK_BLOCK;BogdanG;DIM:0;833;104;1812;|;83;10;181
19.06.15 22:23;RIGHT_CLICK_BLOCK;BogdanG;DIM:0;834;104;1813;|;83;10;181
19.06.15 22:23;RIGHT_CLICK_BLOCK;BogdanG;DIM:0;833;105;1812;|;83;10;181
19.06.15 22:23;RIGHT_CLICK_BLOCK;BogdanG;DIM:0;834;105;1812;|;83;10;181
19.06.15 22:23;RIGHT_CLICK_BLOCK;BogdanG;DIM:0;833;105;1812;|;83;10;181
19.06.15 22:23;RIGHT_CLICK_BLOCK;BogdanG;DIM:0;834;105;1812;|;83;10;181
19.06.15 22:23;RIGHT_CLICK_BLOCK;BogdanG;DIM:0;834;105;1812;|;83;10;181
19.06.15 22:23;RIGHT_CLICK_BLOCK;BogdanG;DIM:0;834;101;1812;|;83;10;181
19.06.15 22:23;RIGHT_CLICK_BLOCK;BogdanG;DIM:0;834;100;1812;|;83;10;181
19.06.15 22:23;RIGHT_CLICK_BLOCK;BogdanG;DIM:0;834;99;1812;|;83;9;181
19.06.15 22:23;RIGHT_CLICK_BLOCK;BogdanG;DIM:0;834;92;1811;|;83;9;181
19.06.15 22:23;RIGHT_CLICK_BLOCK;BogdanG;DIM:0;834;98;1812;|;83;9;181
19.06.15 22:23;RIGHT_CLICK_BLOCK;BogdanG;DIM:0;834;100;1812;|;83;10;181
19.06.15 22:23;RIGHT_CLICK_BLOCK;BogdanG;DIM:0;834;101;1812;|;83;10;181
19.06.15 22:24;RIGHT_CLICK_BLOCK;BogdanG;DIM:0;834;95;1812;|;83;9;181
19.06.15 22:24;RIGHT_CLICK_BLOCK;BogdanG;DIM:0;834;96;1812;|;83;9;181
19.06.15 22:24;RIGHT_CLICK_BLOCK;BogdanG;DIM:0;834;97;1812;|;83;9;181
19.06.15 22:24;RIGHT_CLICK_BLOCK;BogdanG;DIM:0;834;98;1812;|;83;9;181
19.06.15 22:24;RIGHT_CLICK_BLOCK;BogdanG;DIM:0;834;96;1812;|;83;9;181
19.06.15 22:24;RIGHT_CLICK_BLOCK;BogdanG;DIM:0;835;91;1810;|;83;9;181
19.06.15 22:24;RIGHT_CLICK_BLOCK;BogdanG;DIM:0;836;91;1810;|;83;9;181
19.06.15 22:24;RIGHT_CLICK_BLOCK;BogdanG;DIM:0;836;91;1812;|;83;9;181
19.06.15 22:24;RIGHT_CLICK_BLOCK;BogdanG;DIM:0;835;92;1812;|;83;9;181
19.06.15 22:24;RIGHT_CLICK_BLOCK;BogdanG;DIM:0;835;92;1809;|;83;9;180
19.06.15 22:24;RIGHT_CLICK_BLOCK;BogdanG;DIM:0;835;92;1808;|;83;9;180
19.06.15 22:24;RIGHT_CLICK_BLOCK;BogdanG;DIM:0;835;94;1807;|;83;9;180
19.06.15 22:24;RIGHT_CLICK_BLOCK;BogdanG;DIM:0;834;89;1807;|;83;8;180
19.06.15 22:24;RIGHT_CLICK_BLOCK;BogdanG;DIM:0;834;89;1808;|;83;8;180
19.06.15 22:24;RIGHT_CLICK_BLOCK;BogdanG;DIM:0;835;88;1808;|;83;8;180
19.06.15 22:24;RIGHT_CLICK_BLOCK;BogdanG;DIM:0;838;90;1808;|;83;9;180
19.06.15 22:26;RIGHT_CLICK_BLOCK;BogdanG;DIM:0;835;91;1799;|;83;9;179
19.06.15 22:26;RIGHT_CLICK_BLOCK;BogdanG;DIM:0;837;91;1799;|;83;9;179
19.06.15 22:26;RIGHT_CLICK_BLOCK;BogdanG;DIM:0;837;91;1800;|;83;9;180
19.06.15 22:26;RIGHT_CLICK_BLOCK;BogdanG;DIM:0;842;91;1799;|;84;9;179
19.06.15 22:26;RIGHT_CLICK_BLOCK;BogdanG;DIM:0;843;91;1801;|;84;9;180
19.06.15 22:26;RIGHT_CLICK_BLOCK;BogdanG;DIM:0;844;92;1801;|;84;9;180
19.06.15 22:26;RIGHT_CLICK_BLOCK;BogdanG;DIM:0;844;91;1802;|;84;9;180
19.06.15 22:26;RIGHT_CLICK_BLOCK;BogdanG;DIM:0;845;92;1803;|;84;9;180
19.06.15 22:26;RIGHT_CLICK_BLOCK;BogdanG;DIM:0;844;91;1802;|;84;9;180
19.06.15 22:26;RIGHT_CLICK_BLOCK;BogdanG;DIM:0;845;92;1804;|;84;9;180
19.06.15 22:26;RIGHT_CLICK_BLOCK;BogdanG;DIM:0;845;93;1804;|;84;9;180
19.06.15 22:26;RIGHT_CLICK_BLOCK;BogdanG;DIM:0;848;92;1805;|;84;9;180
19.06.15 22:26;RIGHT_CLICK_BLOCK;BogdanG;DIM:0;849;92;1804;|;84;9;180
19.06.15 22:26;RIGHT_CLICK_BLOCK;BogdanG;DIM:0;850;91;1803;|;85;9;180
19.06.15 22:26;RIGHT_CLICK_BLOCK;BogdanG;DIM:0;851;92;1801;|;85;9;180
19.06.15 22:26;RIGHT_CLICK_BLOCK;BogdanG;DIM:0;851;92;1800;|;85;9;180
19.06.15 22:26;RIGHT_CLICK_BLOCK;BogdanG;DIM:0;851;92;1801;|;85;9;180
19.06.15 22:26;RIGHT_CLICK_BLOCK;BogdanG;DIM:0;851;91;1800;|;85;9;180
19.06.15 22:26;RIGHT_CLICK_BLOCK;BogdanG;DIM:0;851;91;1798;|;85;9;179
19.06.15 22:26;RIGHT_CLICK_BLOCK;BogdanG;DIM:0;850;91;1795;|;85;9;179
19.06.15 22:27;RIGHT_CLICK_BLOCK;BogdanG;DIM:0;850;91;1793;|;85;9;179
19.06.15 22:27;RIGHT_CLICK_BLOCK;BogdanG;DIM:0;849;92;1791;|;84;9;179
19.06.15 22:27;RIGHT_CLICK_BLOCK;BogdanG;DIM:0;848;92;1790;|;84;9;179
19.06.15 22:27;RIGHT_CLICK_BLOCK;BogdanG;DIM:0;847;92;1789;|;84;9;178
19.06.15 22:27;RIGHT_CLICK_BLOCK;BogdanG;DIM:0;841;92;1792;|;84;9;179
19.06.15 22:27;RIGHT_CLICK_BLOCK;BogdanG;DIM:0;841;92;1793;|;84;9;179
19.06.15 22:27;RIGHT_CLICK_BLOCK;BogdanG;DIM:0;841;93;1794;|;84;9;179
19.06.15 22:27;RIGHT_CLICK_BLOCK;BogdanG;DIM:0;842;92;1795;|;84;9;179
19.06.15 22:27;RIGHT_CLICK_BLOCK;BogdanG;DIM:0;845;94;1798;|;84;9;179
19.06.15 22:27;RIGHT_CLICK_BLOCK;BogdanG;DIM:0;846;95;1798;|;84;9;179
19.06.15 22:27;RIGHT_CLICK_BLOCK;BogdanG;DIM:0;847;95;1799;|;84;9;179
19.06.15 22:27;RIGHT_CLICK_BLOCK;BogdanG;DIM:0;848;94;1799;|;84;9;179
19.06.15 22:27;RIGHT_CLICK_BLOCK;BogdanG;DIM:0;849;93;1799;|;84;9;179
19.06.15 22:27;RIGHT_CLICK_BLOCK;BogdanG;DIM:0;850;93;1800;|;85;9;180
19.06.15 22:27;RIGHT_CLICK_BLOCK;BogdanG;DIM:0;849;93;1801;|;84;9;180
19.06.15 22:27;RIGHT_CLICK_BLOCK;BogdanG;DIM:0;848;93;1802;|;84;9;180
19.06.15 22:30;LEFT_CLICK_BLOCK;BogdanG;DIM:0;834;104;1812;|;83;10;181
19.06.15 22:30;LEFT_CLICK_BLOCK;BogdanG;DIM:0;834;105;1812;|;83;10;181
19.06.15 22:30;LEFT_CLICK_BLOCK;BogdanG;DIM:0;834;105;1813;|;83;10;181
19.06.15 22:30;LEFT_CLICK_BLOCK;BogdanG;DIM:0;833;105;1813;|;83;10;181
19.06.15 22:30;LEFT_CLICK_BLOCK;BogdanG;DIM:0;833;104;1813;|;83;10;181
19.06.15 22:30;LEFT_CLICK_BLOCK;BogdanG;DIM:0;834;104;1813;|;83;10;181
19.06.15 22:30;LEFT_CLICK_BLOCK;BogdanG;DIM:0;833;104;1812;|;83;10;181
19.06.15 22:30;LEFT_CLICK_BLOCK;BogdanG;DIM:0;833;103;1813;|;83;10;181
19.06.15 22:30;LEFT_CLICK_BLOCK;BogdanG;DIM:0;833;105;1812;|;83;10;181
19.06.15 22:30;LEFT_CLICK_BLOCK;BogdanG;DIM:0;834;103;1812;|;83;10;181
19.06.15 22:30;LEFT_CLICK_BLOCK;BogdanG;DIM:0;834;102;1812;|;83;10;181
19.06.15 22:30;LEFT_CLICK_BLOCK;BogdanG;DIM:0;834;103;1813;|;83;10;181
19.06.15 22:30;LEFT_CLICK_BLOCK;BogdanG;DIM:0;833;102;1813;|;83;10;181
19.06.15 22:30;LEFT_CLICK_BLOCK;BogdanG;DIM:0;833;103;1812;|;83;10;181
19.06.15 22:30;LEFT_CLICK_BLOCK;BogdanG;DIM:0;834;102;1813;|;83;10;181
19.06.15 22:30;LEFT_CLICK_BLOCK;BogdanG;DIM:0;834;101;1813;|;83;10;181
19.06.15 22:30;LEFT_CLICK_BLOCK;BogdanG;DIM:0;833;102;1812;|;83;10;181
19.06.15 22:30;LEFT_CLICK_BLOCK;BogdanG;DIM:0;833;101;1812;|;83;10;181
19.06.15 22:30;LEFT_CLICK_BLOCK;BogdanG;DIM:0;834;101;1812;|;83;10;181
19.06.15 22:30;LEFT_CLICK_BLOCK;BogdanG;DIM:0;834;100;1812;|;83;10;181
19.06.15 22:30;LEFT_CLICK_BLOCK;BogdanG;DIM:0;833;101;1813;|;83;10;181
19.06.15 22:30;LEFT_CLICK_BLOCK;BogdanG;DIM:0;834;100;1813;|;83;10;181
19.06.15 22:30;LEFT_CLICK_BLOCK;BogdanG;DIM:0;833;100;1812;|;83;10;181
19.06.15 22:30;LEFT_CLICK_BLOCK;BogdanG;DIM:0;833;99;1812;|;83;9;181
19.06.15 22:30;LEFT_CLICK_BLOCK;BogdanG;DIM:0;833;100;1813;|;83;10;181
19.06.15 22:30;LEFT_CLICK_BLOCK;BogdanG;DIM:0;834;99;1812;|;83;9;181
19.06.15 22:30;LEFT_CLICK_BLOCK;BogdanG;DIM:0;834;98;1812;|;83;9;181
19.06.15 22:30;LEFT_CLICK_BLOCK;BogdanG;DIM:0;834;99;1813;|;83;9;181
19.06.15 22:30;LEFT_CLICK_BLOCK;BogdanG;DIM:0;834;98;1813;|;83;9;181
19.06.15 22:30;LEFT_CLICK_BLOCK;BogdanG;DIM:0;833;99;1813;|;83;9;181
19.06.15 22:30;LEFT_CLICK_BLOCK;BogdanG;DIM:0;833;98;1812;|;83;9;181
19.06.15 22:30;LEFT_CLICK_BLOCK;BogdanG;DIM:0;834;97;1813;|;83;9;181
19.06.15 22:30;LEFT_CLICK_BLOCK;BogdanG;DIM:0;834;97;1812;|;83;9;181
19.06.15 22:30;LEFT_CLICK_BLOCK;BogdanG;DIM:0;833;97;1812;|;83;9;181
19.06.15 22:30;LEFT_CLICK_BLOCK;BogdanG;DIM:0;833;98;1813;|;83;9;181
19.06.15 22:30;LEFT_CLICK_BLOCK;BogdanG;DIM:0;833;97;1813;|;83;9;181
19.06.15 22:30;LEFT_CLICK_BLOCK;BogdanG;DIM:0;834;96;1812;|;83;9;181
19.06.15 22:30;LEFT_CLICK_BLOCK;BogdanG;DIM:0;834;95;1812;|;83;9;181
19.06.15 22:30;LEFT_CLICK_BLOCK;BogdanG;DIM:0;833;96;1812;|;83;9;181
19.06.15 22:30;LEFT_CLICK_BLOCK;BogdanG;DIM:0;834;96;1813;|;83;9;181
19.06.15 22:30;LEFT_CLICK_BLOCK;BogdanG;DIM:0;834;95;1813;|;83;9;181
19.06.15 22:30;LEFT_CLICK_BLOCK;BogdanG;DIM:0;834;94;1813;|;83;9;181
19.06.15 22:30;LEFT_CLICK_BLOCK;BogdanG;DIM:0;834;94;1812;|;83;9;181
19.06.15 22:30;LEFT_CLICK_BLOCK;BogdanG;DIM:0;833;95;1812;|;83;9;181
19.06.15 22:30;LEFT_CLICK_BLOCK;BogdanG;DIM:0;833;96;1813;|;83;9;181
19.06.15 22:30;LEFT_CLICK_BLOCK;BogdanG;DIM:0;833;94;1813;|;83;9;181
19.06.15 22:30;LEFT_CLICK_BLOCK;BogdanG;DIM:0;833;95;1813;|;83;9;181
19.06.15 22:30;LEFT_CLICK_BLOCK;BogdanG;DIM:0;833;94;1812;|;83;9;181
