15.06.15 23:19;LEFT_CLICK_BLOCK;BogdanG;DIM:0;529;83;1598;|;52;8;159
15.06.15 23:19;LEFT_CLICK_BLOCK;BogdanG;DIM:0;529;82;1598;|;52;8;159
15.06.15 23:19;LEFT_CLICK_BLOCK;BogdanG;DIM:0;529;81;1598;|;52;8;159
15.06.15 23:19;LEFT_CLICK_BLOCK;BogdanG;DIM:0;529;80;1598;|;52;8;159
15.06.15 23:19;RIGHT_CLICK_BLOCK;BogdanG;DIM:0;529;79;1598;|;52;7;159
16.06.15 0:17;LEFT_CLICK_BLOCK;BogdanG;DIM:0;805;66;2126;|;80;6;212
16.06.15 0:17;LEFT_CLICK_BLOCK;BogdanG;DIM:0;805;65;2126;|;80;6;212
16.06.15 0:17;LEFT_CLICK_BLOCK;BogdanG;DIM:0;805;64;2126;|;80;6;212
16.06.15 0:17;LEFT_CLICK_BLOCK;BogdanG;DIM:0;805;63;2126;|;80;6;212
16.06.15 0:17;LEFT_CLICK_BLOCK;BogdanG;DIM:0;805;62;2126;|;80;6;212
16.06.15 0:17;LEFT_CLICK_BLOCK;BogdanG;DIM:0;805;61;2126;|;80;6;212
16.06.15 0:17;LEFT_CLICK_BLOCK;BogdanG;DIM:0;805;60;2126;|;80;6;212
16.06.15 0:17;LEFT_CLICK_BLOCK;BogdanG;DIM:0;805;59;2126;|;80;5;212
16.06.15 0:17;LEFT_CLICK_BLOCK;BogdanG;DIM:0;805;58;2126;|;80;5;212
16.06.15 0:17;LEFT_CLICK_BLOCK;BogdanG;DIM:0;805;57;2126;|;80;5;212
16.06.15 0:17;LEFT_CLICK_BLOCK;BogdanG;DIM:0;805;56;2126;|;80;5;212
16.06.15 0:17;LEFT_CLICK_BLOCK;BogdanG;DIM:0;805;55;2126;|;80;5;212
16.06.15 0:17;LEFT_CLICK_BLOCK;BogdanG;DIM:0;805;54;2126;|;80;5;212
16.06.15 0:17;LEFT_CLICK_BLOCK;BogdanG;DIM:0;805;53;2126;|;80;5;212
16.06.15 0:17;LEFT_CLICK_BLOCK;BogdanG;DIM:0;805;52;2126;|;80;5;212
16.06.15 0:17;LEFT_CLICK_BLOCK;BogdanG;DIM:0;805;51;2126;|;80;5;212
16.06.15 0:17;LEFT_CLICK_BLOCK;BogdanG;DIM:0;805;50;2126;|;80;5;212
16.06.15 0:17;LEFT_CLICK_BLOCK;BogdanG;DIM:0;805;49;2126;|;80;4;212
16.06.15 0:17;LEFT_CLICK_BLOCK;BogdanG;DIM:0;805;48;2126;|;80;4;212
16.06.15 0:17;LEFT_CLICK_BLOCK;BogdanG;DIM:0;805;47;2126;|;80;4;212
16.06.15 0:17;LEFT_CLICK_BLOCK;BogdanG;DIM:0;805;46;2126;|;80;4;212
16.06.15 0:17;LEFT_CLICK_BLOCK;BogdanG;DIM:0;805;45;2126;|;80;4;212
16.06.15 0:17;LEFT_CLICK_BLOCK;BogdanG;DIM:0;805;44;2126;|;80;4;212
16.06.15 0:17;LEFT_CLICK_BLOCK;BogdanG;DIM:0;805;43;2126;|;80;4;212
16.06.15 0:17;LEFT_CLICK_BLOCK;BogdanG;DIM:0;805;42;2126;|;80;4;212
16.06.15 0:17;LEFT_CLICK_BLOCK;BogdanG;DIM:0;805;41;2126;|;80;4;212
16.06.15 0:17;LEFT_CLICK_BLOCK;BogdanG;DIM:0;805;40;2126;|;80;4;212
16.06.15 0:21;RIGHT_CLICK_BLOCK;BogdanG;DIM:0;1068;106;2420;|;106;10;242
16.06.15 0:21;RIGHT_CLICK_BLOCK;BogdanG;DIM:0;1068;106;2420;|;106;10;242
16.06.15 0:21;RIGHT_CLICK_BLOCK;BogdanG;DIM:0;1068;107;2420;|;106;10;242
16.06.15 0:21;RIGHT_CLICK_BLOCK;BogdanG;DIM:0;1068;108;2420;|;106;10;242
16.06.15 0:21;RIGHT_CLICK_BLOCK;BogdanG;DIM:0;1068;109;2420;|;106;10;242
16.06.15 0:21;RIGHT_CLICK_BLOCK;BogdanG;DIM:0;1068;110;2420;|;106;11;242
16.06.15 0:21;RIGHT_CLICK_BLOCK;BogdanG;DIM:0;1068;111;2420;|;106;11;242
16.06.15 0:21;RIGHT_CLICK_BLOCK;BogdanG;DIM:0;1068;112;2420;|;106;11;242
16.06.15 0:21;RIGHT_CLICK_BLOCK;BogdanG;DIM:0;1068;113;2420;|;106;11;242
16.06.15 0:21;RIGHT_CLICK_BLOCK;BogdanG;DIM:0;1068;114;2420;|;106;11;242
16.06.15 0:21;RIGHT_CLICK_BLOCK;BogdanG;DIM:0;1068;115;2420;|;106;11;242
16.06.15 0:21;RIGHT_CLICK_BLOCK;BogdanG;DIM:0;1068;116;2420;|;106;11;242
16.06.15 0:21;RIGHT_CLICK_BLOCK;BogdanG;DIM:0;1068;117;2420;|;106;11;242
16.06.15 0:21;RIGHT_CLICK_BLOCK;BogdanG;DIM:0;1068;118;2420;|;106;11;242
16.06.15 0:21;RIGHT_CLICK_BLOCK;BogdanG;DIM:0;1068;119;2420;|;106;11;242
16.06.15 0:21;RIGHT_CLICK_BLOCK;BogdanG;DIM:0;1068;120;2420;|;106;12;242
16.06.15 0:21;RIGHT_CLICK_BLOCK;BogdanG;DIM:0;1068;121;2420;|;106;12;242
16.06.15 0:21;RIGHT_CLICK_BLOCK;BogdanG;DIM:0;1068;122;2420;|;106;12;242
16.06.15 0:21;RIGHT_CLICK_BLOCK;BogdanG;DIM:0;1068;123;2420;|;106;12;242
16.06.15 0:21;RIGHT_CLICK_BLOCK;BogdanG;DIM:0;1068;124;2420;|;106;12;242
16.06.15 0:21;RIGHT_CLICK_BLOCK;BogdanG;DIM:0;1068;125;2420;|;106;12;242
16.06.15 0:21;RIGHT_CLICK_BLOCK;BogdanG;DIM:0;1068;126;2420;|;106;12;242
16.06.15 0:21;RIGHT_CLICK_BLOCK;BogdanG;DIM:0;1068;127;2420;|;106;12;242
16.06.15 0:21;RIGHT_CLICK_BLOCK;BogdanG;DIM:0;1068;128;2420;|;106;12;242
16.06.15 0:21;RIGHT_CLICK_BLOCK;BogdanG;DIM:0;1068;129;2420;|;106;12;242
16.06.15 0:21;RIGHT_CLICK_BLOCK;BogdanG;DIM:0;1068;130;2420;|;106;13;242
16.06.15 0:21;RIGHT_CLICK_BLOCK;BogdanG;DIM:0;1068;131;2420;|;106;13;242
16.06.15 0:21;RIGHT_CLICK_BLOCK;BogdanG;DIM:0;1068;132;2420;|;106;13;242
16.06.15 0:21;RIGHT_CLICK_BLOCK;BogdanG;DIM:0;1068;133;2420;|;106;13;242
16.06.15 0:21;RIGHT_CLICK_BLOCK;BogdanG;DIM:0;1068;134;2420;|;106;13;242
16.06.15 0:21;RIGHT_CLICK_BLOCK;BogdanG;DIM:0;1068;135;2420;|;106;13;242
16.06.15 0:21;RIGHT_CLICK_BLOCK;BogdanG;DIM:0;1068;136;2420;|;106;13;242
16.06.15 0:21;RIGHT_CLICK_BLOCK;BogdanG;DIM:0;1068;137;2420;|;106;13;242
16.06.15 0:21;RIGHT_CLICK_BLOCK;BogdanG;DIM:0;1068;138;2420;|;106;13;242
16.06.15 0:21;RIGHT_CLICK_BLOCK;BogdanG;DIM:0;1068;139;2420;|;106;13;242
16.06.15 0:21;RIGHT_CLICK_BLOCK;BogdanG;DIM:0;1068;140;2420;|;106;14;242
16.06.15 0:21;RIGHT_CLICK_BLOCK;BogdanG;DIM:0;1068;141;2420;|;106;14;242
16.06.15 0:21;RIGHT_CLICK_BLOCK;BogdanG;DIM:0;1068;142;2420;|;106;14;242
16.06.15 0:21;RIGHT_CLICK_BLOCK;BogdanG;DIM:0;1068;143;2420;|;106;14;242
16.06.15 0:21;RIGHT_CLICK_BLOCK;BogdanG;DIM:0;1068;144;2420;|;106;14;242
16.06.15 0:21;RIGHT_CLICK_BLOCK;BogdanG;DIM:0;1068;145;2420;|;106;14;242
16.06.15 0:21;RIGHT_CLICK_BLOCK;BogdanG;DIM:0;1068;146;2420;|;106;14;242
16.06.15 0:21;RIGHT_CLICK_BLOCK;BogdanG;DIM:0;1068;147;2420;|;106;14;242
16.06.15 0:21;RIGHT_CLICK_BLOCK;BogdanG;DIM:0;1068;148;2420;|;106;14;242
16.06.15 0:21;RIGHT_CLICK_BLOCK;BogdanG;DIM:0;1068;149;2420;|;106;14;242
16.06.15 0:21;RIGHT_CLICK_BLOCK;BogdanG;DIM:0;1068;150;2420;|;106;15;242
16.06.15 0:21;RIGHT_CLICK_BLOCK;BogdanG;DIM:0;1068;151;2420;|;106;15;242
16.06.15 0:21;RIGHT_CLICK_BLOCK;BogdanG;DIM:0;1068;152;2420;|;106;15;242
16.06.15 0:21;RIGHT_CLICK_BLOCK;BogdanG;DIM:0;1068;153;2420;|;106;15;242
16.06.15 0:21;RIGHT_CLICK_BLOCK;BogdanG;DIM:0;1068;154;2420;|;106;15;242
16.06.15 0:21;RIGHT_CLICK_BLOCK;BogdanG;DIM:0;1068;155;2420;|;106;15;242
16.06.15 0:21;RIGHT_CLICK_BLOCK;BogdanG;DIM:0;1068;156;2420;|;106;15;242
16.06.15 0:21;RIGHT_CLICK_BLOCK;BogdanG;DIM:0;1068;157;2420;|;106;15;242
16.06.15 0:21;RIGHT_CLICK_BLOCK;BogdanG;DIM:0;1068;158;2420;|;106;15;242
16.06.15 0:21;RIGHT_CLICK_BLOCK;BogdanG;DIM:0;1068;159;2420;|;106;15;242
16.06.15 0:21;RIGHT_CLICK_BLOCK;BogdanG;DIM:0;1068;160;2420;|;106;16;242
16.06.15 0:21;RIGHT_CLICK_BLOCK;BogdanG;DIM:0;1068;161;2420;|;106;16;242
16.06.15 0:21;RIGHT_CLICK_BLOCK;BogdanG;DIM:0;1068;162;2420;|;106;16;242
16.06.15 0:21;RIGHT_CLICK_BLOCK;BogdanG;DIM:0;1068;163;2420;|;106;16;242
16.06.15 0:21;RIGHT_CLICK_BLOCK;BogdanG;DIM:0;1068;164;2420;|;106;16;242
16.06.15 0:21;RIGHT_CLICK_BLOCK;BogdanG;DIM:0;1068;165;2420;|;106;16;242
16.06.15 0:21;RIGHT_CLICK_BLOCK;BogdanG;DIM:0;1068;166;2420;|;106;16;242
16.06.15 0:21;RIGHT_CLICK_BLOCK;BogdanG;DIM:0;1068;167;2420;|;106;16;242
16.06.15 0:21;RIGHT_CLICK_BLOCK;BogdanG;DIM:0;1068;168;2420;|;106;16;242
16.06.15 0:21;RIGHT_CLICK_BLOCK;BogdanG;DIM:0;1068;169;2420;|;106;16;242
16.06.15 0:21;RIGHT_CLICK_BLOCK;BogdanG;DIM:0;1068;170;2420;|;106;17;242
16.06.15 0:21;RIGHT_CLICK_BLOCK;BogdanG;DIM:0;1068;171;2420;|;106;17;242
16.06.15 0:21;RIGHT_CLICK_BLOCK;BogdanG;DIM:0;1068;172;2420;|;106;17;242
16.06.15 0:21;RIGHT_CLICK_BLOCK;BogdanG;DIM:0;1068;173;2420;|;106;17;242
16.06.15 0:21;RIGHT_CLICK_BLOCK;BogdanG;DIM:0;1068;174;2420;|;106;17;242
16.06.15 0:21;RIGHT_CLICK_BLOCK;BogdanG;DIM:0;1068;175;2420;|;106;17;242
16.06.15 0:21;RIGHT_CLICK_BLOCK;BogdanG;DIM:0;1068;176;2420;|;106;17;242
16.06.15 0:30;RIGHT_CLICK_BLOCK;BogdanG;DIM:0;870;60;2363;|;87;6;236
16.06.15 0:30;RIGHT_CLICK_BLOCK;BogdanG;DIM:0;860;59;2353;|;86;5;235
16.06.15 0:31;RIGHT_CLICK_BLOCK;BogdanG;DIM:0;845;60;2391;|;84;6;239
16.06.15 0:31;RIGHT_CLICK_BLOCK;BogdanG;DIM:0;847;59;2391;|;84;5;239
16.06.15 0:31;RIGHT_CLICK_BLOCK;BogdanG;DIM:0;804;61;2333;|;80;6;233
16.06.15 0:31;RIGHT_CLICK_BLOCK;BogdanG;DIM:0;804;61;2334;|;80;6;233
16.06.15 0:31;RIGHT_CLICK_BLOCK;BogdanG;DIM:0;804;61;2335;|;80;6;233
16.06.15 0:31;RIGHT_CLICK_BLOCK;BogdanG;DIM:0;804;62;2335;|;80;6;233
16.06.15 0:31;RIGHT_CLICK_BLOCK;BogdanG;DIM:0;804;61;2336;|;80;6;233
16.06.15 0:31;RIGHT_CLICK_BLOCK;BogdanG;DIM:0;804;61;2337;|;80;6;233
16.06.15 0:31;RIGHT_CLICK_BLOCK;BogdanG;DIM:0;804;60;2338;|;80;6;233
16.06.15 0:31;RIGHT_CLICK_BLOCK;BogdanG;DIM:0;804;61;2338;|;80;6;233
16.06.15 0:31;RIGHT_CLICK_BLOCK;BogdanG;DIM:0;804;60;2339;|;80;6;233
16.06.15 0:31;RIGHT_CLICK_BLOCK;BogdanG;DIM:0;804;61;2339;|;80;6;233
16.06.15 0:31;RIGHT_CLICK_BLOCK;BogdanG;DIM:0;804;60;2340;|;80;6;234
16.06.15 0:31;RIGHT_CLICK_BLOCK;BogdanG;DIM:0;804;61;2340;|;80;6;234
16.06.15 0:31;RIGHT_CLICK_BLOCK;BogdanG;DIM:0;804;60;2341;|;80;6;234
16.06.15 0:31;RIGHT_CLICK_BLOCK;BogdanG;DIM:0;804;61;2341;|;80;6;234
16.06.15 0:31;RIGHT_CLICK_BLOCK;BogdanG;DIM:0;804;62;2341;|;80;6;234
16.06.15 0:31;RIGHT_CLICK_BLOCK;BogdanG;DIM:0;803;60;2343;|;80;6;234
16.06.15 0:31;LEFT_CLICK_BLOCK;BogdanG;DIM:0;803;61;2343;|;80;6;234
16.06.15 0:31;RIGHT_CLICK_BLOCK;BogdanG;DIM:0;804;60;2343;|;80;6;234
16.06.15 0:31;RIGHT_CLICK_BLOCK;BogdanG;DIM:0;804;61;2343;|;80;6;234
16.06.15 0:31;RIGHT_CLICK_BLOCK;BogdanG;DIM:0;804;60;2344;|;80;6;234
16.06.15 0:31;RIGHT_CLICK_BLOCK;BogdanG;DIM:0;804;61;2344;|;80;6;234
16.06.15 0:31;RIGHT_CLICK_BLOCK;BogdanG;DIM:0;804;60;2345;|;80;6;234
16.06.15 0:31;RIGHT_CLICK_BLOCK;BogdanG;DIM:0;804;61;2345;|;80;6;234
16.06.15 0:32;RIGHT_CLICK_BLOCK;BogdanG;DIM:0;804;60;2345;|;80;6;234
16.06.15 0:32;RIGHT_CLICK_BLOCK;BogdanG;DIM:0;804;60;2346;|;80;6;234
16.06.15 0:32;RIGHT_CLICK_BLOCK;BogdanG;DIM:0;804;62;2345;|;80;6;234
16.06.15 0:32;RIGHT_CLICK_BLOCK;BogdanG;DIM:0;804;60;2346;|;80;6;234
16.06.15 0:32;RIGHT_CLICK_BLOCK;BogdanG;DIM:0;804;60;2347;|;80;6;234
16.06.15 0:32;RIGHT_CLICK_BLOCK;BogdanG;DIM:0;804;62;2346;|;80;6;234
16.06.15 0:32;RIGHT_CLICK_BLOCK;BogdanG;DIM:0;804;59;2348;|;80;5;234
16.06.15 0:32;RIGHT_CLICK_BLOCK;BogdanG;DIM:0;804;60;2348;|;80;6;234
16.06.15 0:32;RIGHT_CLICK_BLOCK;BogdanG;DIM:0;804;61;2348;|;80;6;234
16.06.15 0:32;RIGHT_CLICK_BLOCK;BogdanG;DIM:0;804;59;2349;|;80;5;234
16.06.15 0:32;RIGHT_CLICK_BLOCK;BogdanG;DIM:0;804;60;2349;|;80;6;234
16.06.15 0:32;RIGHT_CLICK_BLOCK;BogdanG;DIM:0;804;62;2348;|;80;6;234
16.06.15 0:32;RIGHT_CLICK_BLOCK;BogdanG;DIM:0;804;59;2350;|;80;5;235
16.06.15 0:32;RIGHT_CLICK_BLOCK;BogdanG;DIM:0;804;60;2350;|;80;6;235
16.06.15 0:32;RIGHT_CLICK_BLOCK;BogdanG;DIM:0;804;62;2349;|;80;6;234
16.06.15 0:32;RIGHT_CLICK_BLOCK;BogdanG;DIM:0;804;60;2350;|;80;6;235
16.06.15 0:32;RIGHT_CLICK_BLOCK;BogdanG;DIM:0;804;60;2351;|;80;6;235
16.06.15 0:32;RIGHT_CLICK_BLOCK;BogdanG;DIM:0;804;62;2350;|;80;6;235
16.06.15 0:32;RIGHT_CLICK_BLOCK;BogdanG;DIM:0;804;59;2352;|;80;5;235
16.06.15 0:32;RIGHT_CLICK_BLOCK;BogdanG;DIM:0;804;60;2352;|;80;6;235
16.06.15 0:32;RIGHT_CLICK_BLOCK;BogdanG;DIM:0;804;62;2351;|;80;6;235
16.06.15 0:32;RIGHT_CLICK_BLOCK;BogdanG;DIM:0;804;59;2353;|;80;5;235
16.06.15 0:32;RIGHT_CLICK_BLOCK;BogdanG;DIM:0;804;61;2352;|;80;6;235
16.06.15 0:32;RIGHT_CLICK_BLOCK;BogdanG;DIM:0;804;62;2352;|;80;6;235
16.06.15 0:32;RIGHT_CLICK_BLOCK;BogdanG;DIM:0;804;59;2354;|;80;5;235
16.06.15 0:32;RIGHT_CLICK_BLOCK;BogdanG;DIM:0;804;60;2354;|;80;6;235
16.06.15 0:32;RIGHT_CLICK_BLOCK;BogdanG;DIM:0;804;61;2354;|;80;6;235
16.06.15 0:32;RIGHT_CLICK_BLOCK;BogdanG;DIM:0;804;59;2355;|;80;5;235
16.06.15 0:32;RIGHT_CLICK_BLOCK;BogdanG;DIM:0;804;60;2355;|;80;6;235
16.06.15 0:32;RIGHT_CLICK_BLOCK;BogdanG;DIM:0;804;61;2355;|;80;6;235
16.06.15 0:32;RIGHT_CLICK_BLOCK;BogdanG;DIM:0;804;59;2356;|;80;5;235
16.06.15 0:32;LEFT_CLICK_BLOCK;BogdanG;DIM:0;804;59;2356;|;80;5;235
16.06.15 0:32;RIGHT_CLICK_BLOCK;BogdanG;DIM:0;804;58;2356;|;80;5;235
16.06.15 0:32;RIGHT_CLICK_BLOCK;BogdanG;DIM:0;804;58;2357;|;80;5;235
16.06.15 0:32;RIGHT_CLICK_BLOCK;BogdanG;DIM:0;804;58;2358;|;80;5;235
16.06.15 0:32;RIGHT_CLICK_BLOCK;BogdanG;DIM:0;804;58;2359;|;80;5;235
16.06.15 0:32;RIGHT_CLICK_BLOCK;BogdanG;DIM:0;804;58;2360;|;80;5;236
16.06.15 0:32;RIGHT_CLICK_BLOCK;BogdanG;DIM:0;804;58;2361;|;80;5;236
16.06.15 0:32;RIGHT_CLICK_BLOCK;BogdanG;DIM:0;804;58;2363;|;80;5;236
16.06.15 0:32;RIGHT_CLICK_BLOCK;BogdanG;DIM:0;804;58;2364;|;80;5;236
16.06.15 0:32;RIGHT_CLICK_BLOCK;BogdanG;DIM:0;804;58;2365;|;80;5;236
16.06.15 0:32;RIGHT_CLICK_BLOCK;BogdanG;DIM:0;804;58;2367;|;80;5;236
16.06.15 0:32;RIGHT_CLICK_BLOCK;BogdanG;DIM:0;804;58;2368;|;80;5;236
16.06.15 0:32;RIGHT_CLICK_BLOCK;BogdanG;DIM:0;804;58;2369;|;80;5;236
16.06.15 0:32;RIGHT_CLICK_BLOCK;BogdanG;DIM:0;804;58;2370;|;80;5;237
16.06.15 0:32;RIGHT_CLICK_BLOCK;BogdanG;DIM:0;804;58;2371;|;80;5;237
16.06.15 0:32;RIGHT_CLICK_BLOCK;BogdanG;DIM:0;804;58;2373;|;80;5;237
16.06.15 0:32;RIGHT_CLICK_BLOCK;BogdanG;DIM:0;804;58;2375;|;80;5;237
16.06.15 0:32;RIGHT_CLICK_BLOCK;BogdanG;DIM:0;804;58;2376;|;80;5;237
16.06.15 0:32;RIGHT_CLICK_BLOCK;BogdanG;DIM:0;804;58;2377;|;80;5;237
16.06.15 0:32;RIGHT_CLICK_BLOCK;BogdanG;DIM:0;804;58;2378;|;80;5;237
16.06.15 0:32;RIGHT_CLICK_BLOCK;BogdanG;DIM:0;804;58;2379;|;80;5;237
16.06.15 0:32;RIGHT_CLICK_BLOCK;BogdanG;DIM:0;804;58;2381;|;80;5;238
16.06.15 0:32;RIGHT_CLICK_BLOCK;BogdanG;DIM:0;804;58;2382;|;80;5;238
16.06.15 0:32;RIGHT_CLICK_BLOCK;BogdanG;DIM:0;804;58;2384;|;80;5;238
16.06.15 0:32;RIGHT_CLICK_BLOCK;BogdanG;DIM:0;804;58;2386;|;80;5;238
16.06.15 0:32;RIGHT_CLICK_BLOCK;BogdanG;DIM:0;804;58;2388;|;80;5;238
16.06.15 0:32;RIGHT_CLICK_BLOCK;BogdanG;DIM:0;820;58;2376;|;82;5;237
16.06.15 0:32;RIGHT_CLICK_BLOCK;BogdanG;DIM:0;817;57;2371;|;81;5;237
16.06.15 0:32;RIGHT_CLICK_BLOCK;BogdanG;DIM:0;819;57;2372;|;81;5;237
16.06.15 0:32;RIGHT_CLICK_BLOCK;BogdanG;DIM:0;818;57;2371;|;81;5;237
16.06.15 0:32;RIGHT_CLICK_BLOCK;BogdanG;DIM:0;817;57;2370;|;81;5;237
16.06.15 0:32;RIGHT_CLICK_BLOCK;BogdanG;DIM:0;804;58;2372;|;80;5;237
16.06.15 0:32;RIGHT_CLICK_BLOCK;BogdanG;DIM:0;809;58;2363;|;80;5;236
16.06.15 0:32;RIGHT_CLICK_BLOCK;BogdanG;DIM:0;810;58;2363;|;81;5;236
16.06.15 0:32;RIGHT_CLICK_BLOCK;BogdanG;DIM:0;811;58;2362;|;81;5;236
16.06.15 0:32;RIGHT_CLICK_BLOCK;BogdanG;DIM:0;813;60;2357;|;81;6;235
16.06.15 0:32;RIGHT_CLICK_BLOCK;BogdanG;DIM:0;812;58;2355;|;81;5;235
16.06.15 0:32;RIGHT_CLICK_BLOCK;BogdanG;DIM:0;812;58;2354;|;81;5;235
16.06.15 0:32;RIGHT_CLICK_BLOCK;BogdanG;DIM:0;811;58;2354;|;81;5;235
16.06.15 0:32;RIGHT_CLICK_BLOCK;BogdanG;DIM:0;811;58;2353;|;81;5;235
16.06.15 0:32;RIGHT_CLICK_BLOCK;BogdanG;DIM:0;809;58;2351;|;80;5;235
16.06.15 0:32;RIGHT_CLICK_BLOCK;BogdanG;DIM:0;808;59;2351;|;80;5;235
16.06.15 0:32;RIGHT_CLICK_BLOCK;BogdanG;DIM:0;807;59;2351;|;80;5;235
16.06.15 0:33;RIGHT_CLICK_BLOCK;BogdanG;DIM:0;804;59;2340;|;80;5;234
16.06.15 0:33;RIGHT_CLICK_BLOCK;BogdanG;DIM:0;804;59;2339;|;80;5;233
16.06.15 0:33;RIGHT_CLICK_BLOCK;BogdanG;DIM:0;804;60;2342;|;80;6;234
16.06.15 0:33;RIGHT_CLICK_BLOCK;BogdanG;DIM:0;804;60;2343;|;80;6;234
16.06.15 0:33;RIGHT_CLICK_BLOCK;BogdanG;DIM:0;804;60;2344;|;80;6;234
16.06.15 0:33;RIGHT_CLICK_BLOCK;BogdanG;DIM:0;804;60;2345;|;80;6;234
16.06.15 0:33;RIGHT_CLICK_BLOCK;BogdanG;DIM:0;804;60;2347;|;80;6;234
16.06.15 0:33;RIGHT_CLICK_BLOCK;BogdanG;DIM:0;804;60;2349;|;80;6;234
16.06.15 0:33;RIGHT_CLICK_BLOCK;BogdanG;DIM:0;804;60;2350;|;80;6;235
16.06.15 0:33;RIGHT_CLICK_BLOCK;BogdanG;DIM:0;804;61;2350;|;80;6;235
16.06.15 0:33;RIGHT_CLICK_BLOCK;BogdanG;DIM:0;804;61;2351;|;80;6;235
16.06.15 0:33;RIGHT_CLICK_BLOCK;BogdanG;DIM:0;804;61;2352;|;80;6;235
16.06.15 0:33;RIGHT_CLICK_BLOCK;BogdanG;DIM:0;804;62;2353;|;80;6;235
16.06.15 0:33;RIGHT_CLICK_BLOCK;BogdanG;DIM:0;804;61;2355;|;80;6;235
16.06.15 0:33;RIGHT_CLICK_BLOCK;BogdanG;DIM:0;804;62;2355;|;80;6;235
16.06.15 0:33;RIGHT_CLICK_BLOCK;BogdanG;DIM:0;805;62;2355;|;80;6;235
16.06.15 0:33;RIGHT_CLICK_BLOCK;BogdanG;DIM:0;804;60;2356;|;80;6;235
16.06.15 0:33;RIGHT_CLICK_BLOCK;BogdanG;DIM:0;804;61;2356;|;80;6;235
16.06.15 0:33;RIGHT_CLICK_BLOCK;BogdanG;DIM:0;805;62;2356;|;80;6;235
16.06.15 0:33;RIGHT_CLICK_BLOCK;BogdanG;DIM:0;804;61;2357;|;80;6;235
16.06.15 0:33;RIGHT_CLICK_BLOCK;BogdanG;DIM:0;805;62;2357;|;80;6;235
16.06.15 0:33;RIGHT_CLICK_BLOCK;BogdanG;DIM:0;804;61;2358;|;80;6;235
16.06.15 0:33;RIGHT_CLICK_BLOCK;BogdanG;DIM:0;805;62;2358;|;80;6;235
16.06.15 0:33;RIGHT_CLICK_BLOCK;BogdanG;DIM:0;805;62;2359;|;80;6;235
16.06.15 0:33;RIGHT_CLICK_BLOCK;BogdanG;DIM:0;805;62;2360;|;80;6;236
16.06.15 0:33;RIGHT_CLICK_BLOCK;BogdanG;DIM:0;805;62;2361;|;80;6;236
16.06.15 0:33;RIGHT_CLICK_BLOCK;BogdanG;DIM:0;805;62;2362;|;80;6;236
16.06.15 0:33;RIGHT_CLICK_BLOCK;BogdanG;DIM:0;805;62;2363;|;80;6;236
16.06.15 0:33;RIGHT_CLICK_BLOCK;BogdanG;DIM:0;805;62;2364;|;80;6;236
16.06.15 0:33;RIGHT_CLICK_BLOCK;BogdanG;DIM:0;805;62;2365;|;80;6;236
16.06.15 0:33;RIGHT_CLICK_BLOCK;BogdanG;DIM:0;805;62;2366;|;80;6;236
16.06.15 0:33;RIGHT_CLICK_BLOCK;BogdanG;DIM:0;805;62;2367;|;80;6;236
16.06.15 0:33;RIGHT_CLICK_BLOCK;BogdanG;DIM:0;805;62;2368;|;80;6;236
16.06.15 0:33;RIGHT_CLICK_BLOCK;BogdanG;DIM:0;805;62;2369;|;80;6;236
16.06.15 0:33;RIGHT_CLICK_BLOCK;BogdanG;DIM:0;805;62;2370;|;80;6;237
16.06.15 0:33;RIGHT_CLICK_BLOCK;BogdanG;DIM:0;805;62;2371;|;80;6;237
16.06.15 0:33;RIGHT_CLICK_BLOCK;BogdanG;DIM:0;805;62;2372;|;80;6;237
16.06.15 0:33;RIGHT_CLICK_BLOCK;BogdanG;DIM:0;805;62;2373;|;80;6;237
16.06.15 0:33;RIGHT_CLICK_BLOCK;BogdanG;DIM:0;805;62;2374;|;80;6;237
16.06.15 0:33;RIGHT_CLICK_BLOCK;BogdanG;DIM:0;805;62;2375;|;80;6;237
16.06.15 0:33;RIGHT_CLICK_BLOCK;BogdanG;DIM:0;805;62;2376;|;80;6;237
16.06.15 0:33;RIGHT_CLICK_BLOCK;BogdanG;DIM:0;805;62;2377;|;80;6;237
16.06.15 0:33;RIGHT_CLICK_BLOCK;BogdanG;DIM:0;805;62;2378;|;80;6;237
16.06.15 0:33;RIGHT_CLICK_BLOCK;BogdanG;DIM:0;805;62;2379;|;80;6;237
16.06.15 0:33;RIGHT_CLICK_BLOCK;BogdanG;DIM:0;805;62;2380;|;80;6;238
16.06.15 0:33;RIGHT_CLICK_BLOCK;BogdanG;DIM:0;805;62;2381;|;80;6;238
16.06.15 0:33;RIGHT_CLICK_BLOCK;BogdanG;DIM:0;805;62;2382;|;80;6;238
16.06.15 0:33;RIGHT_CLICK_BLOCK;BogdanG;DIM:0;805;62;2383;|;80;6;238
16.06.15 0:33;RIGHT_CLICK_BLOCK;BogdanG;DIM:0;805;62;2384;|;80;6;238
16.06.15 0:33;RIGHT_CLICK_BLOCK;BogdanG;DIM:0;805;62;2385;|;80;6;238
16.06.15 0:33;RIGHT_CLICK_BLOCK;BogdanG;DIM:0;805;62;2386;|;80;6;238
16.06.15 0:33;RIGHT_CLICK_BLOCK;BogdanG;DIM:0;805;62;2387;|;80;6;238
16.06.15 0:33;RIGHT_CLICK_BLOCK;BogdanG;DIM:0;805;62;2388;|;80;6;238
16.06.15 0:33;RIGHT_CLICK_BLOCK;BogdanG;DIM:0;805;62;2389;|;80;6;238
16.06.15 0:33;RIGHT_CLICK_BLOCK;BogdanG;DIM:0;805;62;2390;|;80;6;239
16.06.15 0:33;RIGHT_CLICK_BLOCK;BogdanG;DIM:0;805;62;2391;|;80;6;239
16.06.15 0:33;RIGHT_CLICK_BLOCK;BogdanG;DIM:0;805;62;2392;|;80;6;239
16.06.15 0:33;RIGHT_CLICK_BLOCK;BogdanG;DIM:0;805;62;2393;|;80;6;239
16.06.15 0:33;RIGHT_CLICK_BLOCK;BogdanG;DIM:0;805;62;2394;|;80;6;239
16.06.15 0:33;RIGHT_CLICK_BLOCK;BogdanG;DIM:0;805;63;2394;|;80;6;239
16.06.15 0:33;RIGHT_CLICK_BLOCK;BogdanG;DIM:0;805;63;2395;|;80;6;239
16.06.15 0:33;RIGHT_CLICK_BLOCK;BogdanG;DIM:0;805;62;2395;|;80;6;239
16.06.15 0:33;RIGHT_CLICK_BLOCK;BogdanG;DIM:0;805;62;2396;|;80;6;239
16.06.15 0:33;RIGHT_CLICK_BLOCK;BogdanG;DIM:0;805;62;2397;|;80;6;239
16.06.15 0:33;RIGHT_CLICK_BLOCK;BogdanG;DIM:0;805;62;2398;|;80;6;239
16.06.15 0:33;RIGHT_CLICK_BLOCK;BogdanG;DIM:0;805;62;2399;|;80;6;239
16.06.15 0:33;RIGHT_CLICK_BLOCK;BogdanG;DIM:0;805;62;2400;|;80;6;240
16.06.15 0:33;RIGHT_CLICK_BLOCK;BogdanG;DIM:0;805;62;2401;|;80;6;240
16.06.15 0:33;RIGHT_CLICK_BLOCK;BogdanG;DIM:0;805;62;2402;|;80;6;240
16.06.15 0:33;RIGHT_CLICK_BLOCK;BogdanG;DIM:0;805;62;2403;|;80;6;240
16.06.15 0:33;RIGHT_CLICK_BLOCK;BogdanG;DIM:0;805;62;2404;|;80;6;240
16.06.15 0:33;RIGHT_CLICK_BLOCK;BogdanG;DIM:0;805;62;2405;|;80;6;240
16.06.15 0:33;RIGHT_CLICK_BLOCK;BogdanG;DIM:0;805;62;2406;|;80;6;240
16.06.15 0:33;RIGHT_CLICK_BLOCK;BogdanG;DIM:0;805;62;2407;|;80;6;240
16.06.15 0:33;RIGHT_CLICK_BLOCK;BogdanG;DIM:0;804;61;2407;|;80;6;240
16.06.15 0:33;RIGHT_CLICK_BLOCK;BogdanG;DIM:0;804;61;2406;|;80;6;240
16.06.15 0:33;RIGHT_CLICK_BLOCK;BogdanG;DIM:0;804;61;2405;|;80;6;240
16.06.15 0:33;RIGHT_CLICK_BLOCK;BogdanG;DIM:0;804;61;2404;|;80;6;240
16.06.15 0:33;RIGHT_CLICK_BLOCK;BogdanG;DIM:0;804;61;2403;|;80;6;240
16.06.15 0:33;RIGHT_CLICK_BLOCK;BogdanG;DIM:0;804;61;2402;|;80;6;240
16.06.15 0:33;RIGHT_CLICK_BLOCK;BogdanG;DIM:0;804;61;2401;|;80;6;240
16.06.15 0:33;RIGHT_CLICK_BLOCK;BogdanG;DIM:0;804;61;2400;|;80;6;240
16.06.15 0:33;RIGHT_CLICK_BLOCK;BogdanG;DIM:0;804;61;2399;|;80;6;239
16.06.15 0:33;RIGHT_CLICK_BLOCK;BogdanG;DIM:0;804;61;2398;|;80;6;239
16.06.15 0:33;RIGHT_CLICK_BLOCK;BogdanG;DIM:0;804;61;2397;|;80;6;239
16.06.15 0:33;RIGHT_CLICK_BLOCK;BogdanG;DIM:0;804;61;2396;|;80;6;239
16.06.15 0:33;RIGHT_CLICK_BLOCK;BogdanG;DIM:0;804;61;2395;|;80;6;239
16.06.15 0:33;RIGHT_CLICK_BLOCK;BogdanG;DIM:0;804;61;2394;|;80;6;239
16.06.15 0:33;RIGHT_CLICK_BLOCK;BogdanG;DIM:0;804;61;2393;|;80;6;239
16.06.15 0:33;RIGHT_CLICK_BLOCK;BogdanG;DIM:0;804;61;2392;|;80;6;239
16.06.15 0:33;RIGHT_CLICK_BLOCK;BogdanG;DIM:0;804;61;2391;|;80;6;239
16.06.15 0:33;RIGHT_CLICK_BLOCK;BogdanG;DIM:0;804;59;2388;|;80;5;238
16.06.15 0:33;RIGHT_CLICK_BLOCK;BogdanG;DIM:0;804;61;2390;|;80;6;239
16.06.15 0:33;RIGHT_CLICK_BLOCK;BogdanG;DIM:0;804;61;2389;|;80;6;238
16.06.15 0:33;RIGHT_CLICK_BLOCK;BogdanG;DIM:0;804;61;2388;|;80;6;238
16.06.15 0:33;LEFT_CLICK_BLOCK;BogdanG;DIM:0;805;61;2388;|;80;6;238
16.06.15 0:33;RIGHT_CLICK_BLOCK;BogdanG;DIM:0;804;61;2388;|;80;6;238
16.06.15 0:33;RIGHT_CLICK_BLOCK;BogdanG;DIM:0;804;61;2387;|;80;6;238
16.06.15 0:33;RIGHT_CLICK_BLOCK;BogdanG;DIM:0;804;61;2386;|;80;6;238
16.06.15 0:33;RIGHT_CLICK_BLOCK;BogdanG;DIM:0;804;61;2385;|;80;6;238
16.06.15 0:33;RIGHT_CLICK_BLOCK;BogdanG;DIM:0;804;61;2384;|;80;6;238
16.06.15 0:33;RIGHT_CLICK_BLOCK;BogdanG;DIM:0;804;61;2383;|;80;6;238
16.06.15 0:33;RIGHT_CLICK_BLOCK;BogdanG;DIM:0;804;61;2382;|;80;6;238
16.06.15 0:33;RIGHT_CLICK_BLOCK;BogdanG;DIM:0;803;61;2382;|;80;6;238
16.06.15 0:33;RIGHT_CLICK_BLOCK;BogdanG;DIM:0;803;61;2381;|;80;6;238
16.06.15 0:33;RIGHT_CLICK_BLOCK;BogdanG;DIM:0;803;62;2381;|;80;6;238
16.06.15 0:33;RIGHT_CLICK_BLOCK;BogdanG;DIM:0;803;61;2381;|;80;6;238
16.06.15 0:34;RIGHT_CLICK_BLOCK;BogdanG;DIM:0;804;61;2382;|;80;6;238
16.06.15 0:34;RIGHT_CLICK_BLOCK;BogdanG;DIM:0;804;61;2381;|;80;6;238
16.06.15 0:34;RIGHT_CLICK_BLOCK;BogdanG;DIM:0;804;61;2380;|;80;6;238
16.06.15 0:34;RIGHT_CLICK_BLOCK;BogdanG;DIM:0;804;61;2379;|;80;6;237
16.06.15 0:34;RIGHT_CLICK_BLOCK;BogdanG;DIM:0;804;62;2379;|;80;6;237
16.06.15 0:34;RIGHT_CLICK_BLOCK;BogdanG;DIM:0;804;61;2379;|;80;6;237
16.06.15 0:34;RIGHT_CLICK_BLOCK;BogdanG;DIM:0;804;61;2378;|;80;6;237
16.06.15 0:34;RIGHT_CLICK_BLOCK;BogdanG;DIM:0;804;61;2377;|;80;6;237
16.06.15 0:34;RIGHT_CLICK_BLOCK;BogdanG;DIM:0;804;59;2378;|;80;5;237
16.06.15 0:34;RIGHT_CLICK_BLOCK;BogdanG;DIM:0;804;60;2378;|;80;6;237
16.06.15 0:34;RIGHT_CLICK_BLOCK;BogdanG;DIM:0;804;60;2377;|;80;6;237
16.06.15 0:34;RIGHT_CLICK_BLOCK;BogdanG;DIM:0;805;60;2377;|;80;6;237
16.06.15 0:34;RIGHT_CLICK_BLOCK;BogdanG;DIM:0;804;59;2381;|;80;5;238
16.06.15 0:34;RIGHT_CLICK_BLOCK;BogdanG;DIM:0;804;59;2379;|;80;5;237
16.06.15 0:34;RIGHT_CLICK_BLOCK;BogdanG;DIM:0;804;60;2379;|;80;6;237
16.06.15 0:34;RIGHT_CLICK_BLOCK;BogdanG;DIM:0;804;60;2380;|;80;6;238
16.06.15 0:34;RIGHT_CLICK_BLOCK;BogdanG;DIM:0;805;60;2380;|;80;6;238
16.06.15 0:34;RIGHT_CLICK_BLOCK;BogdanG;DIM:0;806;60;2380;|;80;6;238
16.06.15 0:34;RIGHT_CLICK_BLOCK;BogdanG;DIM:0;804;60;2354;|;80;6;235
16.06.15 0:34;RIGHT_CLICK_BLOCK;BogdanG;DIM:0;804;60;2352;|;80;6;235
16.06.15 0:34;RIGHT_CLICK_BLOCK;BogdanG;DIM:0;804;60;2351;|;80;6;235
16.06.15 0:34;RIGHT_CLICK_BLOCK;BogdanG;DIM:0;804;60;2350;|;80;6;235
16.06.15 0:34;RIGHT_CLICK_BLOCK;BogdanG;DIM:0;804;60;2349;|;80;6;234
16.06.15 0:34;RIGHT_CLICK_BLOCK;BogdanG;DIM:0;804;60;2352;|;80;6;235
16.06.15 0:34;RIGHT_CLICK_BLOCK;BogdanG;DIM:0;804;60;2356;|;80;6;235
16.06.15 0:34;LEFT_CLICK_BLOCK;BogdanG;DIM:0;806;60;2380;|;80;6;238
16.06.15 0:34;LEFT_CLICK_BLOCK;BogdanG;DIM:0;806;60;2381;|;80;6;238
16.06.15 0:34;RIGHT_CLICK_BLOCK;BogdanG;DIM:0;804;59;2386;|;80;5;238
16.06.15 0:34;RIGHT_CLICK_BLOCK;BogdanG;DIM:0;805;59;2386;|;80;5;238
16.06.15 0:34;RIGHT_CLICK_BLOCK;BogdanG;DIM:0;805;60;2386;|;80;6;238
16.06.15 0:34;RIGHT_CLICK_BLOCK;BogdanG;DIM:0;806;60;2386;|;80;6;238
16.06.15 0:34;RIGHT_CLICK_BLOCK;BogdanG;DIM:0;805;60;2386;|;80;6;238
16.06.15 0:34;RIGHT_CLICK_BLOCK;BogdanG;DIM:0;805;60;2385;|;80;6;238
16.06.15 0:34;RIGHT_CLICK_BLOCK;BogdanG;DIM:0;804;59;2384;|;80;5;238
16.06.15 0:34;RIGHT_CLICK_BLOCK;BogdanG;DIM:0;804;60;2384;|;80;6;238
16.06.15 0:34;RIGHT_CLICK_BLOCK;BogdanG;DIM:0;804;60;2383;|;80;6;238
16.06.15 0:34;RIGHT_CLICK_BLOCK;BogdanG;DIM:0;805;60;2383;|;80;6;238
16.06.15 0:34;RIGHT_CLICK_BLOCK;BogdanG;DIM:0;804;58;2387;|;80;5;238
16.06.15 0:34;RIGHT_CLICK_BLOCK;BogdanG;DIM:0;804;59;2387;|;80;5;238
16.06.15 0:34;RIGHT_CLICK_BLOCK;BogdanG;DIM:0;804;59;2388;|;80;5;238
16.06.15 0:34;RIGHT_CLICK_BLOCK;BogdanG;DIM:0;803;58;2389;|;80;5;238
16.06.15 0:34;RIGHT_CLICK_BLOCK;BogdanG;DIM:0;803;57;2391;|;80;5;239
16.06.15 0:34;RIGHT_CLICK_BLOCK;BogdanG;DIM:0;803;57;2392;|;80;5;239
16.06.15 0:34;RIGHT_CLICK_BLOCK;BogdanG;DIM:0;803;58;2392;|;80;5;239
16.06.15 0:34;RIGHT_CLICK_BLOCK;BogdanG;DIM:0;803;58;2391;|;80;5;239
16.06.15 0:34;RIGHT_CLICK_BLOCK;BogdanG;DIM:0;803;59;2389;|;80;5;238
16.06.15 0:34;RIGHT_CLICK_BLOCK;BogdanG;DIM:0;804;59;2389;|;80;5;238
16.06.15 0:34;RIGHT_CLICK_BLOCK;BogdanG;DIM:0;804;59;2390;|;80;5;239
16.06.15 0:34;RIGHT_CLICK_BLOCK;BogdanG;DIM:0;804;59;2391;|;80;5;239
16.06.15 0:34;RIGHT_CLICK_BLOCK;BogdanG;DIM:0;803;58;2392;|;80;5;239
16.06.15 0:34;RIGHT_CLICK_BLOCK;BogdanG;DIM:0;804;58;2392;|;80;5;239
16.06.15 0:34;RIGHT_CLICK_BLOCK;BogdanG;DIM:0;804;60;2391;|;80;6;239
16.06.15 0:34;RIGHT_CLICK_BLOCK;BogdanG;DIM:0;805;60;2391;|;80;6;239
16.06.15 0:34;RIGHT_CLICK_BLOCK;BogdanG;DIM:0;804;59;2390;|;80;5;239
16.06.15 0:34;RIGHT_CLICK_BLOCK;BogdanG;DIM:0;804;59;2389;|;80;5;238
16.06.15 0:34;RIGHT_CLICK_BLOCK;BogdanG;DIM:0;804;60;2389;|;80;6;238
16.06.15 0:34;RIGHT_CLICK_BLOCK;BogdanG;DIM:0;804;59;2390;|;80;5;239
16.06.15 0:34;RIGHT_CLICK_BLOCK;BogdanG;DIM:0;805;59;2390;|;80;5;239
16.06.15 0:34;RIGHT_CLICK_BLOCK;BogdanG;DIM:0;805;60;2391;|;80;6;239
16.06.15 0:34;RIGHT_CLICK_BLOCK;BogdanG;DIM:0;804;59;2392;|;80;5;239
16.06.15 0:34;RIGHT_CLICK_BLOCK;BogdanG;DIM:0;805;59;2392;|;80;5;239
16.06.15 0:34;RIGHT_CLICK_BLOCK;BogdanG;DIM:0;805;59;2393;|;80;5;239
16.06.15 0:34;RIGHT_CLICK_BLOCK;BogdanG;DIM:0;805;60;2393;|;80;6;239
16.06.15 0:34;RIGHT_CLICK_BLOCK;BogdanG;DIM:0;805;60;2394;|;80;6;239
16.06.15 0:34;RIGHT_CLICK_BLOCK;BogdanG;DIM:0;805;60;2395;|;80;6;239
16.06.15 0:34;RIGHT_CLICK_BLOCK;BogdanG;DIM:0;805;60;2396;|;80;6;239
16.06.15 0:34;RIGHT_CLICK_BLOCK;BogdanG;DIM:0;805;60;2397;|;80;6;239
16.06.15 0:34;RIGHT_CLICK_BLOCK;BogdanG;DIM:0;805;60;2398;|;80;6;239
16.06.15 0:34;RIGHT_CLICK_BLOCK;BogdanG;DIM:0;805;60;2399;|;80;6;239
16.06.15 0:34;RIGHT_CLICK_BLOCK;BogdanG;DIM:0;805;60;2400;|;80;6;240
16.06.15 0:34;RIGHT_CLICK_BLOCK;BogdanG;DIM:0;805;60;2401;|;80;6;240
16.06.15 0:34;RIGHT_CLICK_BLOCK;BogdanG;DIM:0;805;60;2402;|;80;6;240
16.06.15 0:34;RIGHT_CLICK_BLOCK;BogdanG;DIM:0;805;60;2403;|;80;6;240
16.06.15 0:34;RIGHT_CLICK_BLOCK;BogdanG;DIM:0;805;60;2404;|;80;6;240
16.06.15 0:34;RIGHT_CLICK_BLOCK;BogdanG;DIM:0;805;60;2405;|;80;6;240
16.06.15 0:34;RIGHT_CLICK_BLOCK;BogdanG;DIM:0;805;60;2406;|;80;6;240
16.06.15 0:34;RIGHT_CLICK_BLOCK;BogdanG;DIM:0;805;61;2406;|;80;6;240
16.06.15 0:34;RIGHT_CLICK_BLOCK;BogdanG;DIM:0;804;59;2387;|;80;5;238
16.06.15 0:34;RIGHT_CLICK_BLOCK;BogdanG;DIM:0;804;60;2387;|;80;6;238
16.06.15 0:34;RIGHT_CLICK_BLOCK;BogdanG;DIM:0;806;58;2384;|;80;5;238
16.06.15 0:34;RIGHT_CLICK_BLOCK;BogdanG;DIM:0;806;59;2384;|;80;5;238
16.06.15 0:34;RIGHT_CLICK_BLOCK;BogdanG;DIM:0;805;60;2385;|;80;6;238
16.06.15 0:34;RIGHT_CLICK_BLOCK;BogdanG;DIM:0;806;60;2385;|;80;6;238
16.06.15 0:34;RIGHT_CLICK_BLOCK;BogdanG;DIM:0;804;59;2384;|;80;5;238
16.06.15 0:34;LEFT_CLICK_BLOCK;BogdanG;DIM:0;807;60;2385;|;80;6;238
16.06.15 0:34;LEFT_CLICK_BLOCK;BogdanG;DIM:0;807;59;2384;|;80;5;238
16.06.15 0:34;RIGHT_CLICK_BLOCK;BogdanG;DIM:0;806;58;2385;|;80;5;238
16.06.15 0:34;RIGHT_CLICK_BLOCK;BogdanG;DIM:0;804;57;2390;|;80;5;239
16.06.15 0:34;RIGHT_CLICK_BLOCK;BogdanG;DIM:0;804;56;2393;|;80;5;239
16.06.15 0:34;RIGHT_CLICK_BLOCK;BogdanG;DIM:0;804;56;2394;|;80;5;239
16.06.15 0:34;LEFT_CLICK_BLOCK;BogdanG;DIM:0;805;56;2394;|;80;5;239
16.06.15 0:34;RIGHT_CLICK_BLOCK;BogdanG;DIM:0;804;55;2395;|;80;5;239
16.06.15 0:34;RIGHT_CLICK_BLOCK;BogdanG;DIM:0;804;56;2395;|;80;5;239
16.06.15 0:34;RIGHT_CLICK_BLOCK;BogdanG;DIM:0;804;55;2396;|;80;5;239
16.06.15 0:34;RIGHT_CLICK_BLOCK;BogdanG;DIM:0;804;56;2396;|;80;5;239
16.06.15 0:35;RIGHT_CLICK_BLOCK;BogdanG;DIM:0;804;55;2397;|;80;5;239
16.06.15 0:35;RIGHT_CLICK_BLOCK;BogdanG;DIM:0;804;56;2397;|;80;5;239
16.06.15 0:35;RIGHT_CLICK_BLOCK;BogdanG;DIM:0;804;54;2398;|;80;5;239
16.06.15 0:35;RIGHT_CLICK_BLOCK;BogdanG;DIM:0;804;55;2398;|;80;5;239
16.06.15 0:35;RIGHT_CLICK_BLOCK;BogdanG;DIM:0;804;56;2398;|;80;5;239
16.06.15 0:35;RIGHT_CLICK_BLOCK;BogdanG;DIM:0;804;54;2399;|;80;5;239
16.06.15 0:35;RIGHT_CLICK_BLOCK;BogdanG;DIM:0;804;55;2399;|;80;5;239
16.06.15 0:35;RIGHT_CLICK_BLOCK;BogdanG;DIM:0;804;56;2399;|;80;5;239
16.06.15 0:35;RIGHT_CLICK_BLOCK;BogdanG;DIM:0;804;54;2400;|;80;5;240
16.06.15 0:35;RIGHT_CLICK_BLOCK;BogdanG;DIM:0;804;55;2400;|;80;5;240
16.06.15 0:35;RIGHT_CLICK_BLOCK;BogdanG;DIM:0;804;56;2400;|;80;5;240
16.06.15 0:35;RIGHT_CLICK_BLOCK;BogdanG;DIM:0;804;54;2401;|;80;5;240
16.06.15 0:35;RIGHT_CLICK_BLOCK;BogdanG;DIM:0;804;55;2401;|;80;5;240
16.06.15 0:35;RIGHT_CLICK_BLOCK;BogdanG;DIM:0;804;56;2401;|;80;5;240
16.06.15 0:35;RIGHT_CLICK_BLOCK;BogdanG;DIM:0;804;57;2393;|;80;5;239
16.06.15 0:35;RIGHT_CLICK_BLOCK;BogdanG;DIM:0;804;58;2393;|;80;5;239
16.06.15 0:35;RIGHT_CLICK_BLOCK;BogdanG;DIM:0;804;57;2395;|;80;5;239
16.06.15 0:35;RIGHT_CLICK_BLOCK;BogdanG;DIM:0;804;57;2396;|;80;5;239
16.06.15 0:35;RIGHT_CLICK_BLOCK;BogdanG;DIM:0;804;57;2397;|;80;5;239
16.06.15 0:35;RIGHT_CLICK_BLOCK;BogdanG;DIM:0;804;58;2397;|;80;5;239
16.06.15 0:35;RIGHT_CLICK_BLOCK;BogdanG;DIM:0;804;57;2398;|;80;5;239
16.06.15 0:35;RIGHT_CLICK_BLOCK;BogdanG;DIM:0;804;57;2399;|;80;5;239
16.06.15 0:35;RIGHT_CLICK_BLOCK;BogdanG;DIM:0;804;57;2400;|;80;5;240
16.06.15 0:35;RIGHT_CLICK_BLOCK;BogdanG;DIM:0;804;56;2401;|;80;5;240
16.06.15 0:35;RIGHT_CLICK_BLOCK;BogdanG;DIM:0;805;56;2401;|;80;5;240
16.06.15 0:35;RIGHT_CLICK_BLOCK;BogdanG;DIM:0;803;54;2403;|;80;5;240
16.06.15 0:35;RIGHT_CLICK_BLOCK;BogdanG;DIM:0;804;55;2404;|;80;5;240
16.06.15 0:35;RIGHT_CLICK_BLOCK;BogdanG;DIM:0;804;56;2404;|;80;5;240
16.06.15 0:35;RIGHT_CLICK_BLOCK;BogdanG;DIM:0;803;54;2402;|;80;5;240
16.06.15 0:35;RIGHT_CLICK_BLOCK;BogdanG;DIM:0;804;55;2401;|;80;5;240
16.06.15 0:35;RIGHT_CLICK_BLOCK;BogdanG;DIM:0;804;55;2402;|;80;5;240
16.06.15 0:35;RIGHT_CLICK_BLOCK;BogdanG;DIM:0;804;55;2403;|;80;5;240
16.06.15 0:35;RIGHT_CLICK_BLOCK;BogdanG;DIM:0;804;56;2403;|;80;5;240
16.06.15 0:35;RIGHT_CLICK_BLOCK;BogdanG;DIM:0;805;56;2403;|;80;5;240
16.06.15 0:35;RIGHT_CLICK_BLOCK;BogdanG;DIM:0;805;57;2403;|;80;5;240
16.06.15 0:35;RIGHT_CLICK_BLOCK;BogdanG;DIM:0;804;57;2406;|;80;5;240
16.06.15 0:35;RIGHT_CLICK_BLOCK;BogdanG;DIM:0;804;58;2406;|;80;5;240
16.06.15 0:35;RIGHT_CLICK_BLOCK;BogdanG;DIM:0;804;59;2406;|;80;5;240
16.06.15 0:35;RIGHT_CLICK_BLOCK;BogdanG;DIM:0;804;59;2405;|;80;5;240
16.06.15 0:35;RIGHT_CLICK_BLOCK;BogdanG;DIM:0;805;59;2405;|;80;5;240
16.06.15 0:35;RIGHT_CLICK_BLOCK;BogdanG;DIM:0;805;59;2404;|;80;5;240
16.06.15 0:35;RIGHT_CLICK_BLOCK;BogdanG;DIM:0;804;58;2399;|;80;5;239
16.06.15 0:35;RIGHT_CLICK_BLOCK;BogdanG;DIM:0;804;59;2399;|;80;5;239
16.06.15 0:35;RIGHT_CLICK_BLOCK;BogdanG;DIM:0;805;59;2399;|;80;5;239
16.06.15 0:35;LEFT_CLICK_BLOCK;BogdanG;DIM:0;806;59;2399;|;80;5;239
16.06.15 0:35;RIGHT_CLICK_BLOCK;BogdanG;DIM:0;803;59;2392;|;80;5;239
16.06.15 0:35;RIGHT_CLICK_BLOCK;BogdanG;DIM:0;803;59;2393;|;80;5;239
16.06.15 0:35;RIGHT_CLICK_BLOCK;BogdanG;DIM:0;804;59;2393;|;80;5;239
16.06.15 0:35;RIGHT_CLICK_BLOCK;BogdanG;DIM:0;804;59;2394;|;80;5;239
16.06.15 0:35;RIGHT_CLICK_BLOCK;BogdanG;DIM:0;804;59;2395;|;80;5;239
16.06.15 0:35;RIGHT_CLICK_BLOCK;BogdanG;DIM:0;804;59;2396;|;80;5;239
16.06.15 0:35;RIGHT_CLICK_BLOCK;BogdanG;DIM:0;805;59;2396;|;80;5;239
16.06.15 0:35;RIGHT_CLICK_BLOCK;BogdanG;DIM:0;805;59;2397;|;80;5;239
16.06.15 0:35;RIGHT_CLICK_BLOCK;BogdanG;DIM:0;805;59;2398;|;80;5;239
16.06.15 0:35;LEFT_CLICK_BLOCK;BogdanG;DIM:0;806;59;2398;|;80;5;239
16.06.15 0:35;RIGHT_CLICK_BLOCK;BogdanG;DIM:0;805;59;2400;|;80;5;240
16.06.15 0:35;RIGHT_CLICK_BLOCK;BogdanG;DIM:0;805;59;2401;|;80;5;240
16.06.15 0:35;RIGHT_CLICK_BLOCK;BogdanG;DIM:0;805;59;2402;|;80;5;240
16.06.15 0:35;RIGHT_CLICK_BLOCK;BogdanG;DIM:0;806;59;2402;|;80;5;240
16.06.15 0:35;LEFT_CLICK_BLOCK;BogdanG;DIM:0;806;59;2402;|;80;5;240
16.06.15 0:35;RIGHT_CLICK_BLOCK;BogdanG;DIM:0;804;58;2406;|;80;5;240
16.06.15 0:35;RIGHT_CLICK_BLOCK;BogdanG;DIM:0;804;58;2405;|;80;5;240
16.06.15 0:35;RIGHT_CLICK_BLOCK;BogdanG;DIM:0;805;58;2405;|;80;5;240
16.06.15 0:35;RIGHT_CLICK_BLOCK;BogdanG;DIM:0;805;57;2403;|;80;5;240
16.06.15 0:35;RIGHT_CLICK_BLOCK;BogdanG;DIM:0;805;57;2401;|;80;5;240
16.06.15 0:35;RIGHT_CLICK_BLOCK;BogdanG;DIM:0;804;56;2401;|;80;5;240
16.06.15 0:35;RIGHT_CLICK_BLOCK;BogdanG;DIM:0;804;56;2402;|;80;5;240
16.06.15 0:35;RIGHT_CLICK_BLOCK;BogdanG;DIM:0;805;56;2402;|;80;5;240
16.06.15 0:35;RIGHT_CLICK_BLOCK;BogdanG;DIM:0;806;56;2402;|;80;5;240
16.06.15 0:35;RIGHT_CLICK_BLOCK;BogdanG;DIM:0;805;57;2401;|;80;5;240
16.06.15 0:35;RIGHT_CLICK_BLOCK;BogdanG;DIM:0;805;58;2401;|;80;5;240
16.06.15 0:35;RIGHT_CLICK_BLOCK;BogdanG;DIM:0;806;58;2401;|;80;5;240
16.06.15 0:35;RIGHT_CLICK_BLOCK;BogdanG;DIM:0;807;58;2401;|;80;5;240
16.06.15 0:35;RIGHT_CLICK_BLOCK;BogdanG;DIM:0;800;62;2272;|;80;6;227
16.06.15 0:36;RIGHT_CLICK_BLOCK;BogdanG;DIM:0;803;59;2278;|;80;5;227
16.06.15 0:43;RIGHT_CLICK_BLOCK;BogdanG;DIM:0;1154;70;2491;|;115;7;249
16.06.15 0:43;RIGHT_CLICK_BLOCK;BogdanG;DIM:0;1154;71;2491;|;115;7;249
16.06.15 0:43;RIGHT_CLICK_BLOCK;BogdanG;DIM:0;1154;72;2491;|;115;7;249
16.06.15 0:43;RIGHT_CLICK_BLOCK;BogdanG;DIM:0;1154;73;2491;|;115;7;249
16.06.15 0:43;RIGHT_CLICK_BLOCK;BogdanG;DIM:0;1154;74;2491;|;115;7;249
16.06.15 0:43;RIGHT_CLICK_BLOCK;BogdanG;DIM:0;1154;75;2491;|;115;7;249
16.06.15 0:43;RIGHT_CLICK_BLOCK;BogdanG;DIM:0;1154;76;2491;|;115;7;249
16.06.15 0:43;RIGHT_CLICK_BLOCK;BogdanG;DIM:0;1154;77;2491;|;115;7;249
16.06.15 0:43;RIGHT_CLICK_BLOCK;BogdanG;DIM:0;1154;78;2491;|;115;7;249
16.06.15 0:43;RIGHT_CLICK_BLOCK;BogdanG;DIM:0;1154;79;2491;|;115;7;249
16.06.15 0:43;RIGHT_CLICK_BLOCK;BogdanG;DIM:0;1154;80;2491;|;115;8;249
16.06.15 0:43;RIGHT_CLICK_BLOCK;BogdanG;DIM:0;1154;81;2491;|;115;8;249
16.06.15 0:44;RIGHT_CLICK_BLOCK;BogdanG;DIM:0;1154;82;2491;|;115;8;249
16.06.15 0:44;RIGHT_CLICK_BLOCK;BogdanG;DIM:0;1154;83;2491;|;115;8;249
16.06.15 0:44;RIGHT_CLICK_BLOCK;BogdanG;DIM:0;1154;84;2491;|;115;8;249
16.06.15 0:44;RIGHT_CLICK_BLOCK;BogdanG;DIM:0;1154;85;2491;|;115;8;249
16.06.15 0:44;RIGHT_CLICK_BLOCK;BogdanG;DIM:0;1154;86;2491;|;115;8;249
16.06.15 0:44;RIGHT_CLICK_BLOCK;BogdanG;DIM:0;1154;87;2491;|;115;8;249
16.06.15 0:44;RIGHT_CLICK_BLOCK;BogdanG;DIM:0;1154;88;2491;|;115;8;249
16.06.15 0:44;RIGHT_CLICK_BLOCK;BogdanG;DIM:0;1154;89;2491;|;115;8;249
16.06.15 0:44;RIGHT_CLICK_BLOCK;BogdanG;DIM:0;1154;90;2491;|;115;9;249
16.06.15 0:44;RIGHT_CLICK_BLOCK;BogdanG;DIM:0;1154;91;2491;|;115;9;249
16.06.15 0:44;RIGHT_CLICK_BLOCK;BogdanG;DIM:0;1154;92;2491;|;115;9;249
16.06.15 0:44;RIGHT_CLICK_BLOCK;BogdanG;DIM:0;1154;93;2491;|;115;9;249
16.06.15 0:44;RIGHT_CLICK_BLOCK;BogdanG;DIM:0;1154;94;2491;|;115;9;249
16.06.15 0:44;RIGHT_CLICK_BLOCK;BogdanG;DIM:0;1154;95;2491;|;115;9;249
16.06.15 0:44;RIGHT_CLICK_BLOCK;BogdanG;DIM:0;1154;96;2491;|;115;9;249
16.06.15 0:44;RIGHT_CLICK_BLOCK;BogdanG;DIM:0;1154;97;2491;|;115;9;249
16.06.15 0:44;RIGHT_CLICK_BLOCK;BogdanG;DIM:0;1154;98;2491;|;115;9;249
16.06.15 0:44;RIGHT_CLICK_BLOCK;BogdanG;DIM:0;1154;99;2491;|;115;9;249
16.06.15 0:44;RIGHT_CLICK_BLOCK;BogdanG;DIM:0;1154;100;2491;|;115;10;249
16.06.15 0:44;RIGHT_CLICK_BLOCK;BogdanG;DIM:0;1154;101;2491;|;115;10;249
16.06.15 0:44;RIGHT_CLICK_BLOCK;BogdanG;DIM:0;1154;102;2491;|;115;10;249
16.06.15 0:44;RIGHT_CLICK_BLOCK;BogdanG;DIM:0;1154;103;2491;|;115;10;249
16.06.15 0:44;RIGHT_CLICK_BLOCK;BogdanG;DIM:0;1154;104;2491;|;115;10;249
16.06.15 0:44;RIGHT_CLICK_BLOCK;BogdanG;DIM:0;1154;105;2491;|;115;10;249
16.06.15 0:44;RIGHT_CLICK_BLOCK;BogdanG;DIM:0;1154;106;2491;|;115;10;249
16.06.15 0:44;RIGHT_CLICK_BLOCK;BogdanG;DIM:0;1154;107;2491;|;115;10;249
16.06.15 0:44;RIGHT_CLICK_BLOCK;BogdanG;DIM:0;1154;108;2491;|;115;10;249
16.06.15 0:44;RIGHT_CLICK_BLOCK;BogdanG;DIM:0;1154;109;2491;|;115;10;249
16.06.15 0:44;RIGHT_CLICK_BLOCK;BogdanG;DIM:0;1154;110;2491;|;115;11;249
16.06.15 0:44;RIGHT_CLICK_BLOCK;BogdanG;DIM:0;1154;111;2491;|;115;11;249
16.06.15 0:44;RIGHT_CLICK_BLOCK;BogdanG;DIM:0;1154;112;2491;|;115;11;249
16.06.15 0:44;RIGHT_CLICK_BLOCK;BogdanG;DIM:0;1154;113;2491;|;115;11;249
16.06.15 0:44;RIGHT_CLICK_BLOCK;BogdanG;DIM:0;1154;114;2491;|;115;11;249
16.06.15 0:44;RIGHT_CLICK_BLOCK;BogdanG;DIM:0;1154;115;2491;|;115;11;249
16.06.15 0:44;RIGHT_CLICK_BLOCK;BogdanG;DIM:0;1154;116;2491;|;115;11;249
16.06.15 0:44;RIGHT_CLICK_BLOCK;BogdanG;DIM:0;1154;117;2491;|;115;11;249
16.06.15 0:44;RIGHT_CLICK_BLOCK;BogdanG;DIM:0;1154;118;2491;|;115;11;249
16.06.15 0:44;RIGHT_CLICK_BLOCK;BogdanG;DIM:0;1154;119;2491;|;115;11;249
16.06.15 0:44;RIGHT_CLICK_BLOCK;BogdanG;DIM:0;1154;120;2491;|;115;12;249
16.06.15 0:44;RIGHT_CLICK_BLOCK;BogdanG;DIM:0;1154;121;2491;|;115;12;249
16.06.15 0:44;RIGHT_CLICK_BLOCK;BogdanG;DIM:0;1154;122;2491;|;115;12;249
16.06.15 0:44;RIGHT_CLICK_BLOCK;BogdanG;DIM:0;1154;123;2491;|;115;12;249
16.06.15 0:44;RIGHT_CLICK_BLOCK;BogdanG;DIM:0;1154;124;2491;|;115;12;249
16.06.15 0:44;RIGHT_CLICK_BLOCK;BogdanG;DIM:0;1154;125;2491;|;115;12;249
16.06.15 0:44;RIGHT_CLICK_BLOCK;BogdanG;DIM:0;1154;126;2491;|;115;12;249
16.06.15 0:44;RIGHT_CLICK_BLOCK;BogdanG;DIM:0;1154;127;2491;|;115;12;249
16.06.15 0:44;RIGHT_CLICK_BLOCK;BogdanG;DIM:0;1154;128;2491;|;115;12;249
16.06.15 0:44;RIGHT_CLICK_BLOCK;BogdanG;DIM:0;1154;129;2491;|;115;12;249
16.06.15 0:44;RIGHT_CLICK_BLOCK;BogdanG;DIM:0;1154;130;2491;|;115;13;249
16.06.15 0:44;RIGHT_CLICK_BLOCK;BogdanG;DIM:0;1154;131;2491;|;115;13;249
16.06.15 0:44;RIGHT_CLICK_BLOCK;BogdanG;DIM:0;1154;132;2491;|;115;13;249
16.06.15 0:44;RIGHT_CLICK_BLOCK;BogdanG;DIM:0;1154;133;2491;|;115;13;249
16.06.15 0:44;RIGHT_CLICK_BLOCK;BogdanG;DIM:0;1154;134;2491;|;115;13;249
16.06.15 0:44;RIGHT_CLICK_BLOCK;BogdanG;DIM:0;1154;135;2491;|;115;13;249
16.06.15 0:44;RIGHT_CLICK_BLOCK;BogdanG;DIM:0;1154;136;2491;|;115;13;249
16.06.15 0:44;RIGHT_CLICK_BLOCK;BogdanG;DIM:0;1154;137;2491;|;115;13;249
16.06.15 0:44;RIGHT_CLICK_BLOCK;BogdanG;DIM:0;1154;138;2491;|;115;13;249
16.06.15 0:44;RIGHT_CLICK_BLOCK;BogdanG;DIM:0;1154;139;2491;|;115;13;249
16.06.15 0:44;RIGHT_CLICK_BLOCK;BogdanG;DIM:0;1154;140;2491;|;115;14;249
16.06.15 0:44;RIGHT_CLICK_BLOCK;BogdanG;DIM:0;1154;141;2491;|;115;14;249
16.06.15 0:44;RIGHT_CLICK_BLOCK;BogdanG;DIM:0;1154;142;2491;|;115;14;249
16.06.15 0:44;RIGHT_CLICK_BLOCK;BogdanG;DIM:0;1154;143;2491;|;115;14;249
16.06.15 0:44;RIGHT_CLICK_BLOCK;BogdanG;DIM:0;1154;144;2491;|;115;14;249
16.06.15 0:44;RIGHT_CLICK_BLOCK;BogdanG;DIM:0;1154;145;2491;|;115;14;249
16.06.15 0:44;RIGHT_CLICK_BLOCK;BogdanG;DIM:0;1154;146;2491;|;115;14;249
16.06.15 0:44;RIGHT_CLICK_BLOCK;BogdanG;DIM:0;1154;147;2491;|;115;14;249
16.06.15 0:44;RIGHT_CLICK_BLOCK;BogdanG;DIM:0;1154;148;2491;|;115;14;249
16.06.15 0:44;RIGHT_CLICK_BLOCK;BogdanG;DIM:0;1154;149;2491;|;115;14;249
16.06.15 0:44;RIGHT_CLICK_BLOCK;BogdanG;DIM:0;1154;150;2491;|;115;15;249
16.06.15 0:44;RIGHT_CLICK_BLOCK;BogdanG;DIM:0;1154;151;2491;|;115;15;249
16.06.15 0:44;RIGHT_CLICK_BLOCK;BogdanG;DIM:0;1154;152;2491;|;115;15;249
16.06.15 0:44;RIGHT_CLICK_BLOCK;BogdanG;DIM:0;1154;153;2491;|;115;15;249
16.06.15 0:44;RIGHT_CLICK_BLOCK;BogdanG;DIM:0;1154;154;2491;|;115;15;249
16.06.15 0:44;RIGHT_CLICK_BLOCK;BogdanG;DIM:0;1154;155;2491;|;115;15;249
16.06.15 0:44;RIGHT_CLICK_BLOCK;BogdanG;DIM:0;1154;156;2491;|;115;15;249
16.06.15 0:44;RIGHT_CLICK_BLOCK;BogdanG;DIM:0;1154;157;2491;|;115;15;249
16.06.15 0:44;RIGHT_CLICK_BLOCK;BogdanG;DIM:0;1154;158;2491;|;115;15;249
16.06.15 0:44;RIGHT_CLICK_BLOCK;BogdanG;DIM:0;1154;159;2491;|;115;15;249
16.06.15 0:44;RIGHT_CLICK_BLOCK;BogdanG;DIM:0;1154;160;2491;|;115;16;249
16.06.15 0:44;RIGHT_CLICK_BLOCK;BogdanG;DIM:0;1154;161;2491;|;115;16;249
16.06.15 0:44;RIGHT_CLICK_BLOCK;BogdanG;DIM:0;1154;162;2491;|;115;16;249
16.06.15 0:44;RIGHT_CLICK_BLOCK;BogdanG;DIM:0;1154;163;2491;|;115;16;249
16.06.15 0:44;RIGHT_CLICK_BLOCK;BogdanG;DIM:0;1154;164;2491;|;115;16;249
16.06.15 0:44;RIGHT_CLICK_BLOCK;BogdanG;DIM:0;1154;165;2491;|;115;16;249
16.06.15 0:49;RIGHT_CLICK_BLOCK;BogdanG;DIM:0;1156;65;2308;|;115;6;230
16.06.15 0:49;RIGHT_CLICK_BLOCK;BogdanG;DIM:0;1155;65;2308;|;115;6;230
16.06.15 0:49;RIGHT_CLICK_BLOCK;BogdanG;DIM:0;1155;65;2307;|;115;6;230
16.06.15 0:49;RIGHT_CLICK_BLOCK;BogdanG;DIM:0;1157;66;2309;|;115;6;230
16.06.15 0:49;RIGHT_CLICK_BLOCK;BogdanG;DIM:0;1155;65;2309;|;115;6;230
16.06.15 0:49;RIGHT_CLICK_BLOCK;BogdanG;DIM:0;1156;66;2310;|;115;6;231
16.06.15 0:50;LEFT_CLICK_BLOCK;BogdanG;DIM:0;1123;64;2295;|;112;6;229
