[00:00:03] [Client thread/INFO]: [CHAT] §dThe ancient unrest is over, for now.
[00:04:57] [Client thread/WARN]: Unable to play unknown soundEvent: minecraft:mocreatures:liongrunt
[00:05:03] [Client thread/WARN]: Unable to play unknown soundEvent: minecraft:mocreatures:liongrunt
[00:05:09] [Client thread/WARN]: Unable to play unknown soundEvent: minecraft:mocreatures:liongrunt
[00:05:12] [Client thread/WARN]: Unable to play unknown soundEvent: minecraft:mocreatures:liondeath
[00:05:12] [Client thread/WARN]: Unable to play unknown soundEvent: minecraft:mocreatures:liondeath
[00:05:12] [Client thread/WARN]: Unable to play unknown soundEvent: minecraft:mocreatures:liondeath
[00:11:16] [Client thread/INFO]: [CHAT] §dNight falls on the world.
[00:11:16] [Client thread/INFO]: [CHAT] §cMay luck be on your side as the gods certainly aren't.
[00:20:03] [Client thread/INFO]: [CHAT] §dThe ancient unrest is over, for now.
[00:31:16] [Client thread/INFO]: [CHAT] §dNight falls on the world.
[00:31:16] [Client thread/INFO]: [CHAT] §cMay luck be on your side as the gods certainly aren't.
[00:31:21] [Client thread/INFO]: [CHAT] §dThe hunt for blood has begun!
[00:39:54] [Client thread/WARN]: Unable to play unknown soundEvent: minecraft:saltwatermobs:entity.ika.say
[00:40:01] [Client thread/WARN]: Unable to play unknown soundEvent: minecraft:saltwatermobs:entity.ika.say
[00:40:03] [Client thread/INFO]: [CHAT] §dThe ancient unrest is over, for now.
[00:40:03] [Client thread/WARN]: Unable to play unknown soundEvent: minecraft:freshwatermobs:entity.silex.say
[00:40:04] [Client thread/INFO]: [CHAT] §dThe hunt for blood has ended.
[00:40:06] [Client thread/WARN]: Unable to play unknown soundEvent: minecraft:saltwatermobs:entity.ika.say
[00:40:09] [Client thread/WARN]: Unable to play unknown soundEvent: minecraft:freshwatermobs:entity.silex.say
[00:40:09] [Client thread/WARN]: Unable to play unknown soundEvent: minecraft:freshwatermobs:entity.silex.say
[00:40:13] [Client thread/WARN]: Unable to play unknown soundEvent: minecraft:saltwatermobs:entity.ika.say
[00:40:14] [Client thread/WARN]: Unable to play unknown soundEvent: minecraft:freshwatermobs:entity.silex.say
[00:40:17] [Client thread/WARN]: Unable to play unknown soundEvent: minecraft:freshwatermobs:entity.silex.say
[00:40:19] [Client thread/WARN]: Unable to play unknown soundEvent: minecraft:freshwatermobs:entity.silex.say
[00:40:20] [Client thread/WARN]: Unable to play unknown soundEvent: minecraft:freshwatermobs:entity.silex.say
[00:40:21] [Client thread/WARN]: Unable to play unknown soundEvent: minecraft:saltwatermobs:entity.ika.death
[00:40:21] [Client thread/WARN]: Unable to play unknown soundEvent: minecraft:saltwatermobs:entity.ika.death
[00:40:21] [Client thread/WARN]: Unable to play unknown soundEvent: minecraft:saltwatermobs:entity.ika.death
[00:40:23] [Client thread/WARN]: Unable to play unknown soundEvent: minecraft:freshwatermobs:entity.silex.say
[00:40:24] [Client thread/WARN]: Unable to play unknown soundEvent: minecraft:freshwatermobs:entity.silex.death
[00:40:24] [Client thread/WARN]: Unable to play unknown soundEvent: minecraft:freshwatermobs:entity.silex.death
[00:40:24] [Client thread/WARN]: Unable to play unknown soundEvent: minecraft:freshwatermobs:entity.silex.death
[00:40:25] [Client thread/WARN]: Unable to play unknown soundEvent: minecraft:freshwatermobs:entity.silex.say
[00:40:30] [Client thread/WARN]: Unable to play unknown soundEvent: minecraft:freshwatermobs:entity.silex.say
[00:40:30] [Client thread/WARN]: Unable to play unknown soundEvent: minecraft:freshwatermobs:entity.silex.say
[00:40:34] [Client thread/WARN]: Unable to play unknown soundEvent: minecraft:freshwatermobs:entity.silex.say
[00:40:34] [Client thread/WARN]: Unable to play unknown soundEvent: minecraft:freshwatermobs:entity.silex.death
[00:40:34] [Client thread/WARN]: Unable to play unknown soundEvent: minecraft:freshwatermobs:entity.silex.death
[00:40:34] [Client thread/WARN]: Unable to play unknown soundEvent: minecraft:freshwatermobs:entity.silex.death
[00:40:36] [Client thread/WARN]: Unable to play unknown soundEvent: minecraft:freshwatermobs:entity.silex.say
[00:40:40] [Client thread/WARN]: Unable to play unknown soundEvent: minecraft:freshwatermobs:entity.silex.death
[00:40:40] [Client thread/WARN]: Unable to play unknown soundEvent: minecraft:freshwatermobs:entity.silex.death
[00:40:40] [Client thread/WARN]: Unable to play unknown soundEvent: minecraft:freshwatermobs:entity.silex.death
[00:51:16] [Client thread/INFO]: [CHAT] §dNight falls on the world.
[00:51:16] [Client thread/INFO]: [CHAT] §cMay luck be on your side as the gods certainly aren't.
[00:59:12] [Client thread/WARN]: Unable to play unknown soundEvent: minecraft:freshwatermobs:entity.silex.say
[00:59:13] [Client thread/WARN]: Unable to play unknown soundEvent: minecraft:saltwatermobs:entity.lacedon.say
[00:59:16] [Client thread/WARN]: Unable to play unknown soundEvent: minecraft:freshwatermobs:entity.silex.say
[00:59:16] [Client thread/WARN]: Unable to play unknown soundEvent: minecraft:freshwatermobs:entity.silex.say
[00:59:19] [Client thread/WARN]: Unable to play unknown soundEvent: minecraft:saltwatermobs:entity.lacedon.say
[00:59:20] [Client thread/WARN]: Unable to play unknown soundEvent: minecraft:freshwatermobs:entity.silex.say
[00:59:21] [Client thread/WARN]: Unable to play unknown soundEvent: minecraft:freshwatermobs:entity.silex.say
[00:59:21] [Client thread/WARN]: Unable to play unknown soundEvent: minecraft:freshwatermobs:entity.silex.say
[00:59:22] [Client thread/WARN]: Unable to play unknown soundEvent: minecraft:freshwatermobs:entity.silex.say
[00:59:24] [Client thread/WARN]: Unable to play unknown soundEvent: minecraft:saltwatermobs:entity.lacedon.say
[00:59:25] [Client thread/WARN]: Unable to play unknown soundEvent: minecraft:freshwatermobs:entity.silex.say
[00:59:27] [Client thread/WARN]: Unable to play unknown soundEvent: minecraft:freshwatermobs:entity.silex.say
[00:59:28] [Client thread/WARN]: Unable to play unknown soundEvent: minecraft:freshwatermobs:entity.silex.say
[00:59:28] [Client thread/WARN]: Unable to play unknown soundEvent: minecraft:freshwatermobs:entity.silex.say
[00:59:32] [Client thread/WARN]: Unable to play unknown soundEvent: minecraft:saltwatermobs:entity.lacedon.say
[00:59:33] [Client thread/WARN]: Unable to play unknown soundEvent: minecraft:freshwatermobs:entity.silex.say
[00:59:33] [Client thread/WARN]: Unable to play unknown soundEvent: minecraft:freshwatermobs:entity.silex.say
[00:59:33] [Client thread/WARN]: Unable to play unknown soundEvent: minecraft:freshwatermobs:entity.silex.say
[00:59:35] [Client thread/WARN]: Unable to play unknown soundEvent: minecraft:freshwatermobs:entity.silex.say
[00:59:36] [Client thread/WARN]: Unable to play unknown soundEvent: minecraft:saltwatermobs:entity.abtu.say
[00:59:37] [Client thread/WARN]: Unable to play unknown soundEvent: minecraft:saltwatermobs:entity.lacedon.say
[00:59:38] [Client thread/WARN]: Unable to play unknown soundEvent: minecraft:freshwatermobs:entity.silex.say
[00:59:38] [Client thread/WARN]: Unable to play unknown soundEvent: minecraft:freshwatermobs:entity.silex.death
[00:59:38] [Client thread/WARN]: Unable to play unknown soundEvent: minecraft:freshwatermobs:entity.silex.death
[00:59:38] [Client thread/WARN]: Unable to play unknown soundEvent: minecraft:freshwatermobs:entity.silex.death
[00:59:39] [Client thread/WARN]: Unable to play unknown soundEvent: minecraft:freshwatermobs:entity.silex.say
[00:59:39] [Client thread/WARN]: Unable to play unknown soundEvent: minecraft:freshwatermobs:entity.silex.say
[00:59:40] [Client thread/WARN]: Unable to play unknown soundEvent: minecraft:freshwatermobs:entity.silex.death
[00:59:40] [Client thread/WARN]: Unable to play unknown soundEvent: minecraft:freshwatermobs:entity.silex.death
[00:59:40] [Client thread/WARN]: Unable to play unknown soundEvent: minecraft:freshwatermobs:entity.silex.death
[00:59:41] [Client thread/WARN]: Unable to play unknown soundEvent: minecraft:saltwatermobs:entity.abtu.say
[00:59:42] [Client thread/WARN]: Unable to play unknown soundEvent: minecraft:freshwatermobs:entity.silex.say
[00:59:42] [Client thread/WARN]: Unable to play unknown soundEvent: minecraft:saltwatermobs:entity.lacedon.say
[00:59:44] [Client thread/WARN]: Unable to play unknown soundEvent: minecraft:freshwatermobs:entity.silex.say
[00:59:44] [Client thread/WARN]: Unable to play unknown soundEvent: minecraft:saltwatermobs:entity.ika.say
[00:59:47] [Client thread/WARN]: Unable to play unknown soundEvent: minecraft:saltwatermobs:entity.abtu.say
[00:59:48] [Client thread/WARN]: Unable to play unknown soundEvent: minecraft:freshwatermobs:entity.silex.say
[00:59:48] [Client thread/WARN]: Unable to play unknown soundEvent: minecraft:freshwatermobs:entity.silex.say
[00:59:48] [Client thread/WARN]: Unable to play unknown soundEvent: minecraft:saltwatermobs:entity.lacedon.say
[00:59:49] [Client thread/WARN]: Unable to play unknown soundEvent: minecraft:saltwatermobs:entity.lacedon.death
[00:59:49] [Client thread/WARN]: Unable to play unknown soundEvent: minecraft:saltwatermobs:entity.lacedon.death
[00:59:49] [Client thread/WARN]: Unable to play unknown soundEvent: minecraft:saltwatermobs:entity.lacedon.death
[00:59:50] [Client thread/WARN]: Unable to play unknown soundEvent: minecraft:saltwatermobs:entity.ika.say
[00:59:52] [Client thread/WARN]: Unable to play unknown soundEvent: minecraft:freshwatermobs:entity.silex.death
[00:59:52] [Client thread/WARN]: Unable to play unknown soundEvent: minecraft:freshwatermobs:entity.silex.death
[00:59:52] [Client thread/WARN]: Unable to play unknown soundEvent: minecraft:freshwatermobs:entity.silex.death
[00:59:53] [Client thread/WARN]: Unable to play unknown soundEvent: minecraft:saltwatermobs:entity.abtu.say
[00:59:54] [Client thread/WARN]: Unable to play unknown soundEvent: minecraft:freshwatermobs:entity.silex.say
[00:59:55] [Client thread/WARN]: Unable to play unknown soundEvent: minecraft:saltwatermobs:entity.ika.say
[00:59:59] [Client thread/WARN]: Unable to play unknown soundEvent: minecraft:saltwatermobs:entity.abtu.say
[01:00:00] [Client thread/WARN]: Unable to play unknown soundEvent: minecraft:saltwatermobs:entity.ika.say
[01:00:01] [Client thread/WARN]: Unable to play unknown soundEvent: minecraft:freshwatermobs:entity.silex.say
[01:00:02] [Client thread/WARN]: Unable to play unknown soundEvent: minecraft:freshwatermobs:entity.silex.death
[01:00:02] [Client thread/WARN]: Unable to play unknown soundEvent: minecraft:freshwatermobs:entity.silex.death
[01:00:02] [Client thread/WARN]: Unable to play unknown soundEvent: minecraft:freshwatermobs:entity.silex.death
[01:00:03] [Client thread/INFO]: [CHAT] §dThe ancient unrest is over, for now.
[01:00:04] [Client thread/WARN]: Unable to play unknown soundEvent: minecraft:saltwatermobs:entity.abtu.say
[01:00:06] [Client thread/WARN]: Unable to play unknown soundEvent: minecraft:saltwatermobs:entity.ika.say
[01:00:07] [Client thread/WARN]: Unable to play unknown soundEvent: minecraft:saltwatermobs:entity.ika.say
[01:00:09] [Client thread/WARN]: Unable to play unknown soundEvent: minecraft:saltwatermobs:entity.ika.death
[01:00:09] [Client thread/WARN]: Unable to play unknown soundEvent: minecraft:saltwatermobs:entity.ika.death
[01:00:09] [Client thread/WARN]: Unable to play unknown soundEvent: minecraft:saltwatermobs:entity.ika.death
[01:00:09] [Client thread/WARN]: Unable to play unknown soundEvent: minecraft:saltwatermobs:entity.abtu.say
[01:00:11] [Client thread/WARN]: Unable to play unknown soundEvent: minecraft:saltwatermobs:entity.abtu.death
[01:00:12] [Client thread/WARN]: Unable to play unknown soundEvent: minecraft:saltwatermobs:entity.ika.say
[01:00:17] [Client thread/WARN]: Unable to play unknown soundEvent: minecraft:saltwatermobs:entity.ika.say
[01:00:23] [Client thread/WARN]: Unable to play unknown soundEvent: minecraft:saltwatermobs:entity.ika.say
[01:00:30] [Client thread/WARN]: Unable to play unknown soundEvent: minecraft:saltwatermobs:entity.ika.say
[01:00:36] [Client thread/WARN]: Unable to play unknown soundEvent: minecraft:saltwatermobs:entity.ika.say
[01:00:41] [Client thread/WARN]: Unable to play unknown soundEvent: minecraft:saltwatermobs:entity.ika.say
[01:00:41] [Client thread/WARN]: Unable to play unknown soundEvent: minecraft:saltwatermobs:entity.ika.death
[01:00:41] [Client thread/WARN]: Unable to play unknown soundEvent: minecraft:saltwatermobs:entity.ika.death
[01:00:41] [Client thread/WARN]: Unable to play unknown soundEvent: minecraft:saltwatermobs:entity.ika.death
[01:04:07] [Client thread/INFO]: [CHAT] *BogdanG is no longer AFK.
[01:06:17] [Client thread/INFO]: [CHAT] *BogdanG is now AFK (Auto AFK).
[01:10:04] [Client thread/INFO]: [CHAT] *BogdanG is no longer AFK.
[01:11:16] [Client thread/INFO]: [CHAT] §dNight falls on the world.
[01:11:16] [Client thread/INFO]: [CHAT] §cMay luck be on your side as the gods certainly aren't.
[01:13:41] [Client thread/WARN]: Unable to play unknown soundEvent: minecraft:mocreatures:turkey
[01:13:45] [Client thread/WARN]: Unable to play unknown soundEvent: minecraft:mocreatures:turkey
[01:13:50] [Client thread/WARN]: Unable to play unknown soundEvent: minecraft:mocreatures:turkey
[01:13:55] [Client thread/WARN]: Unable to play unknown soundEvent: minecraft:mocreatures:turkey
[01:14:01] [Client thread/WARN]: Unable to play unknown soundEvent: minecraft:mocreatures:turkey
[01:14:03] [Client thread/WARN]: Unable to play unknown soundEvent: minecraft:mocreatures:turkeyhurt
[01:14:03] [Client thread/WARN]: Unable to play unknown soundEvent: minecraft:mocreatures:turkeyhurt
[01:14:03] [Client thread/WARN]: Unable to play unknown soundEvent: minecraft:mocreatures:turkeyhurt
[01:14:16] [Client thread/WARN]: Unable to play unknown soundEvent: minecraft:mocreatures:foxcall
[01:14:22] [Client thread/WARN]: Unable to play unknown soundEvent: minecraft:mocreatures:foxcall
[01:14:27] [Client thread/WARN]: Unable to play unknown soundEvent: minecraft:mocreatures:foxcall
[01:14:31] [Client thread/INFO]: [CHAT] Saved screenshot as 2015-06-11_01.14.28.png
[01:14:37] [Client thread/WARN]: Unable to play unknown soundEvent: minecraft:mocreatures:foxcall
[01:14:44] [Client thread/WARN]: Unable to play unknown soundEvent: minecraft:mocreatures:foxcall
[01:14:51] [Client thread/WARN]: Unable to play unknown soundEvent: minecraft:mocreatures:foxcall
[01:14:55] [Client thread/INFO]: [CHAT] Blade Flurry has begun!
[01:14:56] [Client thread/WARN]: Unable to play unknown soundEvent: minecraft:mocreatures:foxcall
[01:14:58] [Client thread/WARN]: Unable to play unknown soundEvent: minecraft:mocreatures:foxdying
[01:14:58] [Client thread/WARN]: Unable to play unknown soundEvent: minecraft:mocreatures:foxdying
[01:14:58] [Client thread/WARN]: Unable to play unknown soundEvent: minecraft:mocreatures:foxdying
[01:15:15] [Client thread/INFO]: [CHAT] Saved screenshot as 2015-06-11_01.15.14.png
[01:15:54] [Client thread/INFO]: [CHAT] Blade Flurry is over!
[01:17:34] [Client thread/WARN]: Unable to play unknown soundEvent: minecraft:nevermine:TricksterLiving
[01:17:39] [Client thread/WARN]: Unable to play unknown soundEvent: minecraft:nevermine:TricksterLiving
[01:17:43] [Client thread/WARN]: Unable to play unknown soundEvent: minecraft:nevermine:TricksterLiving
[01:17:50] [Client thread/WARN]: Unable to play unknown soundEvent: minecraft:nevermine:TricksterLiving
[01:17:55] [Client thread/WARN]: Unable to play unknown soundEvent: minecraft:nevermine:TricksterHit
[01:17:55] [Client thread/WARN]: Unable to play unknown soundEvent: minecraft:nevermine:TricksterHit
[01:17:55] [Client thread/WARN]: Unable to play unknown soundEvent: minecraft:nevermine:TricksterHit
[01:18:09] [Client thread/WARN]: Unable to play unknown soundEvent: minecraft:mocreatures:turkey
[01:18:09] [Client thread/INFO]: [CHAT] *BogdanG is now AFK (Auto AFK).
[01:18:15] [Client thread/WARN]: Unable to play unknown soundEvent: minecraft:mocreatures:turkey
[01:18:21] [Client thread/WARN]: Unable to play unknown soundEvent: minecraft:mocreatures:turkey
[01:18:28] [Client thread/WARN]: Unable to play unknown soundEvent: minecraft:mocreatures:turkey
[01:18:33] [Client thread/WARN]: Unable to play unknown soundEvent: minecraft:mocreatures:turkey
[01:18:40] [Client thread/WARN]: Unable to play unknown soundEvent: minecraft:mocreatures:turkey
[01:18:46] [Client thread/WARN]: Unable to play unknown soundEvent: minecraft:mocreatures:turkeyhurt
[01:18:46] [Client thread/WARN]: Unable to play unknown soundEvent: minecraft:mocreatures:turkeyhurt
[01:18:46] [Client thread/WARN]: Unable to play unknown soundEvent: minecraft:mocreatures:turkeyhurt
[01:20:03] [Client thread/INFO]: [CHAT] §dThe ancient unrest is over, for now.
[01:23:52] [Client thread/INFO]: [CHAT] *BogdanG is no longer AFK.
[01:26:03] [Server thread/INFO]: Saving and pausing game...
[01:26:03] [Server thread/INFO]: Saving chunks for level 'New World UGB 22'/Overworld
[01:26:04] [Server thread/INFO]: Saving chunks for level 'New World UGB 22'/Nether
[01:26:04] [Server thread/INFO]: Saving chunks for level 'New World UGB 22'/The Last Millenium
[01:26:05] [Server thread/INFO]: Saving chunks for level 'New World UGB 22'/Wyvern Lair
[01:26:05] [Server thread/INFO]: Saving chunks for level 'New World UGB 22'/Tropics
[01:26:05] [Server thread/INFO]: Saving chunks for level 'New World UGB 22'/Dungeon
[01:26:05] [Server thread/INFO]: Saving chunks for level 'New World UGB 22'/Dungeon
[01:26:05] [Server thread/INFO]: Saving chunks for level 'New World UGB 22'/Dungeon
[01:26:05] [Server thread/INFO]: Saving chunks for level 'New World UGB 22'/Dungeons
[01:26:05] [Server thread/INFO]: Saving chunks for level 'New World UGB 22'/Aether
[01:26:05] [Server thread/INFO]: Saving chunks for level 'New World UGB 22'/Mystic Groves
[01:41:29] [Client thread/WARN]: Unable to play unknown soundEvent: minecraft:mocreatures:foxcall
[01:41:34] [Client thread/WARN]: Unable to play unknown soundEvent: minecraft:mocreatures:foxcall
[01:41:41] [Client thread/WARN]: Unable to play unknown soundEvent: minecraft:mocreatures:foxcall
[01:41:47] [Client thread/WARN]: Unable to play unknown soundEvent: minecraft:mocreatures:foxcall
[01:41:54] [Client thread/WARN]: Unable to play unknown soundEvent: minecraft:mocreatures:foxcall
[01:42:00] [Client thread/WARN]: Unable to play unknown soundEvent: minecraft:mocreatures:foxcall
[01:42:06] [Client thread/WARN]: Unable to play unknown soundEvent: minecraft:mocreatures:foxcall
[01:42:13] [Client thread/WARN]: Unable to play unknown soundEvent: minecraft:mocreatures:foxcall
[01:42:13] [Client thread/WARN]: Unable to play unknown soundEvent: minecraft:mocreatures:foxdying
[01:42:13] [Client thread/WARN]: Unable to play unknown soundEvent: minecraft:mocreatures:foxdying
[01:42:13] [Client thread/WARN]: Unable to play unknown soundEvent: minecraft:mocreatures:foxdying
[01:42:44] [Client thread/INFO]: [CHAT] §dNight falls on the world.
[01:42:44] [Client thread/INFO]: [CHAT] §cMay luck be on your side as the gods certainly aren't.
[01:43:59] [Client thread/INFO]: [CHAT] Saved screenshot as 2015-06-11_01.43.57.png
[01:48:40] [Client thread/WARN]: Unable to play unknown soundEvent: minecraft:freshwatermobs:entity.silex.say
[01:48:45] [Client thread/WARN]: Unable to play unknown soundEvent: minecraft:freshwatermobs:entity.silex.say
[01:48:51] [Client thread/WARN]: Unable to play unknown soundEvent: minecraft:freshwatermobs:entity.silex.say
[01:48:56] [Client thread/WARN]: Unable to play unknown soundEvent: minecraft:freshwatermobs:entity.silex.say
[01:49:01] [Client thread/WARN]: Unable to play unknown soundEvent: minecraft:freshwatermobs:entity.silex.say
[01:49:04] [Client thread/WARN]: Unable to play unknown soundEvent: minecraft:freshwatermobs:entity.silex.say
[01:49:06] [Client thread/WARN]: Unable to play unknown soundEvent: minecraft:freshwatermobs:entity.silex.say
[01:49:10] [Client thread/WARN]: Unable to play unknown soundEvent: minecraft:freshwatermobs:entity.silex.say
[01:49:12] [Client thread/WARN]: Unable to play unknown soundEvent: minecraft:freshwatermobs:entity.silex.say
[01:49:13] [Client thread/WARN]: Unable to play unknown soundEvent: minecraft:freshwatermobs:entity.silex.death
[01:49:13] [Client thread/WARN]: Unable to play unknown soundEvent: minecraft:freshwatermobs:entity.silex.death
[01:49:13] [Client thread/WARN]: Unable to play unknown soundEvent: minecraft:freshwatermobs:entity.silex.death
[01:49:15] [Client thread/WARN]: Unable to play unknown soundEvent: minecraft:freshwatermobs:entity.silex.say
[01:49:15] [Client thread/WARN]: Unable to play unknown soundEvent: minecraft:nevermine:ReaperLiving
[01:49:20] [Client thread/INFO]: [CHAT] *BogdanG is now AFK (Auto AFK).
[01:49:20] [Client thread/WARN]: Unable to play unknown soundEvent: minecraft:nevermine:ReaperLiving
[01:49:21] [Client thread/WARN]: Unable to play unknown soundEvent: minecraft:freshwatermobs:entity.silex.death
[01:49:21] [Client thread/WARN]: Unable to play unknown soundEvent: minecraft:freshwatermobs:entity.silex.death
[01:49:21] [Client thread/WARN]: Unable to play unknown soundEvent: minecraft:freshwatermobs:entity.silex.death
[01:49:27] [Client thread/WARN]: Unable to play unknown soundEvent: minecraft:nevermine:ReaperLiving
[01:49:34] [Client thread/WARN]: Unable to play unknown soundEvent: minecraft:nevermine:ReaperLiving
[01:49:42] [Client thread/WARN]: Unable to play unknown soundEvent: minecraft:nevermine:ReaperLiving
[01:49:43] [Client thread/WARN]: Unable to play unknown soundEvent: minecraft:saltwatermobs:entity.ika.say
[01:49:44] [Client thread/WARN]: Unable to play unknown soundEvent: minecraft:saltwatermobs:entity.abtu.say
[01:49:47] [Client thread/WARN]: Unable to play unknown soundEvent: minecraft:nevermine:ReaperLiving
[01:49:49] [Client thread/WARN]: Unable to play unknown soundEvent: minecraft:saltwatermobs:entity.abtu.say
[01:49:50] [Client thread/WARN]: Unable to play unknown soundEvent: minecraft:saltwatermobs:entity.ika.say
[01:49:50] [Client thread/WARN]: Unable to play unknown soundEvent: minecraft:nevermine:ReaperHit
[01:49:50] [Client thread/WARN]: Unable to play unknown soundEvent: minecraft:nevermine:ReaperHit
[01:49:51] [Client thread/WARN]: Unable to play unknown soundEvent: minecraft:nevermine:ReaperHit
[01:49:55] [Client thread/WARN]: Unable to play unknown soundEvent: minecraft:saltwatermobs:entity.ika.say
[01:49:56] [Client thread/WARN]: Unable to play unknown soundEvent: minecraft:saltwatermobs:entity.ika.death
[01:49:56] [Client thread/WARN]: Unable to play unknown soundEvent: minecraft:saltwatermobs:entity.ika.death
[01:49:57] [Client thread/WARN]: Unable to play unknown soundEvent: minecraft:saltwatermobs:entity.abtu.say
[01:49:58] [Client thread/WARN]: Unable to play unknown soundEvent: minecraft:saltwatermobs:entity.abtu.say
[01:50:01] [Client thread/WARN]: Unable to play unknown soundEvent: minecraft:freshwatermobs:entity.silex.say
[01:50:03] [Client thread/WARN]: Unable to play unknown soundEvent: minecraft:saltwatermobs:entity.abtu.say
[01:50:03] [Client thread/WARN]: Unable to play unknown soundEvent: minecraft:saltwatermobs:entity.ika.say
[01:50:05] [Client thread/WARN]: Unable to play unknown soundEvent: minecraft:saltwatermobs:entity.abtu.say
[01:50:08] [Client thread/WARN]: Unable to play unknown soundEvent: minecraft:saltwatermobs:entity.abtu.say
[01:50:09] [Client thread/WARN]: Unable to play unknown soundEvent: minecraft:saltwatermobs:entity.ika.say
[01:50:09] [Client thread/WARN]: Unable to play unknown soundEvent: minecraft:freshwatermobs:entity.silex.say
[01:50:10] [Client thread/WARN]: Unable to play unknown soundEvent: minecraft:saltwatermobs:entity.abtu.say
[01:50:13] [Client thread/WARN]: Unable to play unknown soundEvent: minecraft:saltwatermobs:entity.abtu.say
[01:50:15] [Client thread/WARN]: Unable to play unknown soundEvent: minecraft:saltwatermobs:entity.ika.say
[01:50:16] [Client thread/WARN]: Unable to play unknown soundEvent: minecraft:freshwatermobs:entity.silex.say
[01:50:17] [Client thread/WARN]: Unable to play unknown soundEvent: minecraft:saltwatermobs:entity.abtu.say
[01:50:21] [Client thread/WARN]: Unable to play unknown soundEvent: minecraft:saltwatermobs:entity.abtu.say
[01:50:21] [Client thread/WARN]: Unable to play unknown soundEvent: minecraft:saltwatermobs:entity.abtu.say
[01:50:22] [Client thread/WARN]: Unable to play unknown soundEvent: minecraft:freshwatermobs:entity.silex.say
[01:50:22] [Client thread/WARN]: Unable to play unknown soundEvent: minecraft:saltwatermobs:entity.ika.say
[01:50:26] [Client thread/WARN]: Unable to play unknown soundEvent: minecraft:saltwatermobs:entity.abtu.say
[01:50:27] [Client thread/WARN]: Unable to play unknown soundEvent: minecraft:saltwatermobs:entity.abtu.say
[01:50:28] [Client thread/WARN]: Unable to play unknown soundEvent: minecraft:saltwatermobs:entity.abtu.death
[01:50:28] [Client thread/WARN]: Unable to play unknown soundEvent: minecraft:saltwatermobs:entity.abtu.death
[01:50:28] [Client thread/WARN]: Unable to play unknown soundEvent: minecraft:saltwatermobs:entity.abtu.death
[01:50:28] [Client thread/WARN]: Unable to play unknown soundEvent: minecraft:freshwatermobs:entity.silex.say
[01:50:29] [Client thread/WARN]: Unable to play unknown soundEvent: minecraft:saltwatermobs:entity.ika.say
[01:50:32] [Client thread/WARN]: Unable to play unknown soundEvent: minecraft:saltwatermobs:entity.abtu.say
[01:50:34] [Client thread/WARN]: Unable to play unknown soundEvent: minecraft:freshwatermobs:entity.silex.say
[01:50:34] [Client thread/WARN]: Unable to play unknown soundEvent: minecraft:saltwatermobs:entity.ika.say
[01:50:35] [Client thread/WARN]: Unable to play unknown soundEvent: minecraft:saltwatermobs:entity.abtu.death
[01:50:35] [Client thread/WARN]: Unable to play unknown soundEvent: minecraft:saltwatermobs:entity.abtu.death
[01:50:35] [Client thread/WARN]: Unable to play unknown soundEvent: minecraft:saltwatermobs:entity.abtu.death
[01:50:40] [Client thread/WARN]: Unable to play unknown soundEvent: minecraft:freshwatermobs:entity.silex.death
[01:50:41] [Client thread/WARN]: Unable to play unknown soundEvent: minecraft:saltwatermobs:entity.ika.say
[01:50:43] [Client thread/WARN]: Unable to play unknown soundEvent: minecraft:saltwatermobs:entity.ika.death
[01:50:44] [Client thread/WARN]: Unable to play unknown soundEvent: minecraft:saltwatermobs:entity.ika.death
[01:50:44] [Client thread/WARN]: Unable to play unknown soundEvent: minecraft:saltwatermobs:entity.ika.death
[01:50:44] [Client thread/WARN]: Unable to play unknown soundEvent: minecraft:saltwatermobs:entity.ika.death
[01:50:54] [Client thread/WARN]: Unable to play unknown soundEvent: minecraft:nevermine:ReaperLiving
[01:50:59] [Client thread/WARN]: Unable to play unknown soundEvent: minecraft:nevermine:ReaperLiving
[01:51:04] [Client thread/WARN]: Unable to play unknown soundEvent: minecraft:nevermine:ReaperLiving
[01:51:10] [Client thread/WARN]: Unable to play unknown soundEvent: minecraft:nevermine:ReaperLiving
[01:51:14] [Client thread/WARN]: Unable to play unknown soundEvent: minecraft:nevermine:ReaperLiving
[01:51:19] [Client thread/WARN]: Unable to play unknown soundEvent: minecraft:nevermine:ReaperLiving
[01:51:24] [Client thread/WARN]: Unable to play unknown soundEvent: minecraft:nevermine:ReaperLiving
[01:51:30] [Client thread/INFO]: [CHAT] §dThe ancient unrest is over, for now.
[01:51:30] [Client thread/WARN]: Unable to play unknown soundEvent: minecraft:nevermine:ReaperLiving
[01:51:30] [Client thread/WARN]: Unable to play unknown soundEvent: minecraft:nevermine:ReaperHit
[01:51:30] [Client thread/WARN]: Unable to play unknown soundEvent: minecraft:nevermine:ReaperHit
[01:51:31] [Client thread/WARN]: Unable to play unknown soundEvent: minecraft:nevermine:ReaperHit
[01:53:52] [Client thread/INFO]: [CHAT] *BogdanG is no longer AFK.
[01:54:14] [Client thread/INFO]: [CHAT] §bNether fortress portal at: X:-1053 Y:35 Z:-334§r
[01:54:44] [Server thread/WARN]: Can't keep up! Did the system time change, or is the server overloaded? Running 32851ms behind, skipping 657 tick(s)
[01:54:48] [Server thread/WARN]: Can't keep up! Did the system time change, or is the server overloaded? Running 4443ms behind, skipping 88 tick(s)
[01:55:05] [Server thread/WARN]: Can't keep up! Did the system time change, or is the server overloaded? Running 2437ms behind, skipping 48 tick(s)
[01:55:44] [Server thread/WARN]: Can't keep up! Did the system time change, or is the server overloaded? Running 21536ms behind, skipping 430 tick(s)
[01:55:47] [Server thread/WARN]: Can't keep up! Did the system time change, or is the server overloaded? Running 3319ms behind, skipping 66 tick(s)
[01:56:07] [Server thread/WARN]: Can't keep up! Did the system time change, or is the server overloaded? Running 7556ms behind, skipping 151 tick(s)
[01:56:23] [Client thread/INFO]: [CHAT] Saved screenshot as 2015-06-11_01.56.22.png
[01:57:07] [Server thread/WARN]: Can't keep up! Did the system time change, or is the server overloaded? Running 3610ms behind, skipping 72 tick(s)
[01:57:17] [Client thread/INFO]: [CHAT] Saved screenshot as 2015-06-11_01.57.16.png
[01:57:48] [Server thread/WARN]: Can't keep up! Did the system time change, or is the server overloaded? Running 2875ms behind, skipping 57 tick(s)
[01:58:06] [Client thread/WARN]: Unable to play unknown soundEvent: minecraft:arcticmobs:entity.yeti.say
[01:58:10] [Client thread/WARN]: Unable to play unknown soundEvent: minecraft:arcticmobs:entity.yeti.death
[01:58:10] [Client thread/WARN]: Unable to play unknown soundEvent: minecraft:arcticmobs:entity.yeti.death
[01:58:13] [Server thread/WARN]: Can't keep up! Did the system time change, or is the server overloaded? Running 2614ms behind, skipping 52 tick(s)
[01:58:13] [Client thread/WARN]: Unable to play unknown soundEvent: minecraft:arcticmobs:entity.yeti.death
[01:58:18] [Client thread/INFO]: [CHAT] Saved screenshot as 2015-06-11_01.58.17.png
[01:58:30] [Client thread/WARN]: Unable to play unknown soundEvent: minecraft:nevermine:ChargerLiving
[01:58:35] [Client thread/WARN]: Unable to play unknown soundEvent: minecraft:nevermine:ChargerLiving
[01:58:41] [Client thread/WARN]: Unable to play unknown soundEvent: minecraft:nevermine:ChargerLiving
[01:58:47] [Client thread/WARN]: Unable to play unknown soundEvent: minecraft:nevermine:ChargerLiving
[01:58:51] [Server thread/WARN]: Can't keep up! Did the system time change, or is the server overloaded? Running 4382ms behind, skipping 87 tick(s)
[01:58:55] [Client thread/WARN]: Unable to play unknown soundEvent: minecraft:nevermine:ChargerLiving
[01:58:57] [Client thread/WARN]: Unable to play unknown soundEvent: minecraft:nevermine:ChargerHit
[01:58:57] [Client thread/WARN]: Unable to play unknown soundEvent: minecraft:nevermine:ChargerHit
[01:58:59] [Client thread/WARN]: Unable to play unknown soundEvent: minecraft:mocreatures:snakehiss
[01:59:00] [Client thread/WARN]: Unable to play unknown soundEvent: minecraft:arcticmobs:entity.yeti.say
[01:59:05] [Client thread/WARN]: Unable to play unknown soundEvent: minecraft:arcticmobs:entity.yeti.say
[01:59:06] [Client thread/WARN]: Unable to play unknown soundEvent: minecraft:mocreatures:snakehiss
[01:59:09] [Client thread/WARN]: Unable to play unknown soundEvent: minecraft:arcticmobs:entity.yeti.say
[01:59:09] [Client thread/WARN]: Unable to play unknown soundEvent: minecraft:nevermine:ChargerHit
[01:59:12] [Client thread/WARN]: Unable to play unknown soundEvent: minecraft:mocreatures:snakehiss
[01:59:14] [Client thread/WARN]: Unable to play unknown soundEvent: minecraft:arcticmobs:entity.yeti.say
[01:59:15] [Client thread/WARN]: Unable to play unknown soundEvent: minecraft:arcticmobs:entity.yeti.death
[01:59:15] [Client thread/WARN]: Unable to play unknown soundEvent: minecraft:arcticmobs:entity.yeti.death
[01:59:20] [Client thread/WARN]: Unable to play unknown soundEvent: minecraft:mocreatures:snakehiss
[01:59:24] [Client thread/WARN]: Unable to play unknown soundEvent: minecraft:mocreatures:snakehiss
[01:59:28] [Server thread/WARN]: Can't keep up! Did the system time change, or is the server overloaded? Running 2928ms behind, skipping 58 tick(s)
[01:59:31] [Client thread/WARN]: Unable to play unknown soundEvent: minecraft:nevermine:ChargerLiving
[01:59:32] [Client thread/WARN]: Unable to play unknown soundEvent: minecraft:mocreatures:snakehiss
[01:59:35] [Client thread/WARN]: Unable to play unknown soundEvent: minecraft:arcticmobs:entity.yeti.death
[01:59:36] [Client thread/WARN]: Unable to play unknown soundEvent: minecraft:mocreatures:snakedying
[01:59:39] [Client thread/WARN]: Unable to play unknown soundEvent: minecraft:nevermine:ChargerLiving
[01:59:44] [Client thread/WARN]: Unable to play unknown soundEvent: minecraft:nevermine:ChargerHit
[01:59:47] [Server thread/WARN]: Can't keep up! Did the system time change, or is the server overloaded? Running 2315ms behind, skipping 46 tick(s)
[02:01:13] [Server thread/WARN]: Can't keep up! Did the system time change, or is the server overloaded? Running 2187ms behind, skipping 43 tick(s)
[02:01:23] [Client thread/WARN]: Unable to play unknown soundEvent: minecraft:mocreatures:snakehiss
[02:01:28] [Client thread/WARN]: Unable to play unknown soundEvent: minecraft:mocreatures:snakehiss
[02:01:34] [Client thread/WARN]: Unable to play unknown soundEvent: minecraft:mocreatures:snakehiss
[02:01:37] [Server thread/WARN]: Can't keep up! Did the system time change, or is the server overloaded? Running 10352ms behind, skipping 207 tick(s)
[02:01:42] [Client thread/WARN]: Unable to play unknown soundEvent: minecraft:mocreatures:snakehiss
[02:01:46] [Client thread/WARN]: Unable to play unknown soundEvent: minecraft:mocreatures:snakehiss
[02:01:53] [Client thread/WARN]: Unable to play unknown soundEvent: minecraft:mocreatures:snakehiss
[02:01:55] [Client thread/INFO]: [CHAT] §bNether fortress portal at: X:-2598 Y:32 Z:-1016§r
[02:02:00] [Client thread/WARN]: Unable to play unknown soundEvent: minecraft:mocreatures:snakehiss
[02:02:01] [Client thread/WARN]: Unable to play unknown soundEvent: minecraft:mocreatures:snakedying
[02:02:01] [Client thread/WARN]: Unable to play unknown soundEvent: minecraft:mocreatures:snakedying
[02:02:37] [Client thread/INFO]: [CHAT] §bNether fortress portal at: X:-2133 Y:102 Z:4§r
[02:02:39] [Client thread/WARN]: Unable to play unknown soundEvent: minecraft:mocreatures:snakedying
[02:02:52] [Client thread/WARN]: Unable to play unknown soundEvent: minecraft:mocreatures:snakehiss
[02:02:59] [Client thread/WARN]: Unable to play unknown soundEvent: minecraft:mocreatures:snakehiss
[02:03:05] [Client thread/WARN]: Unable to play unknown soundEvent: minecraft:mocreatures:snakehiss
[02:03:13] [Client thread/WARN]: Unable to play unknown soundEvent: minecraft:mocreatures:snakehiss
[02:03:18] [Client thread/WARN]: Unable to play unknown soundEvent: minecraft:mocreatures:snakehiss
[02:03:29] [Client thread/WARN]: Unable to play unknown soundEvent: minecraft:mocreatures:snakehiss
[02:03:35] [Client thread/WARN]: Unable to play unknown soundEvent: minecraft:mocreatures:snakehiss
[02:03:41] [Client thread/WARN]: Unable to play unknown soundEvent: minecraft:mocreatures:snakehiss
[02:03:47] [Client thread/WARN]: Unable to play unknown soundEvent: minecraft:mocreatures:snakehiss
[02:03:50] [Client thread/WARN]: Unable to play unknown soundEvent: minecraft:mocreatures:snakedying
[02:03:50] [Client thread/WARN]: Unable to play unknown soundEvent: minecraft:mocreatures:snakedying
[02:03:58] [Client thread/WARN]: Unable to play unknown soundEvent: minecraft:mocreatures:snakedying
[02:04:41] [Client thread/INFO]: [CHAT] §bNether fortress portal at: X:-2770 Y:32 Z:-987§r
[02:05:01] [Client thread/WARN]: Unable to play unknown soundEvent: minecraft:nevermine:ShadowLiving
[02:05:06] [Client thread/WARN]: Unable to play unknown soundEvent: minecraft:nevermine:ShadowLiving
[02:05:12] [Client thread/WARN]: Unable to play unknown soundEvent: minecraft:nevermine:ShadowLiving
[02:05:17] [Client thread/WARN]: Unable to play unknown soundEvent: minecraft:nevermine:ShadowLiving
[02:05:22] [Client thread/WARN]: Unable to play unknown soundEvent: minecraft:nevermine:ShadowHit
[02:05:22] [Client thread/WARN]: Unable to play unknown soundEvent: minecraft:nevermine:ShadowHit
[02:05:38] [Client thread/WARN]: Unable to play unknown soundEvent: minecraft:nevermine:ShadowHit
[02:05:39] [Server thread/WARN]: Can't keep up! Did the system time change, or is the server overloaded? Running 178008ms behind, skipping 3560 tick(s)
[02:06:23] [Client thread/INFO]: [CHAT] §bNether fortress portal at: X:-3131 Y:41 Z:-1941§r
[02:06:41] [Server thread/WARN]: Can't keep up! Did the system time change, or is the server overloaded? Running 34408ms behind, skipping 688 tick(s)
[02:06:46] [Server thread/WARN]: Can't keep up! Did the system time change, or is the server overloaded? Running 4734ms behind, skipping 94 tick(s)
[02:06:52] [Client thread/WARN]: Unable to play unknown soundEvent: minecraft:mocreatures:snakehiss
[02:06:58] [Client thread/WARN]: Unable to play unknown soundEvent: minecraft:mocreatures:snakehiss
[02:07:04] [Client thread/WARN]: Unable to play unknown soundEvent: minecraft:mocreatures:snakehiss
[02:07:10] [Client thread/WARN]: Unable to play unknown soundEvent: minecraft:mocreatures:snakehiss
[02:07:17] [Client thread/WARN]: Unable to play unknown soundEvent: minecraft:mocreatures:snakehiss
[02:07:19] [Client thread/WARN]: Unable to play unknown soundEvent: minecraft:mocreatures:snakedying
[02:07:39] [Server thread/WARN]: Can't keep up! Did the system time change, or is the server overloaded? Running 24039ms behind, skipping 480 tick(s)
[02:07:53] [Client thread/INFO]: [CHAT] §dNight falls on the world.
[02:07:53] [Client thread/INFO]: [CHAT] §cMay luck be on your side as the gods certainly aren't.
[02:08:00] [Server thread/WARN]: Can't keep up! Did the system time change, or is the server overloaded? Running 2246ms behind, skipping 44 tick(s)
[02:08:18] [Client thread/INFO]: [CHAT] §bNether fortress portal at: X:-3504 Y:33 Z:-2847§r
[02:09:17] [Client thread/INFO]: [CHAT] §bNether fortress portal at: X:-4458 Y:33 Z:-3875§r
[02:11:47] [Server thread/INFO]: Saving and pausing game...
[02:11:47] [Server thread/INFO]: Saving chunks for level 'New World UGB 22'/Overworld
[02:11:49] [Server thread/INFO]: Saving chunks for level 'New World UGB 22'/Nether
[02:11:49] [Server thread/INFO]: Saving chunks for level 'New World UGB 22'/The Last Millenium
[02:11:49] [Server thread/INFO]: Saving chunks for level 'New World UGB 22'/Wyvern Lair
[02:11:49] [Server thread/INFO]: Saving chunks for level 'New World UGB 22'/Tropics
[02:11:49] [Server thread/INFO]: Saving chunks for level 'New World UGB 22'/Dungeon
[02:11:49] [Server thread/INFO]: Saving chunks for level 'New World UGB 22'/Dungeon
[02:11:49] [Server thread/INFO]: Saving chunks for level 'New World UGB 22'/Dungeon
[02:11:49] [Server thread/INFO]: Saving chunks for level 'New World UGB 22'/Dungeons
[02:11:49] [Server thread/INFO]: Saving chunks for level 'New World UGB 22'/Aether
[02:11:49] [Server thread/INFO]: Saving chunks for level 'New World UGB 22'/Mystic Groves
[02:11:49] [Server thread/WARN]: Can't keep up! Did the system time change, or is the server overloaded? Running 68070ms behind, skipping 1361 tick(s)
[02:12:10] [Server thread/WARN]: Can't keep up! Did the system time change, or is the server overloaded? Running 8107ms behind, skipping 162 tick(s)
[02:13:50] [Server thread/WARN]: Can't keep up! Did the system time change, or is the server overloaded? Running 2083ms behind, skipping 41 tick(s)
[02:14:30] [Server thread/WARN]: Can't keep up! Did the system time change, or is the server overloaded? Running 22980ms behind, skipping 459 tick(s)
[02:14:31] [Client thread/INFO]: [CHAT] Saved screenshot as 2015-06-11_02.14.29.png
[02:14:33] [Client thread/WARN]: Unable to play unknown soundEvent: minecraft:mocreatures:snakedying
[02:14:34] [Server thread/WARN]: Can't keep up! Did the system time change, or is the server overloaded? Running 3284ms behind, skipping 65 tick(s)
[02:14:45] [Client thread/WARN]: Unable to play unknown soundEvent: minecraft:mocreatures:snakehiss
[02:14:50] [Client thread/WARN]: Unable to play unknown soundEvent: minecraft:mocreatures:snakehiss
[02:14:55] [Client thread/WARN]: Unable to play unknown soundEvent: minecraft:mocreatures:snakehiss
[02:14:57] [Server thread/WARN]: Can't keep up! Did the system time change, or is the server overloaded? Running 9603ms behind, skipping 192 tick(s)
[02:15:02] [Client thread/WARN]: Unable to play unknown soundEvent: minecraft:mocreatures:snakehiss
[02:15:03] [Client thread/WARN]: Unable to play unknown soundEvent: minecraft:mocreatures:snakedying
[02:15:05] [Server thread/INFO]: Saving and pausing game...
[02:15:05] [Server thread/INFO]: Saving chunks for level 'New World UGB 22'/Overworld
[02:15:07] [Server thread/INFO]: Saving chunks for level 'New World UGB 22'/Nether
[02:15:07] [Server thread/INFO]: Saving chunks for level 'New World UGB 22'/The Last Millenium
[02:15:07] [Server thread/INFO]: Saving chunks for level 'New World UGB 22'/Wyvern Lair
[02:15:07] [Server thread/INFO]: Saving chunks for level 'New World UGB 22'/Tropics
[02:15:07] [Server thread/INFO]: Saving chunks for level 'New World UGB 22'/Dungeon
[02:15:07] [Server thread/INFO]: Saving chunks for level 'New World UGB 22'/Dungeon
[02:15:07] [Server thread/INFO]: Saving chunks for level 'New World UGB 22'/Dungeon
[02:15:07] [Server thread/INFO]: Saving chunks for level 'New World UGB 22'/Dungeons
[02:15:07] [Server thread/INFO]: Saving chunks for level 'New World UGB 22'/Aether
[02:15:07] [Server thread/INFO]: Saving chunks for level 'New World UGB 22'/Mystic Groves
[02:15:18] [Server thread/WARN]: Can't keep up! Did the system time change, or is the server overloaded? Running 12553ms behind, skipping 251 tick(s)
[02:15:28] [Server thread/WARN]: Can't keep up! Did the system time change, or is the server overloaded? Running 3071ms behind, skipping 61 tick(s)
[02:17:02] [Server thread/WARN]: Can't keep up! Did the system time change, or is the server overloaded? Running 3728ms behind, skipping 74 tick(s)
[02:17:28] [Server thread/WARN]: Can't keep up! Did the system time change, or is the server overloaded? Running 9427ms behind, skipping 188 tick(s)
[02:17:36] [Client thread/WARN]: Unable to play unknown soundEvent: minecraft:mocreatures:beargrunt
[02:17:42] [Client thread/WARN]: Unable to play unknown soundEvent: minecraft:mocreatures:beargrunt
[02:17:48] [Client thread/WARN]: Unable to play unknown soundEvent: minecraft:mocreatures:beargrunt
[02:17:53] [Client thread/WARN]: Unable to play unknown soundEvent: minecraft:mocreatures:beargrunt
[02:17:58] [Client thread/WARN]: Unable to play unknown soundEvent: minecraft:mocreatures:beargrunt
[02:18:00] [Client thread/WARN]: Unable to play unknown soundEvent: minecraft:mocreatures:beardying
[02:18:01] [Server thread/WARN]: Can't keep up! Did the system time change, or is the server overloaded? Running 8955ms behind, skipping 179 tick(s)
[02:18:07] [Client thread/WARN]: Unable to play unknown soundEvent: minecraft:forestmobs:entity.spriggan.say
[02:18:13] [Client thread/WARN]: Unable to play unknown soundEvent: minecraft:forestmobs:entity.spriggan.say
[02:18:19] [Client thread/WARN]: Unable to play unknown soundEvent: minecraft:forestmobs:entity.spriggan.say
[02:18:25] [Client thread/WARN]: Unable to play unknown soundEvent: minecraft:forestmobs:entity.spriggan.say
[02:18:33] [Client thread/WARN]: Unable to play unknown soundEvent: minecraft:forestmobs:entity.spriggan.say
[02:18:38] [Client thread/WARN]: Unable to play unknown soundEvent: minecraft:forestmobs:entity.spriggan.death
[02:19:44] [Client thread/INFO]: [CHAT] §bA dungeon portal has been generated at: X:-3456 Y:57 Z:-632§r
[02:19:46] [Client thread/INFO]: [CHAT] §bNether fortress portal at: X:-3456 Y:82 Z:-632§r
[02:19:48] [Server thread/WARN]: Can't keep up! Did the system time change, or is the server overloaded? Running 33611ms behind, skipping 672 tick(s)
[02:19:59] [Server thread/WARN]: Can't keep up! Did the system time change, or is the server overloaded? Running 10730ms behind, skipping 214 tick(s)
[02:20:34] [Server thread/WARN]: Can't keep up! Did the system time change, or is the server overloaded? Running 24997ms behind, skipping 499 tick(s)
[02:20:49] [Server thread/WARN]: Can't keep up! Did the system time change, or is the server overloaded? Running 15038ms behind, skipping 300 tick(s)
[02:20:53] [Server thread/WARN]: Can't keep up! Did the system time change, or is the server overloaded? Running 3479ms behind, skipping 69 tick(s)
[02:21:09] [Server thread/WARN]: Can't keep up! Did the system time change, or is the server overloaded? Running 3698ms behind, skipping 73 tick(s)
[02:21:25] [Server thread/WARN]: Can't keep up! Did the system time change, or is the server overloaded? Running 3633ms behind, skipping 72 tick(s)
[02:21:49] [Server thread/WARN]: Can't keep up! Did the system time change, or is the server overloaded? Running 12301ms behind, skipping 246 tick(s)
[02:21:57] [Server thread/WARN]: Can't keep up! Did the system time change, or is the server overloaded? Running 3335ms behind, skipping 66 tick(s)
[02:22:10] [Client thread/WARN]: Unable to play unknown soundEvent: minecraft:saltwatermobs:entity.lacedon.say
[02:22:18] [Client thread/WARN]: Unable to play unknown soundEvent: minecraft:saltwatermobs:entity.lacedon.say
[02:22:19] [Server thread/WARN]: Can't keep up! Did the system time change, or is the server overloaded? Running 5426ms behind, skipping 108 tick(s)
[02:22:19] [Client thread/WARN]: Unable to play unknown soundEvent: minecraft:nevermine:ChargerLiving
[02:22:21] [Client thread/WARN]: Unable to play unknown soundEvent: minecraft:nevermine:ClownLiving1
[02:22:23] [Client thread/WARN]: Unable to play unknown soundEvent: minecraft:saltwatermobs:entity.lacedon.say
[02:22:23] [Client thread/WARN]: Unable to play unknown soundEvent: minecraft:nevermine:ChargerLiving
[02:22:26] [Client thread/WARN]: Unable to play unknown soundEvent: minecraft:nevermine:ClownLiving1
[02:22:27] [Client thread/WARN]: Unable to play unknown soundEvent: minecraft:saltwatermobs:entity.lacedon.say
[02:22:31] [Client thread/WARN]: Unable to play unknown soundEvent: minecraft:nevermine:ChargerLiving
[02:22:33] [Client thread/INFO]: [CHAT] Saved screenshot as 2015-06-11_02.22.33.png
[02:22:35] [Client thread/WARN]: Unable to play unknown soundEvent: minecraft:saltwatermobs:entity.lacedon.say
[02:22:39] [Client thread/WARN]: Unable to play unknown soundEvent: minecraft:nevermine:ChargerLiving
[02:22:40] [Client thread/WARN]: Unable to play unknown soundEvent: minecraft:saltwatermobs:entity.lacedon.say
[02:22:41] [Client thread/WARN]: Unable to play unknown soundEvent: minecraft:nevermine:ChargerHit
[02:22:45] [Client thread/INFO]: [CHAT] §bNether fortress portal at: X:-2895 Y:43 Z:-908§r
[02:22:46] [Client thread/WARN]: Unable to play unknown soundEvent: minecraft:saltwatermobs:entity.lacedon.say
[02:22:51] [Client thread/WARN]: Unable to play unknown soundEvent: minecraft:saltwatermobs:entity.lacedon.say
[02:22:52] [Client thread/WARN]: Unable to play unknown soundEvent: minecraft:nevermine:ChargerLiving
[02:22:52] [Client thread/WARN]: Unable to play unknown soundEvent: minecraft:nevermine:ChargerHit
[02:22:55] [Client thread/WARN]: Unable to play unknown soundEvent: minecraft:nevermine:ChargerLiving
[02:22:57] [Client thread/WARN]: Unable to play unknown soundEvent: minecraft:saltwatermobs:entity.lacedon.say
[02:23:00] [Client thread/WARN]: Unable to play unknown soundEvent: minecraft:nevermine:ChargerLiving
[02:23:03] [Client thread/WARN]: Unable to play unknown soundEvent: minecraft:saltwatermobs:entity.lacedon.say
[02:23:06] [Client thread/WARN]: Unable to play unknown soundEvent: minecraft:nevermine:ChargerHit
[02:23:08] [Client thread/WARN]: Unable to play unknown soundEvent: minecraft:saltwatermobs:entity.lacedon.say
[02:23:13] [Client thread/WARN]: Unable to play unknown soundEvent: minecraft:saltwatermobs:entity.lacedon.say
[02:23:13] [Client thread/WARN]: Unable to play unknown soundEvent: minecraft:nevermine:ChargerLiving
[02:23:20] [Client thread/WARN]: Unable to play unknown soundEvent: minecraft:saltwatermobs:entity.lacedon.say
[02:23:21] [Client thread/WARN]: Unable to play unknown soundEvent: minecraft:nevermine:ChargerLiving
[02:23:22] [Client thread/WARN]: Unable to play unknown soundEvent: minecraft:nevermine:ChargerHit
[02:23:24] [Client thread/WARN]: Unable to play unknown soundEvent: minecraft:saltwatermobs:entity.lacedon.death
[02:23:24] [Client thread/WARN]: Unable to play unknown soundEvent: minecraft:saltwatermobs:entity.lacedon.death
[02:23:27] [Client thread/WARN]: Unable to play unknown soundEvent: minecraft:saltwatermobs:entity.lacedon.death
[02:23:48] [Server thread/WARN]: Can't keep up! Did the system time change, or is the server overloaded? Running 47346ms behind, skipping 946 tick(s)
[02:25:17] [Client thread/INFO]: [CHAT] §dThe ancient unrest is over, for now.
[02:27:39] [Client thread/WARN]: Unable to play unknown soundEvent: minecraft:nevermine:ShadowLiving
[02:27:41] [Client thread/WARN]: Unable to play unknown soundEvent: minecraft:nevermine:ShadowHit
[02:27:53] [Server thread/WARN]: Can't keep up! Did the system time change, or is the server overloaded? Running 2314ms behind, skipping 46 tick(s)
[02:28:20] [Server thread/WARN]: Can't keep up! Did the system time change, or is the server overloaded? Running 2416ms behind, skipping 48 tick(s)
[02:28:54] [Client thread/INFO]: [CHAT] Saved screenshot as 2015-06-11_02.28.53.png
[02:28:59] [Client thread/INFO]: [CHAT] Saved screenshot as 2015-06-11_02.28.58.png
[02:29:01] [Client thread/INFO]: [CHAT] Saved screenshot as 2015-06-11_02.29.00.png
[02:29:03] [Server thread/WARN]: Can't keep up! Did the system time change, or is the server overloaded? Running 19291ms behind, skipping 385 tick(s)
[02:29:08] [Server thread/WARN]: Can't keep up! Did the system time change, or is the server overloaded? Running 4745ms behind, skipping 94 tick(s)
[02:29:37] [Client thread/INFO]: [CHAT] <Maikao> Bring me an Iron Sword, i'll give you something for it.
[02:29:46] [Server thread/WARN]: Can't keep up! Did the system time change, or is the server overloaded? Running 26421ms behind, skipping 528 tick(s)
[02:29:51] [Client thread/INFO]: [CHAT] <Opiaoh> Bring me a Crab, i'll give you something for it.
[02:29:59] [Server thread/WARN]: Can't keep up! Did the system time change, or is the server overloaded? Running 6472ms behind, skipping 129 tick(s)
[02:30:12] [Server thread/WARN]: Can't keep up! Did the system time change, or is the server overloaded? Running 2631ms behind, skipping 52 tick(s)
[02:30:23] [Client thread/WARN]: Unable to play unknown soundEvent: minecraft:nevermine:FacelessRunnerLiving
[02:30:28] [Client thread/WARN]: Unable to play unknown soundEvent: minecraft:nevermine:FacelessRunnerLiving
[02:30:30] [Client thread/WARN]: Unable to play unknown soundEvent: minecraft:nevermine:FacelessRunnerDeath
[02:30:47] [Server thread/WARN]: Can't keep up! Did the system time change, or is the server overloaded? Running 11284ms behind, skipping 225 tick(s)
[02:31:09] [Server thread/WARN]: Can't keep up! Did the system time change, or is the server overloaded? Running 4521ms behind, skipping 90 tick(s)
[02:31:25] [Server thread/WARN]: Can't keep up! Did the system time change, or is the server overloaded? Running 2620ms behind, skipping 52 tick(s)
[02:31:35] [Client thread/INFO]: [CHAT] §bNether fortress portal at: X:-2997 Y:31 Z:-2298§r
[02:31:56] [Client thread/INFO]: [CHAT] §bNether fortress portal at: X:-3457 Y:32 Z:-3005§r
[02:32:08] [Server thread/WARN]: Can't keep up! Did the system time change, or is the server overloaded? Running 28112ms behind, skipping 562 tick(s)
[02:32:14] [Server thread/WARN]: Can't keep up! Did the system time change, or is the server overloaded? Running 2186ms behind, skipping 43 tick(s)
[02:32:47] [Server thread/WARN]: Can't keep up! Did the system time change, or is the server overloaded? Running 10011ms behind, skipping 200 tick(s)
[02:33:16] [Server thread/WARN]: Can't keep up! Did the system time change, or is the server overloaded? Running 2518ms behind, skipping 50 tick(s)
[02:34:42] [Server thread/INFO]: Saving and pausing game...
[02:34:42] [Server thread/INFO]: Saving chunks for level 'New World UGB 22'/Overworld
[02:34:42] [Server thread/INFO]: Saving chunks for level 'New World UGB 22'/Nether
[02:34:42] [Server thread/INFO]: Saving chunks for level 'New World UGB 22'/The Last Millenium
[02:34:42] [Server thread/INFO]: Saving chunks for level 'New World UGB 22'/Wyvern Lair
[02:34:42] [Server thread/INFO]: Saving chunks for level 'New World UGB 22'/Tropics
[02:34:42] [Server thread/INFO]: Saving chunks for level 'New World UGB 22'/Dungeon
[02:34:42] [Server thread/INFO]: Saving chunks for level 'New World UGB 22'/Dungeon
[02:34:42] [Server thread/INFO]: Saving chunks for level 'New World UGB 22'/Dungeon
[02:34:42] [Server thread/INFO]: Saving chunks for level 'New World UGB 22'/Dungeons
[02:34:42] [Server thread/INFO]: Saving chunks for level 'New World UGB 22'/Aether
[02:34:42] [Server thread/INFO]: Saving chunks for level 'New World UGB 22'/Mystic Groves
[02:34:45] [Server thread/INFO]: Stopping server
[02:34:46] [Server thread/INFO]: Saving players
[02:34:46] [Server thread/INFO]: Saving worlds
[02:34:46] [Server thread/INFO]: Saving chunks for level 'New World UGB 22'/Overworld
[02:34:46] [Server thread/INFO]: Saving chunks for level 'New World UGB 22'/Nether
[02:34:46] [Server thread/INFO]: Saving chunks for level 'New World UGB 22'/The Last Millenium
[02:34:46] [Server thread/INFO]: Saving chunks for level 'New World UGB 22'/Wyvern Lair
[02:34:46] [Server thread/INFO]: Saving chunks for level 'New World UGB 22'/Tropics
[02:34:46] [Server thread/INFO]: Saving chunks for level 'New World UGB 22'/Dungeon
[02:34:46] [Server thread/INFO]: Saving chunks for level 'New World UGB 22'/Dungeon
[02:34:46] [Server thread/INFO]: Saving chunks for level 'New World UGB 22'/Dungeon
[02:34:46] [Server thread/INFO]: Saving chunks for level 'New World UGB 22'/Dungeons
[02:34:46] [Server thread/INFO]: Saving chunks for level 'New World UGB 22'/Aether
[02:34:46] [Server thread/INFO]: Saving chunks for level 'New World UGB 22'/Mystic Groves
[02:34:49] [Client thread/INFO]: Stopping!
