[04:32:02] [main/INFO]: Setting user: BogdanG
[04:32:11] [Client thread/INFO]: LWJGL Version: 2.9.4
[04:33:09] [Client thread/INFO]: Reloading ResourceManager: Default, FMLFileResourcePack:Forge Mod Loader, FMLFileResourcePack:Minecraft Forge, FMLFileResourcePack:Not Enough Items, FMLFileResourcePack:Treecapitator, FMLFileResourcePack:Aether II, FMLFileResourcePack:AnimationAPI, FMLFileResourcePack:Antique Atlas, FMLFileResourcePack:AdventOfAscension, FMLFileResourcePack:Applied Energistics 2, FMLFileResourcePack:Backpack, FMLFileResourcePack:Better Foliage, FMLFileResourcePack:BiblioCraft, FMLFileResourcePack:BiblioWoods Forestry Edition, FMLFileResourcePack:Botany, FMLFileResourcePack:Binnie Core, FMLFileResourcePack:Extra Bees, FMLFileResourcePack:Extra Trees, FMLFileResourcePack:Genetics, FMLFileResourcePack:Biomes O' Plenty, FMLFileResourcePack:Blood Magic: Alchemical Wizardry, FMLFileResourcePack:Blue Power, FMLFileResourcePack:Botania, FMLFileResourcePack:BC Builders, FMLFileResourcePack:BC Energy, FMLFileResourcePack:BC Factory, FMLFileResourcePack:BC Silicon, FMLFileResourcePack:BuildCraft, FMLFileResourcePack:BC Transport, FMLFileResourcePack:Carpenter's Blocks, FMLFileResourcePack:ChickenChunks, FMLFileResourcePack:Chisel 2, FMLFileResourcePack:ComputerCraft, FMLFileResourcePack:Build Mod, FMLFileResourcePack:CoroPets, FMLFileResourcePack:CoroAI, FMLFileResourcePack:Extended Renderer, FMLFileResourcePack:Extended Mod Config, FMLFileResourcePack:CraftHeraldry, FMLFileResourcePack:DragonAPI, FMLFileResourcePack:DrZhark's Mo'Creatures Mod, FMLFileResourcePack:Enchanting Plus, FMLFileResourcePack:EvilCraft, FMLFileResourcePack:Extended Potions, FMLFileResourcePack:ExtrabiomesXL, FMLFileResourcePack:Extra Utilities, FMLFileResourcePack:Forestry for Minecraft, FMLFileResourcePack:GeoStrata, FMLFileResourcePack:Gilded Games Utility, FMLFileResourcePack:GraveStone, FMLFileResourcePack:GregTech, FMLFileResourcePack:Hardcore Darkness, FMLFileResourcePack:IndustrialCraft 2, FMLFileResourcePack:Inventory Tweaks, FMLFileResourcePack:Iron Chest, FMLFileResourcePack:Lycanites Mobs, FMLFileResourcePack:Lycanites Freshwater Mobs, FMLFileResourcePack:Lycanites Demon Mobs, FMLFileResourcePack:Lycanites Desert Mobs, FMLFileResourcePack:Lycanites Mountain Mobs, FMLFileResourcePack:Lycanites Jungle Mobs, FMLFileResourcePack:Lycanites Swamp Mobs, FMLFileResourcePack:Lycanites Shadow Mobs, FMLFileResourcePack:Lycanites Inferno Mobs, FMLFileResourcePack:Lycanites Saltwater Mobs, FMLFileResourcePack:Lycanites Forest Mobs, FMLFileResourcePack:Lycanites Plains Mobs, FMLFileResourcePack:Lycanites Arctic Mobs, FMLFileResourcePack:Magic Bees, FMLFileResourcePack:Magic Crusade, FMLFileResourcePack:Mantle, FMLFileResourcePack:§9MrCrayfish's Furniture Mod, FMLFileResourcePack:Mystcraft, FMLFileResourcePack:Natura, FMLFileResourcePack:Nature Overhaul, FMLFileResourcePack:NEI Addons, FMLFileResourcePack:NEI Addons: Applied Energistics 2, FMLFileResourcePack:NEI Addons: Botany, FMLFileResourcePack:NEI Addons: Forestry, FMLFileResourcePack:NEI Addons: Crafting Tables, FMLFileResourcePack:NEI Addons: Ex Nihilo, FMLFileResourcePack:NEI Integration, FMLFileResourcePack:NoMoreRecipeConflict, FMLFileResourcePack:Not Enough Resources, FMLFileResourcePack:Oceancraft, FMLFileResourcePack:Pam's Clay Spawn, FMLFileResourcePack:Pam's DesertCraft, FMLFileResourcePack:Pam's HarvestCraft, FMLFileResourcePack:Pam's Temperate Plants, FMLFileResourcePack:Pam's Weee! Flowers, FMLFileResourcePack:Power Converters, FMLFileResourcePack:Primitive Mobs, FMLFileResourcePack:QmunityLib, FMLFileResourcePack:Random Things, FMLFileResourcePack:Special AI, FMLFileResourcePack:Special Mobs, FMLFileResourcePack:Steve's Carts 2, FMLFileResourcePack:Tropicraft, FMLFileResourcePack:The Twilight Forest, FMLFileResourcePack:Underground Biomes Constructs, FMLFileResourcePack:vChat, FMLFileResourcePack:Waila, FMLFileResourcePack:What Are We Looking At, FMLFileResourcePack:weather2, FMLFileResourcePack:Witchery, FMLFileResourcePack:Ye Gamol Chattels, FMLFileResourcePack:Ztones, FMLFileResourcePack:bspkrsCore, FMLFileResourcePack:Baubles, FMLFileResourcePack:Forge Microblocks, FMLFileResourcePack:Forge Multipart, FMLFileResourcePack:Minecraft Multipart Plugin, ChromaHills-128x_1.7v11.zip
[04:33:09] [Client thread/WARN]: ResourcePack: ignored non-lowercase namespace: alchemicalwizardryBooks in D:\nmine\mods\BloodMagic-1.7.10-1.3.3-4.jar
[04:33:09] [Client thread/WARN]: ResourcePack: ignored non-lowercase namespace: alchemicalwizardryBooks in D:\nmine\mods\BloodMagic-1.7.10-1.3.3-4.jar
[04:33:09] [Client thread/WARN]: ResourcePack: ignored non-lowercase namespace: alchemicalwizardryBooks in D:\nmine\mods\BloodMagic-1.7.10-1.3.3-4.jar
[04:33:09] [Client thread/WARN]: ResourcePack: ignored non-lowercase namespace: alchemicalwizardryBooks in D:\nmine\mods\BloodMagic-1.7.10-1.3.3-4.jar
[04:33:09] [Client thread/WARN]: ResourcePack: ignored non-lowercase namespace: alchemicalwizardryBooks in D:\nmine\mods\BloodMagic-1.7.10-1.3.3-4.jar
[04:33:09] [Client thread/WARN]: ResourcePack: ignored non-lowercase namespace: alchemicalwizardryBooks in D:\nmine\mods\BloodMagic-1.7.10-1.3.3-4.jar
[04:33:09] [Client thread/WARN]: ResourcePack: ignored non-lowercase namespace: alchemicalwizardryBooks in D:\nmine\mods\magicbees-1.7.10-2.3.1.jar
[04:33:09] [Client thread/WARN]: ResourcePack: ignored non-lowercase namespace: alchemicalwizardryBooks in D:\nmine\mods\magicbees-1.7.10-2.3.1.jar
[04:34:40] [Sound Library Loader/INFO]: Sound engine started
[04:34:40] [Client thread/WARN]: File nevermine:sounds/AuguryTransfer.ogg does not exist, cannot add it to event nevermine:AuguryTransfer
[04:34:44] [Client thread/ERROR]: Using missing texture, unable to load minecraft:textures/blocks/MISSING_ICON_BLOCK_1773_blockSpellEnhancement.png, java.io.FileNotFoundException
[04:34:45] [Client thread/ERROR]: Using missing texture, unable to load minecraft:textures/blocks/MISSING_ICON_BLOCK_1775_blockSpellEffect.png, java.io.FileNotFoundException
[04:34:46] [Client thread/ERROR]: Using missing texture, unable to load minecraft:textures/blocks/null Emerald Ore.png, java.io.FileNotFoundException
[04:34:46] [Client thread/ERROR]: Using missing texture, unable to load minecraft:textures/blocks/MISSING_ICON_BLOCK_2853_tile.metamorphicStone.png, java.io.FileNotFoundException
[04:34:47] [Client thread/ERROR]: Using missing texture, unable to load minecraft:textures/blocks/MISSING_ICON_BLOCK_2861_null.png, java.io.FileNotFoundException
[04:34:47] [Client thread/ERROR]: Using missing texture, unable to load minecraft:textures/blocks/MISSING_ICON_BLOCK_2867_null.png, java.io.FileNotFoundException
[04:34:47] [Client thread/ERROR]: Using missing texture, unable to load minecraft:textures/blocks/MISSING_ICON_BLOCK_1781_crystalBelljar.png, java.io.FileNotFoundException
[04:34:48] [Client thread/ERROR]: Using missing texture, unable to load minecraft:textures/blocks/MISSING_ICON_BLOCK_1353_bookshelf.png, java.io.FileNotFoundException
[04:34:48] [Client thread/ERROR]: Using missing texture, unable to load minecraft:textures/blocks/null Redstone Ore.png, java.io.FileNotFoundException
[04:34:48] [Client thread/ERROR]: Using missing texture, unable to load minecraft:textures/blocks/MISSING_ICON_BLOCK_1784_blockMimic.png, java.io.FileNotFoundException
[04:34:49] [Client thread/ERROR]: Using missing texture, unable to load extrautils:textures/blocks/enderQuarryUpgrade.png, java.io.FileNotFoundException
[04:34:49] [Client thread/ERROR]: Using missing texture, unable to load chisel:textures/blocks/futura/WIP/controllerWIP-ctm.png, java.io.FileNotFoundException
[04:34:50] [Client thread/ERROR]: Using missing texture, unable to load minecraft:textures/blocks/MISSING_ICON_BLOCK_2868_null.png, java.io.FileNotFoundException
[04:34:50] [Client thread/ERROR]: Using missing texture, unable to load minecraft:textures/blocks/MISSING_ICON_BLOCK_2860_null.png, java.io.FileNotFoundException
[04:34:51] [Client thread/ERROR]: Using missing texture, unable to load minecraft:textures/blocks/MISSING_ICON_BLOCK_2869_null.png, java.io.FileNotFoundException
[04:34:51] [Client thread/ERROR]: Using missing texture, unable to load minecraft:textures/blocks/MISSING_ICON_BLOCK_2850_tile.igneousStone.png, java.io.FileNotFoundException
[04:34:51] [Client thread/ERROR]: Using missing texture, unable to load minecraft:textures/blocks/null Diamond Ore.png, java.io.FileNotFoundException
[04:34:51] [Client thread/ERROR]: Using missing texture, unable to load minecraft:textures/blocks/null Coal Ore.png, java.io.FileNotFoundException
[04:34:51] [Client thread/ERROR]: Using missing texture, unable to load minecraft:textures/blocks/MISSING_ICON_BLOCK_2857_null.png, java.io.FileNotFoundException
[04:34:52] [Client thread/ERROR]: Using missing texture, unable to load minecraft:textures/blocks/MISSING_ICON_BLOCK_2856_tile.sedimentaryStone.png, java.io.FileNotFoundException
[04:34:52] [Client thread/ERROR]: Using missing texture, unable to load minecraft:textures/blocks/MISSING_ICON_BLOCK_1774_blockSpellModifier.png, java.io.FileNotFoundException
[04:34:52] [Client thread/ERROR]: Using missing texture, unable to load minecraft:textures/blocks/MISSING_ICON_BLOCK_2862_null.png, java.io.FileNotFoundException
[04:34:52] [Client thread/ERROR]: Using missing texture, unable to load minecraft:textures/blocks/MISSING_ICON_BLOCK_2859_null.png, java.io.FileNotFoundException
[04:34:52] [Client thread/ERROR]: Using missing texture, unable to load minecraft:textures/blocks/MISSING_ICON_BLOCK_1778_schematicSaver.png, java.io.FileNotFoundException
[04:34:52] [Client thread/ERROR]: Using missing texture, unable to load minecraft:textures/blocks/MISSING_ICON_BLOCK_2865_null.png, java.io.FileNotFoundException
[04:34:52] [Client thread/ERROR]: Using missing texture, unable to load minecraft:textures/blocks/MISSING_ICON_BLOCK_2866_null.png, java.io.FileNotFoundException
[04:34:52] [Client thread/ERROR]: Using missing texture, unable to load minecraft:textures/blocks/MISSING_ICON_BLOCK_1772_blockSpellParadigm.png, java.io.FileNotFoundException
[04:34:52] [Client thread/ERROR]: Using missing texture, unable to load minecraft:textures/blocks/null tile.monsterStoneEgg.name.png, java.io.FileNotFoundException
[04:34:53] [Client thread/ERROR]: Using missing texture, unable to load minecraft:textures/blocks/null Gold Ore.png, java.io.FileNotFoundException
[04:34:53] [Client thread/ERROR]: Using missing texture, unable to load minecraft:textures/blocks/MISSING_ICON_BLOCK_1780_alchemicCalcinator.png, java.io.FileNotFoundException
[04:34:53] [Client thread/ERROR]: Using missing texture, unable to load minecraft:textures/blocks/planks.png, java.io.FileNotFoundException
[04:34:53] [Client thread/ERROR]: Using missing texture, unable to load minecraft:textures/blocks/MISSING_ICON_BLOCK_2863_null.png, java.io.FileNotFoundException
[04:34:54] [Client thread/ERROR]: Using missing texture, unable to load minecraft:textures/blocks/MISSING_ICON_BLOCK_2858_null.png, java.io.FileNotFoundException
[04:34:55] [Client thread/ERROR]: Using missing texture, unable to load minecraft:textures/blocks/null Lapis Lazuli Ore.png, java.io.FileNotFoundException
[04:34:55] [Client thread/ERROR]: Using missing texture, unable to load minecraft:textures/blocks/MISSING_ICON_BLOCK_2870_null.png, java.io.FileNotFoundException
[04:34:55] [Client thread/ERROR]: Using missing texture, unable to load minecraft:textures/blocks/MISSING_ICON_BLOCK_2864_null.png, java.io.FileNotFoundException
[04:34:55] [Client thread/ERROR]: Using missing texture, unable to load minecraft:textures/blocks/null Iron Ore.png, java.io.FileNotFoundException
[04:34:56] [Client thread/INFO]: Created: 8192x4096 textures/blocks-atlas
[04:34:58] [Client thread/ERROR]: Using missing texture, unable to load missing_icon_item_6484_extrautils:textures/items/microblocks.png, java.io.FileNotFoundException
[04:34:58] [Client thread/ERROR]: Using missing texture, unable to load alchemicalwizardry:textures/items/SigilOfTheFastMiner.png, java.io.FileNotFoundException
[04:34:59] [Client thread/ERROR]: Using missing texture, unable to load gregtech:textures/items/gt.metaitem.01/621.png, java.io.FileNotFoundException
[04:34:59] [Client thread/ERROR]: Using missing texture, unable to load gregtech:textures/items/gt.metaitem.01/620.png, java.io.FileNotFoundException
[04:34:59] [Client thread/ERROR]: Using missing texture, unable to load gregtech:textures/items/gt.metaitem.01/623.png, java.io.FileNotFoundException
[04:34:59] [Client thread/ERROR]: Using missing texture, unable to load gregtech:textures/items/gt.metaitem.01/622.png, java.io.FileNotFoundException
[04:34:59] [Client thread/ERROR]: Using missing texture, unable to load gregtech:textures/items/gt.metaitem.01/624.png, java.io.FileNotFoundException
[04:35:00] [Client thread/ERROR]: Using missing texture, unable to load extrabees:textures/items/misc/blutoniumDust.png, java.io.FileNotFoundException
[04:35:00] [Client thread/ERROR]: Using missing texture, unable to load chisel:textures/items/upgrade_reversion.png, java.io.FileNotFoundException
[04:35:00] [Client thread/ERROR]: Using missing texture, unable to load missing_icon_item_6467_extrautils:textures/items/lawSword.png, java.io.FileNotFoundException
[04:35:00] [Client thread/INFO]: Created: 4096x2048 textures/items-atlas
[04:40:04] [Client thread/INFO]: Reloading ResourceManager: Default, FMLFileResourcePack:Forge Mod Loader, FMLFileResourcePack:Minecraft Forge, FMLFileResourcePack:Not Enough Items, FMLFileResourcePack:Treecapitator, FMLFileResourcePack:Aether II, FMLFileResourcePack:AnimationAPI, FMLFileResourcePack:Antique Atlas, FMLFileResourcePack:AdventOfAscension, FMLFileResourcePack:Applied Energistics 2, FMLFileResourcePack:Backpack, FMLFileResourcePack:Better Foliage, FMLFileResourcePack:BiblioCraft, FMLFileResourcePack:BiblioWoods Forestry Edition, FMLFileResourcePack:Botany, FMLFileResourcePack:Binnie Core, FMLFileResourcePack:Extra Bees, FMLFileResourcePack:Extra Trees, FMLFileResourcePack:Genetics, FMLFileResourcePack:Biomes O' Plenty, FMLFileResourcePack:Blood Magic: Alchemical Wizardry, FMLFileResourcePack:Blue Power, FMLFileResourcePack:Botania, FMLFileResourcePack:BC Builders, FMLFileResourcePack:BC Energy, FMLFileResourcePack:BC Factory, FMLFileResourcePack:BC Silicon, FMLFileResourcePack:BuildCraft, FMLFileResourcePack:BC Transport, FMLFileResourcePack:Carpenter's Blocks, FMLFileResourcePack:ChickenChunks, FMLFileResourcePack:Chisel 2, FMLFileResourcePack:ComputerCraft, FMLFileResourcePack:Build Mod, FMLFileResourcePack:CoroPets, FMLFileResourcePack:CoroAI, FMLFileResourcePack:Extended Renderer, FMLFileResourcePack:Extended Mod Config, FMLFileResourcePack:CraftHeraldry, FMLFileResourcePack:DragonAPI, FMLFileResourcePack:DrZhark's Mo'Creatures Mod, FMLFileResourcePack:Enchanting Plus, FMLFileResourcePack:EvilCraft, FMLFileResourcePack:Extended Potions, FMLFileResourcePack:ExtrabiomesXL, FMLFileResourcePack:Extra Utilities, FMLFileResourcePack:Forestry for Minecraft, FMLFileResourcePack:GeoStrata, FMLFileResourcePack:Gilded Games Utility, FMLFileResourcePack:GraveStone, FMLFileResourcePack:GregTech, FMLFileResourcePack:Hardcore Darkness, FMLFileResourcePack:IndustrialCraft 2, FMLFileResourcePack:Inventory Tweaks, FMLFileResourcePack:Iron Chest, FMLFileResourcePack:Lycanites Mobs, FMLFileResourcePack:Lycanites Freshwater Mobs, FMLFileResourcePack:Lycanites Demon Mobs, FMLFileResourcePack:Lycanites Desert Mobs, FMLFileResourcePack:Lycanites Mountain Mobs, FMLFileResourcePack:Lycanites Jungle Mobs, FMLFileResourcePack:Lycanites Swamp Mobs, FMLFileResourcePack:Lycanites Shadow Mobs, FMLFileResourcePack:Lycanites Inferno Mobs, FMLFileResourcePack:Lycanites Saltwater Mobs, FMLFileResourcePack:Lycanites Forest Mobs, FMLFileResourcePack:Lycanites Plains Mobs, FMLFileResourcePack:Lycanites Arctic Mobs, FMLFileResourcePack:Magic Bees, FMLFileResourcePack:Magic Crusade, FMLFileResourcePack:Mantle, FMLFileResourcePack:§9MrCrayfish's Furniture Mod, FMLFileResourcePack:Mystcraft, FMLFileResourcePack:Natura, FMLFileResourcePack:Nature Overhaul, FMLFileResourcePack:NEI Addons, FMLFileResourcePack:NEI Addons: Applied Energistics 2, FMLFileResourcePack:NEI Addons: Botany, FMLFileResourcePack:NEI Addons: Forestry, FMLFileResourcePack:NEI Addons: Crafting Tables, FMLFileResourcePack:NEI Addons: Ex Nihilo, FMLFileResourcePack:NEI Integration, FMLFileResourcePack:NoMoreRecipeConflict, FMLFileResourcePack:Not Enough Resources, FMLFileResourcePack:Oceancraft, FMLFileResourcePack:Pam's Clay Spawn, FMLFileResourcePack:Pam's DesertCraft, FMLFileResourcePack:Pam's HarvestCraft, FMLFileResourcePack:Pam's Temperate Plants, FMLFileResourcePack:Pam's Weee! Flowers, FMLFileResourcePack:Power Converters, FMLFileResourcePack:Primitive Mobs, FMLFileResourcePack:QmunityLib, FMLFileResourcePack:Random Things, FMLFileResourcePack:Special AI, FMLFileResourcePack:Special Mobs, FMLFileResourcePack:Steve's Carts 2, FMLFileResourcePack:Tropicraft, FMLFileResourcePack:The Twilight Forest, FMLFileResourcePack:Underground Biomes Constructs, FMLFileResourcePack:vChat, FMLFileResourcePack:Waila, FMLFileResourcePack:What Are We Looking At, FMLFileResourcePack:weather2, FMLFileResourcePack:Witchery, FMLFileResourcePack:Ye Gamol Chattels, FMLFileResourcePack:Ztones, FMLFileResourcePack:bspkrsCore, FMLFileResourcePack:Baubles, FMLFileResourcePack:Forge Microblocks, FMLFileResourcePack:Forge Multipart, FMLFileResourcePack:Minecraft Multipart Plugin, FMLFileResourcePack:Carpenter's Blocks Cached Resources, ChromaHills-128x_1.7v11.zip
[04:40:04] [Client thread/WARN]: ResourcePack: ignored non-lowercase namespace: alchemicalwizardryBooks in D:\nmine\mods\BloodMagic-1.7.10-1.3.3-4.jar
[04:40:04] [Client thread/WARN]: ResourcePack: ignored non-lowercase namespace: alchemicalwizardryBooks in D:\nmine\mods\BloodMagic-1.7.10-1.3.3-4.jar
[04:40:04] [Client thread/WARN]: ResourcePack: ignored non-lowercase namespace: alchemicalwizardryBooks in D:\nmine\mods\BloodMagic-1.7.10-1.3.3-4.jar
[04:40:04] [Client thread/WARN]: ResourcePack: ignored non-lowercase namespace: alchemicalwizardryBooks in D:\nmine\mods\BloodMagic-1.7.10-1.3.3-4.jar
[04:40:04] [Client thread/WARN]: ResourcePack: ignored non-lowercase namespace: alchemicalwizardryBooks in D:\nmine\mods\BloodMagic-1.7.10-1.3.3-4.jar
[04:40:04] [Client thread/WARN]: ResourcePack: ignored non-lowercase namespace: alchemicalwizardryBooks in D:\nmine\mods\BloodMagic-1.7.10-1.3.3-4.jar
[04:40:04] [Client thread/WARN]: ResourcePack: ignored non-lowercase namespace: alchemicalwizardryBooks in D:\nmine\mods\magicbees-1.7.10-2.3.1.jar
[04:40:04] [Client thread/WARN]: ResourcePack: ignored non-lowercase namespace: alchemicalwizardryBooks in D:\nmine\mods\magicbees-1.7.10-2.3.1.jar
[04:40:10] [Client thread/ERROR]: Using missing texture, unable to load minecraft:textures/blocks/MISSING_ICON_BLOCK_1773_blockSpellEnhancement.png, java.io.FileNotFoundException
[04:40:11] [Client thread/ERROR]: Using missing texture, unable to load minecraft:textures/blocks/MISSING_ICON_BLOCK_1775_blockSpellEffect.png, java.io.FileNotFoundException
[04:40:12] [Client thread/ERROR]: Using missing texture, unable to load geostrata:textures/blocks/connected/3_sec.png, java.io.FileNotFoundException
[04:40:12] [Client thread/ERROR]: Using missing texture, unable to load minecraft:textures/blocks/null Emerald Ore.png, java.io.FileNotFoundException
[04:40:12] [Client thread/ERROR]: Using missing texture, unable to load minecraft:textures/blocks/MISSING_ICON_BLOCK_2853_tile.metamorphicStone.png, java.io.FileNotFoundException
[04:40:12] [Client thread/ERROR]: Using missing texture, unable to load minecraft:textures/blocks/MISSING_ICON_BLOCK_2861_null.png, java.io.FileNotFoundException
[04:40:13] [Client thread/ERROR]: Using missing texture, unable to load minecraft:textures/blocks/MISSING_ICON_BLOCK_2867_null.png, java.io.FileNotFoundException
[04:40:13] [Client thread/ERROR]: Using missing texture, unable to load geostrata:textures/blocks/connected/7_sec.png, java.io.FileNotFoundException
[04:40:13] [Client thread/ERROR]: Using missing texture, unable to load minecraft:textures/blocks/MISSING_ICON_BLOCK_1781_crystalBelljar.png, java.io.FileNotFoundException
[04:40:13] [Client thread/ERROR]: Using missing texture, unable to load geostrata:textures/blocks/connected/0_sec.png, java.io.FileNotFoundException
[04:40:13] [Client thread/ERROR]: Using missing texture, unable to load minecraft:textures/blocks/MISSING_ICON_BLOCK_1353_bookshelf.png, java.io.FileNotFoundException
[04:40:14] [Client thread/ERROR]: Using missing texture, unable to load minecraft:textures/blocks/null Redstone Ore.png, java.io.FileNotFoundException
[04:40:14] [Client thread/ERROR]: Using missing texture, unable to load minecraft:textures/blocks/MISSING_ICON_BLOCK_1784_blockMimic.png, java.io.FileNotFoundException
[04:40:14] [Client thread/ERROR]: Using missing texture, unable to load minecraft:textures/blocks/MISSING_ICON_BLOCK_3169_Slab.png, java.io.FileNotFoundException
[04:40:15] [Client thread/ERROR]: Using missing texture, unable to load extrautils:textures/blocks/enderQuarryUpgrade.png, java.io.FileNotFoundException
[04:40:15] [Client thread/ERROR]: Using missing texture, unable to load geostrata:textures/blocks/connected/4_sec.png, java.io.FileNotFoundException
[04:40:15] [Client thread/ERROR]: Using missing texture, unable to load chisel:textures/blocks/futura/WIP/controllerWIP-ctm.png, java.io.FileNotFoundException
[04:40:16] [Client thread/ERROR]: Using missing texture, unable to load geostrata:textures/blocks/shaped/unstitched/tile15_3.png, java.io.FileNotFoundException
[04:40:16] [Client thread/ERROR]: Using missing texture, unable to load geostrata:textures/blocks/shaped/unstitched/tile15_4.png, java.io.FileNotFoundException
[04:40:16] [Client thread/ERROR]: Using missing texture, unable to load geostrata:textures/blocks/shaped/unstitched/tile15_5.png, java.io.FileNotFoundException
[04:40:16] [Client thread/ERROR]: Using missing texture, unable to load geostrata:textures/blocks/shaped/unstitched/tile15_6.png, java.io.FileNotFoundException
[04:40:16] [Client thread/ERROR]: Using missing texture, unable to load geostrata:textures/blocks/shaped/unstitched/tile15_0.png, java.io.FileNotFoundException
[04:40:16] [Client thread/ERROR]: Using missing texture, unable to load geostrata:textures/blocks/shaped/unstitched/tile15_1.png, java.io.FileNotFoundException
[04:40:16] [Client thread/ERROR]: Using missing texture, unable to load geostrata:textures/blocks/shaped/unstitched/tile15_2.png, java.io.FileNotFoundException
[04:40:16] [Client thread/ERROR]: Using missing texture, unable to load geostrata:textures/blocks/shaped/unstitched/tile15_8.png, java.io.FileNotFoundException
[04:40:16] [Client thread/ERROR]: Using missing texture, unable to load geostrata:textures/blocks/shaped/unstitched/tile15_7.png, java.io.FileNotFoundException
[04:40:16] [Client thread/ERROR]: Using missing texture, unable to load geostrata:textures/blocks/shaped/unstitched/tile15_9.png, java.io.FileNotFoundException
[04:40:16] [Client thread/ERROR]: Using missing texture, unable to load geostrata:textures/blocks/connected2/0_sec.png, java.io.FileNotFoundException
[04:40:16] [Client thread/ERROR]: Using missing texture, unable to load geostrata:textures/blocks/connected/8_sec.png, java.io.FileNotFoundException
[04:40:17] [Client thread/ERROR]: Using missing texture, unable to load minecraft:textures/blocks/MISSING_ICON_BLOCK_2868_null.png, java.io.FileNotFoundException
[04:40:17] [Client thread/ERROR]: Using missing texture, unable to load minecraft:textures/blocks/MISSING_ICON_BLOCK_2860_null.png, java.io.FileNotFoundException
[04:40:17] [Client thread/ERROR]: Using missing texture, unable to load geostrata:textures/blocks/connected/9_sec.png, java.io.FileNotFoundException
[04:40:18] [Client thread/ERROR]: Using missing texture, unable to load minecraft:textures/blocks/MISSING_ICON_BLOCK_2869_null.png, java.io.FileNotFoundException
[04:40:18] [Client thread/ERROR]: Using missing texture, unable to load minecraft:textures/blocks/MISSING_ICON_BLOCK_2850_tile.igneousStone.png, java.io.FileNotFoundException
[04:40:18] [Client thread/ERROR]: Using missing texture, unable to load minecraft:textures/blocks/null Diamond Ore.png, java.io.FileNotFoundException
[04:40:19] [Client thread/ERROR]: Using missing texture, unable to load minecraft:textures/blocks/null Coal Ore.png, java.io.FileNotFoundException
[04:40:19] [Client thread/ERROR]: Using missing texture, unable to load geostrata:textures/blocks/connected/5_sec.png, java.io.FileNotFoundException
[04:40:19] [Client thread/ERROR]: Using missing texture, unable to load minecraft:textures/blocks/MISSING_ICON_BLOCK_2857_null.png, java.io.FileNotFoundException
[04:40:19] [Client thread/ERROR]: Using missing texture, unable to load minecraft:textures/blocks/MISSING_ICON_BLOCK_2856_tile.sedimentaryStone.png, java.io.FileNotFoundException
[04:40:20] [Client thread/ERROR]: Using missing texture, unable to load geostrata:textures/blocks/shaped/unstitched/tile15_10.png, java.io.FileNotFoundException
[04:40:20] [Client thread/ERROR]: Using missing texture, unable to load geostrata:textures/blocks/shaped/unstitched/tile15_11.png, java.io.FileNotFoundException
[04:40:20] [Client thread/ERROR]: Using missing texture, unable to load geostrata:textures/blocks/shaped/unstitched/tile15_16.png, java.io.FileNotFoundException
[04:40:20] [Client thread/ERROR]: Using missing texture, unable to load geostrata:textures/blocks/shaped/unstitched/tile15_12.png, java.io.FileNotFoundException
[04:40:20] [Client thread/ERROR]: Using missing texture, unable to load geostrata:textures/blocks/shaped/unstitched/tile15_13.png, java.io.FileNotFoundException
[04:40:20] [Client thread/ERROR]: Using missing texture, unable to load geostrata:textures/blocks/shaped/unstitched/tile15_14.png, java.io.FileNotFoundException
[04:40:20] [Client thread/ERROR]: Using missing texture, unable to load geostrata:textures/blocks/shaped/unstitched/tile15_15.png, java.io.FileNotFoundException
[04:40:20] [Client thread/ERROR]: Using missing texture, unable to load minecraft:textures/blocks/MISSING_ICON_BLOCK_1774_blockSpellModifier.png, java.io.FileNotFoundException
[04:40:20] [Client thread/ERROR]: Using missing texture, unable to load minecraft:textures/blocks/MISSING_ICON_BLOCK_2862_null.png, java.io.FileNotFoundException
[04:40:20] [Client thread/ERROR]: Using missing texture, unable to load minecraft:textures/blocks/MISSING_ICON_BLOCK_2859_null.png, java.io.FileNotFoundException
[04:40:20] [Client thread/ERROR]: Using missing texture, unable to load minecraft:textures/blocks/MISSING_ICON_BLOCK_1778_schematicSaver.png, java.io.FileNotFoundException
[04:40:20] [Client thread/ERROR]: Using missing texture, unable to load minecraft:textures/blocks/MISSING_ICON_BLOCK_2865_null.png, java.io.FileNotFoundException
[04:40:20] [Client thread/ERROR]: Using missing texture, unable to load minecraft:textures/blocks/MISSING_ICON_BLOCK_2866_null.png, java.io.FileNotFoundException
[04:40:20] [Client thread/ERROR]: Using missing texture, unable to load minecraft:textures/blocks/MISSING_ICON_BLOCK_1772_blockSpellParadigm.png, java.io.FileNotFoundException
[04:40:20] [Client thread/ERROR]: Using missing texture, unable to load minecraft:textures/blocks/null tile.monsterStoneEgg.name.png, java.io.FileNotFoundException
[04:40:20] [Client thread/ERROR]: Using missing texture, unable to load weather2:textures/blocks/WindVane.png, java.io.FileNotFoundException
[04:40:21] [Client thread/ERROR]: Using missing texture, unable to load geostrata:textures/blocks/connected/1_sec.png, java.io.FileNotFoundException
[04:40:22] [Client thread/ERROR]: Using missing texture, unable to load minecraft:textures/blocks/null Gold Ore.png, java.io.FileNotFoundException
[04:40:22] [Client thread/ERROR]: Using missing texture, unable to load minecraft:textures/blocks/MISSING_ICON_BLOCK_1780_alchemicCalcinator.png, java.io.FileNotFoundException
[04:40:22] [Client thread/ERROR]: Using missing texture, unable to load geostrata:textures/blocks/connected/6_sec.png, java.io.FileNotFoundException
[04:40:22] [Client thread/ERROR]: Using missing texture, unable to load weather2:textures/blocks/Anemometer.png, java.io.FileNotFoundException
[04:40:22] [Client thread/ERROR]: Using missing texture, unable to load minecraft:textures/blocks/planks.png, java.io.FileNotFoundException
[04:40:22] [Client thread/ERROR]: Using missing texture, unable to load minecraft:textures/blocks/MISSING_ICON_BLOCK_2863_null.png, java.io.FileNotFoundException
[04:40:23] [Client thread/ERROR]: Using missing texture, unable to load minecraft:textures/blocks/MISSING_ICON_BLOCK_2858_null.png, java.io.FileNotFoundException
[04:40:24] [Client thread/ERROR]: Using missing texture, unable to load bluepower:textures/blocks/machines/igniter_side_0.png, java.io.FileNotFoundException
[04:40:24] [Client thread/ERROR]: Using missing texture, unable to load minecraft:textures/blocks/null Lapis Lazuli Ore.png, java.io.FileNotFoundException
[04:40:24] [Client thread/ERROR]: Using missing texture, unable to load minecraft:textures/blocks/MISSING_ICON_BLOCK_2870_null.png, java.io.FileNotFoundException
[04:40:24] [Client thread/ERROR]: Using missing texture, unable to load minecraft:textures/blocks/MISSING_ICON_BLOCK_2864_null.png, java.io.FileNotFoundException
[04:40:24] [Client thread/ERROR]: Using missing texture, unable to load minecraft:textures/blocks/null Iron Ore.png, java.io.FileNotFoundException
[04:40:25] [Client thread/ERROR]: Using missing texture, unable to load geostrata:textures/blocks/connected/2_sec.png, java.io.FileNotFoundException
[04:40:26] [Client thread/INFO]: Created: 8192x4096 textures/blocks-atlas
[04:40:28] [Client thread/ERROR]: Using missing texture, unable to load missing_icon_item_6484_extrautils:textures/items/microblocks.png, java.io.FileNotFoundException
[04:40:29] [Client thread/ERROR]: Using missing texture, unable to load minecraft:textures/items/MISSING_ICON_ITEM_8122_Corpse.png, java.io.FileNotFoundException
[04:40:31] [Client thread/ERROR]: Using missing texture, unable to load missing_icon_item_6467_extrautils:textures/items/lawSword.png, java.io.FileNotFoundException
[04:40:31] [Client thread/ERROR]: Using missing texture, unable to load alchemicalwizardry:textures/items/SigilOfTheFastMiner.png, java.io.FileNotFoundException
[04:40:32] [Client thread/ERROR]: Using missing texture, unable to load gregtech:textures/items/gt.metaitem.01/621.png, java.io.FileNotFoundException
[04:40:32] [Client thread/ERROR]: Using missing texture, unable to load gregtech:textures/items/gt.metaitem.01/620.png, java.io.FileNotFoundException
[04:40:32] [Client thread/ERROR]: Using missing texture, unable to load gregtech:textures/items/gt.metaitem.01/623.png, java.io.FileNotFoundException
[04:40:32] [Client thread/ERROR]: Using missing texture, unable to load gregtech:textures/items/gt.metaitem.01/622.png, java.io.FileNotFoundException
[04:40:32] [Client thread/ERROR]: Using missing texture, unable to load gregtech:textures/items/gt.metaitem.01/624.png, java.io.FileNotFoundException
[04:40:32] [Client thread/ERROR]: Using missing texture, unable to load extrabees:textures/items/misc/blutoniumDust.png, java.io.FileNotFoundException
[04:40:32] [Client thread/ERROR]: Using missing texture, unable to load chisel:textures/items/upgrade_reversion.png, java.io.FileNotFoundException
[04:40:32] [Client thread/INFO]: Created: 4096x2048 textures/items-atlas
[04:40:35] [Sound Library Loader/INFO]: Sound engine started
[04:40:35] [Client thread/WARN]: File nevermine:sounds/AuguryTransfer.ogg does not exist, cannot add it to event nevermine:AuguryTransfer
[04:41:15] [Client thread/INFO]: Deleting level New World UGB 16
[04:41:15] [Client thread/INFO]: Attempt 1...
[04:41:42] [Server thread/INFO]: Starting integrated minecraft server version 1.7.10
[04:41:42] [Server thread/INFO]: Generating keypair
[04:41:43] [Server thread/INFO]: Converting map!
[04:41:43] [Server thread/INFO]: Scanning folders...
[04:41:43] [Server thread/INFO]: Total conversion count is 0
[04:41:48] [Server thread/WARN]: Unable to find spawn biome
[04:42:01] [Server thread/WARN]: Unable to find spawn biome
[04:42:02] [Server thread/WARN]: Unable to find spawn biome
[04:42:04] [Server thread/INFO]: Preparing start region for level 0
[04:42:06] [Server thread/INFO]: Preparing spawn area: 1%
[04:42:07] [Server thread/INFO]: Preparing spawn area: 2%
[04:42:16] [Server thread/INFO]: Preparing spawn area: 4%
[04:42:29] [Server thread/INFO]: Preparing spawn area: 4%
[04:42:36] [Server thread/INFO]: Preparing spawn area: 4%
[04:42:44] [Server thread/INFO]: Preparing spawn area: 4%
[04:42:52] [Server thread/INFO]: Preparing spawn area: 4%
[04:43:00] [Server thread/INFO]: Preparing spawn area: 5%
[04:43:29] [Server thread/INFO]: Preparing spawn area: 5%
[04:43:50] [Server thread/INFO]: Preparing spawn area: 5%
[04:43:59] [Server thread/INFO]: Preparing spawn area: 5%
[04:44:20] [Server thread/INFO]: Preparing spawn area: 5%
[04:44:30] [Server thread/INFO]: Preparing spawn area: 5%
[04:44:41] [Server thread/INFO]: Preparing spawn area: 6%
[04:45:35] [Server thread/INFO]: Preparing spawn area: 6%
[04:46:23] [Server thread/INFO]: Preparing spawn area: 6%
[04:46:28] [Server thread/INFO]: Preparing spawn area: 6%
[04:46:30] [Server thread/INFO]: Preparing spawn area: 7%
[04:46:31] [Server thread/INFO]: Preparing spawn area: 8%
[04:46:36] [Server thread/INFO]: Preparing spawn area: 8%
[04:46:38] [Server thread/INFO]: Preparing spawn area: 8%
[04:46:40] [Server thread/INFO]: Preparing spawn area: 10%
[04:46:42] [Server thread/INFO]: Preparing spawn area: 10%
[04:46:43] [Server thread/INFO]: Preparing spawn area: 11%
[04:46:44] [Server thread/INFO]: Preparing spawn area: 18%
[04:46:45] [Server thread/INFO]: Preparing spawn area: 20%
[04:46:46] [Server thread/INFO]: Preparing spawn area: 21%
[04:46:48] [Server thread/INFO]: Preparing spawn area: 22%
[04:46:49] [Server thread/INFO]: Preparing spawn area: 29%
[04:46:50] [Server thread/INFO]: Preparing spawn area: 31%
[04:46:51] [Server thread/INFO]: Preparing spawn area: 32%
[04:46:52] [Server thread/INFO]: Preparing spawn area: 33%
[04:46:54] [Server thread/INFO]: Preparing spawn area: 35%
[04:46:55] [Server thread/INFO]: Preparing spawn area: 42%
[04:46:56] [Server thread/INFO]: Preparing spawn area: 44%
[04:46:57] [Server thread/INFO]: Preparing spawn area: 45%
[04:46:58] [Server thread/INFO]: Preparing spawn area: 47%
[04:46:59] [Server thread/INFO]: Preparing spawn area: 54%
[04:47:00] [Server thread/INFO]: Preparing spawn area: 56%
[04:47:01] [Server thread/INFO]: Preparing spawn area: 56%
[04:47:03] [Server thread/INFO]: Preparing spawn area: 58%
[04:47:04] [Server thread/INFO]: Preparing spawn area: 59%
[04:47:05] [Server thread/INFO]: Preparing spawn area: 66%
[04:47:06] [Server thread/INFO]: Preparing spawn area: 68%
[04:47:07] [Server thread/INFO]: Preparing spawn area: 70%
[04:47:08] [Server thread/INFO]: Preparing spawn area: 71%
[04:47:10] [Server thread/INFO]: Preparing spawn area: 76%
[04:47:11] [Server thread/INFO]: Preparing spawn area: 79%
[04:47:12] [Server thread/INFO]: Preparing spawn area: 81%
[04:47:13] [Server thread/INFO]: Preparing spawn area: 82%
[04:47:14] [Server thread/INFO]: Preparing spawn area: 90%
[04:47:15] [Server thread/INFO]: Preparing spawn area: 92%
[04:47:16] [Server thread/INFO]: Preparing spawn area: 93%
[04:47:17] [Server thread/INFO]: Preparing spawn area: 95%
[04:47:26] [Server thread/INFO]: Changing view distance to 6, from 10
[04:47:27] [Server thread/WARN]: Can't keep up! Did the system time change, or is the server overloaded? Running 6817ms behind, skipping 136 tick(s)
[04:47:30] [Server thread/INFO]: BogdanG[local:E:3cf9ef46] logged in with entity id 452 at (1010.5, 77.0, 1003.5)
[04:47:30] [Server thread/INFO]: BogdanG joined the game
[04:47:31] [Client thread/INFO]: [CHAT] Your client is using a FastCraft test build.
[04:47:32] [Server thread/INFO]: BogdanG has just earned the achievement [Welcome to Magic Crusade]
[04:47:33] [Client thread/INFO]: [CHAT] InvTweaks: Configuration loaded.
[04:47:36] [Server thread/INFO]: BogdanG has just earned the achievement [You've been installed!]
[04:47:38] [Server thread/INFO]: Saving and pausing game...
[04:47:38] [Server thread/INFO]: Saving chunks for level 'New World UGB 17'/Overworld
[04:47:44] [Server thread/INFO]: Saving chunks for level 'New World UGB 17'/Nether
[04:47:44] [Server thread/INFO]: Saving chunks for level 'New World UGB 17'/The Last Millenium
[04:47:44] [Server thread/INFO]: Saving chunks for level 'New World UGB 17'/Wyvern Lair
[04:47:44] [Server thread/INFO]: Saving chunks for level 'New World UGB 17'/Tropics
[04:47:44] [Server thread/INFO]: Saving chunks for level 'New World UGB 17'/Dungeon
[04:47:44] [Server thread/INFO]: Saving chunks for level 'New World UGB 17'/Dungeon
[04:47:44] [Server thread/INFO]: Saving chunks for level 'New World UGB 17'/Dungeon
[04:47:44] [Server thread/INFO]: Saving chunks for level 'New World UGB 17'/SpectreWorld
[04:47:44] [Server thread/INFO]: Saving chunks for level 'New World UGB 17'/Dungeons
[04:47:44] [Server thread/INFO]: Saving chunks for level 'New World UGB 17'/Aether
[04:47:44] [Server thread/INFO]: Saving chunks for level 'New World UGB 17'/Mystic Groves
[04:47:44] [Server thread/INFO]: Saving chunks for level 'New World UGB 17'/CONTROL
[04:48:39] [Client thread/INFO]: [CHAT] Advent of Ascension is out of date!
[04:48:39] [Client thread/INFO]: [CHAT] [New Version: 2.3.1-CANDYLAND-DIMENSION]
[04:48:39] [Client thread/INFO]: [CHAT] Welcome, §e§lBogdanG§r to §oBogdanG - New World UGB 17§r!
[04:48:39] [Client thread/INFO]: [CHAT] Currently, there are 1/8 players online.
[04:48:39] [Client thread/INFO]: [CHAT] You are playing on dimension 0 (§oOverworld§r)
[04:48:39] [Client thread/INFO]: [CHAT] and the local time is 04:47.
[04:48:39] [Client thread/INFO]: [CHAT] The server is running vChat to display this motd,
[04:48:39] [Client thread/INFO]: [CHAT] Have a good one! §o~Vic§r
[04:48:39] [Client thread/INFO]: [CHAT] You are talking on channel "global".
[04:48:39] [Client thread/INFO]: [CHAT] Currently joined channels: [local, global]
[04:48:44] [Server thread/WARN]: Can't keep up! Did the system time change, or is the server overloaded? Running 5059ms behind, skipping 101 tick(s)
[04:49:27] [Client thread/INFO]: [CHAT] BogdanG has just earned the achievement [Welcome to Magic Crusade]
[04:49:27] [Client thread/INFO]: [CHAT] BogdanG has just earned the achievement [You've been installed!]
[04:49:27] [Client thread/INFO]: [CHAT] §bThank you for downloading MrCrayfish's Furniture Mod.
[04:49:27] [Client thread/INFO]: [CHAT] Make sure you check out the wiki! http://mrcrayfishs-furniture-mod.wikia.com/
[04:50:10] [Client thread/INFO]: [CHAT] You can press §cP§r on your keyboard to see more informations about §bThe Mage§r and it spells.
[04:50:10] [Client thread/INFO]: [CHAT] Don't forget to configure your controls!
[04:50:13] [Server thread/INFO]: BogdanG has just earned the achievement [Taking Inventory]
[04:50:17] [Client thread/INFO]: [CHAT] BogdanG has just earned the achievement [Taking Inventory]
[04:51:08] [Server thread/WARN]: Can't keep up! Did the system time change, or is the server overloaded? Running 113023ms behind, skipping 2260 tick(s)
[04:51:12] [Server thread/WARN]: Can't keep up! Did the system time change, or is the server overloaded? Running 4182ms behind, skipping 83 tick(s)
[04:51:27] [Client thread/WARN]: Unable to play unknown soundEvent: minecraft:nevermine:MotherVoidWalkerLiving
[04:51:31] [Client thread/WARN]: Unable to play unknown soundEvent: minecraft:nevermine:MotherVoidWalkerLiving
[04:51:40] [Client thread/WARN]: Unable to play unknown soundEvent: minecraft:nevermine:MotherVoidWalkerLiving
[04:51:48] [Client thread/WARN]: Unable to play unknown soundEvent: minecraft:nevermine:MotherVoidWalkerLiving
[04:51:56] [Client thread/WARN]: Unable to play unknown soundEvent: minecraft:nevermine:MotherVoidWalkerLiving
[04:52:00] [Client thread/WARN]: Unable to play unknown soundEvent: minecraft:nevermine:MotherVoidWalkerLiving
[04:52:08] [Client thread/WARN]: Unable to play unknown soundEvent: minecraft:nevermine:MotherVoidWalkerLiving
[04:52:11] [Client thread/WARN]: Unable to play unknown soundEvent: minecraft:forestmobs:entity.arisaur.say
[04:52:13] [Client thread/WARN]: Unable to play unknown soundEvent: minecraft:nevermine:MotherVoidWalkerLiving
[04:52:16] [Server thread/WARN]: Can't keep up! Did the system time change, or is the server overloaded? Running 37160ms behind, skipping 743 tick(s)
[04:52:19] [Client thread/WARN]: Unable to play unknown soundEvent: minecraft:forestmobs:entity.arisaur.say
[04:52:20] [Client thread/WARN]: Unable to play unknown soundEvent: minecraft:nevermine:MotherVoidWalkerLiving
[04:52:21] [Server thread/WARN]: Can't keep up! Did the system time change, or is the server overloaded? Running 5020ms behind, skipping 100 tick(s)
[04:52:22] [Client thread/WARN]: Unable to play unknown soundEvent: minecraft:forestmobs:entity.spriggan.say
[04:52:24] [Client thread/WARN]: Unable to play unknown soundEvent: minecraft:forestmobs:entity.arisaur.say
[04:52:25] [Client thread/WARN]: Unable to play unknown soundEvent: minecraft:nevermine:MotherVoidWalkerLiving
[04:52:28] [Client thread/WARN]: Unable to play unknown soundEvent: minecraft:forestmobs:entity.spriggan.say
[04:52:29] [Client thread/WARN]: Unable to play unknown soundEvent: minecraft:forestmobs:entity.arisaur.say
[04:52:32] [Client thread/WARN]: Unable to play unknown soundEvent: minecraft:nevermine:MotherVoidWalkerLiving
[04:52:34] [Client thread/WARN]: Unable to play unknown soundEvent: minecraft:forestmobs:entity.arisaur.say
[04:52:34] [Client thread/WARN]: Unable to play unknown soundEvent: minecraft:nevermine:ShadowLiving
[04:52:35] [Client thread/WARN]: Unable to play unknown soundEvent: minecraft:forestmobs:entity.spriggan.say
[04:52:35] [Client thread/WARN]: Unable to play unknown soundEvent: minecraft:forestmobs:entity.arisaur.death
[04:52:37] [Client thread/WARN]: Unable to play unknown soundEvent: minecraft:nevermine:MotherVoidWalkerLiving
[04:52:39] [Client thread/WARN]: Unable to play unknown soundEvent: minecraft:nevermine:ShadowLiving
[04:52:39] [Client thread/WARN]: Unable to play unknown soundEvent: minecraft:nevermine:GhostLiving
[04:52:42] [Client thread/WARN]: Unable to play unknown soundEvent: minecraft:nevermine:MotherVoidWalkerLiving
[04:52:42] [Client thread/WARN]: Unable to play unknown soundEvent: minecraft:forestmobs:entity.spriggan.say
[04:52:43] [Client thread/WARN]: Unable to play unknown soundEvent: minecraft:nevermine:GhostLiving
[04:52:45] [Client thread/WARN]: Unable to play unknown soundEvent: minecraft:nevermine:ShadowLiving
[04:52:50] [Client thread/WARN]: Unable to play unknown soundEvent: minecraft:forestmobs:entity.spriggan.say
[04:52:52] [Client thread/WARN]: Unable to play unknown soundEvent: minecraft:nevermine:GhostLiving
[04:52:55] [Client thread/WARN]: Unable to play unknown soundEvent: minecraft:nevermine:ShadowLiving
[04:52:56] [Client thread/WARN]: Unable to play unknown soundEvent: minecraft:forestmobs:entity.spriggan.say
[04:52:59] [Client thread/WARN]: Unable to play unknown soundEvent: minecraft:nevermine:ShadowLiving
[04:52:59] [Client thread/WARN]: Unable to play unknown soundEvent: minecraft:nevermine:GhostLiving
[04:53:03] [Client thread/INFO]: [CHAT] Saved screenshot as 2015-06-10_04.53.02.png
[04:53:03] [Client thread/WARN]: Unable to play unknown soundEvent: minecraft:forestmobs:entity.spriggan.say
[04:53:03] [Client thread/WARN]: Unable to play unknown soundEvent: minecraft:forestmobs:entity.arisaur.say
[04:53:07] [Client thread/WARN]: Unable to play unknown soundEvent: minecraft:nevermine:GhostLiving
[04:53:07] [Client thread/WARN]: Unable to play unknown soundEvent: minecraft:nevermine:ShadowLiving
[04:53:09] [Client thread/WARN]: Unable to play unknown soundEvent: minecraft:forestmobs:entity.arisaur.say
[04:53:10] [Client thread/WARN]: Unable to play unknown soundEvent: minecraft:forestmobs:entity.spriggan.say
[04:53:11] [Client thread/WARN]: Unable to play unknown soundEvent: minecraft:forestmobs:entity.arisaur.death
[04:53:12] [Client thread/WARN]: Unable to play unknown soundEvent: minecraft:nevermine:GhostLiving
[04:53:12] [Client thread/WARN]: Unable to play unknown soundEvent: minecraft:nevermine:ShadowLiving
[04:53:14] [Client thread/WARN]: Unable to play unknown soundEvent: minecraft:nevermine:ShadowHit
[04:53:16] [Client thread/WARN]: Unable to play unknown soundEvent: minecraft:forestmobs:entity.spriggan.say
[04:53:18] [Client thread/WARN]: Unable to play unknown soundEvent: minecraft:nevermine:GhostLiving
[04:53:23] [Client thread/WARN]: Unable to play unknown soundEvent: minecraft:forestmobs:entity.spriggan.say
[04:53:23] [Client thread/WARN]: Unable to play unknown soundEvent: minecraft:forestmobs:entity.spriggan.death
[04:53:24] [Client thread/WARN]: Unable to play unknown soundEvent: minecraft:nevermine:GhostDeath
[04:53:31] [Server thread/INFO]: Saving and pausing game...
[04:53:31] [Server thread/INFO]: Saving chunks for level 'New World UGB 17'/Overworld
[04:53:32] [Server thread/INFO]: Saving chunks for level 'New World UGB 17'/Nether
[04:53:32] [Server thread/INFO]: Saving chunks for level 'New World UGB 17'/The Last Millenium
[04:53:32] [Server thread/INFO]: Saving chunks for level 'New World UGB 17'/Wyvern Lair
[04:53:32] [Server thread/INFO]: Saving chunks for level 'New World UGB 17'/Tropics
[04:53:32] [Server thread/INFO]: Saving chunks for level 'New World UGB 17'/Dungeon
[04:53:32] [Server thread/INFO]: Saving chunks for level 'New World UGB 17'/Dungeon
[04:53:32] [Server thread/INFO]: Saving chunks for level 'New World UGB 17'/Dungeon
[04:53:32] [Server thread/INFO]: Saving chunks for level 'New World UGB 17'/SpectreWorld
[04:53:32] [Server thread/INFO]: Saving chunks for level 'New World UGB 17'/Dungeons
[04:53:32] [Server thread/INFO]: Saving chunks for level 'New World UGB 17'/Aether
[04:53:32] [Server thread/INFO]: Saving chunks for level 'New World UGB 17'/Mystic Groves
[04:53:32] [Server thread/INFO]: Saving chunks for level 'New World UGB 17'/CONTROL
[04:53:32] [Server thread/WARN]: Can't keep up! Did the system time change, or is the server overloaded? Running 45865ms behind, skipping 917 tick(s)
[04:53:59] [Server thread/WARN]: Can't keep up! Did the system time change, or is the server overloaded? Running 2176ms behind, skipping 43 tick(s)
[04:54:01] [Server thread/INFO]: Saving and pausing game...
[04:54:01] [Server thread/INFO]: Saving chunks for level 'New World UGB 17'/Overworld
[04:54:02] [Server thread/INFO]: Saving chunks for level 'New World UGB 17'/Nether
[04:54:02] [Server thread/INFO]: Saving chunks for level 'New World UGB 17'/The Last Millenium
[04:54:02] [Server thread/INFO]: Saving chunks for level 'New World UGB 17'/Wyvern Lair
[04:54:02] [Server thread/INFO]: Saving chunks for level 'New World UGB 17'/Tropics
[04:54:02] [Server thread/INFO]: Saving chunks for level 'New World UGB 17'/Dungeon
[04:54:02] [Server thread/INFO]: Saving chunks for level 'New World UGB 17'/Dungeon
[04:54:02] [Server thread/INFO]: Saving chunks for level 'New World UGB 17'/Dungeon
[04:54:02] [Server thread/INFO]: Saving chunks for level 'New World UGB 17'/SpectreWorld
[04:54:02] [Server thread/INFO]: Saving chunks for level 'New World UGB 17'/Dungeons
[04:54:02] [Server thread/INFO]: Saving chunks for level 'New World UGB 17'/Aether
[04:54:02] [Server thread/INFO]: Saving chunks for level 'New World UGB 17'/Mystic Groves
[04:54:02] [Server thread/INFO]: Saving chunks for level 'New World UGB 17'/CONTROL
[04:54:19] [Server thread/INFO]: Saving and pausing game...
[04:54:19] [Server thread/INFO]: Saving chunks for level 'New World UGB 17'/Overworld
[04:54:21] [Server thread/INFO]: Saving chunks for level 'New World UGB 17'/Nether
[04:54:21] [Server thread/INFO]: Saving chunks for level 'New World UGB 17'/The Last Millenium
[04:54:21] [Server thread/INFO]: Saving chunks for level 'New World UGB 17'/Wyvern Lair
[04:54:21] [Server thread/INFO]: Saving chunks for level 'New World UGB 17'/Tropics
[04:54:21] [Server thread/INFO]: Saving chunks for level 'New World UGB 17'/Dungeon
[04:54:21] [Server thread/INFO]: Saving chunks for level 'New World UGB 17'/Dungeon
[04:54:21] [Server thread/INFO]: Saving chunks for level 'New World UGB 17'/Dungeon
[04:54:21] [Server thread/INFO]: Saving chunks for level 'New World UGB 17'/SpectreWorld
[04:54:21] [Server thread/INFO]: Saving chunks for level 'New World UGB 17'/Dungeons
[04:54:21] [Server thread/INFO]: Saving chunks for level 'New World UGB 17'/Aether
[04:54:21] [Server thread/INFO]: Saving chunks for level 'New World UGB 17'/Mystic Groves
[04:54:21] [Server thread/INFO]: Saving chunks for level 'New World UGB 17'/CONTROL
[04:54:21] [Server thread/WARN]: Can't keep up! Did the system time change, or is the server overloaded? Running 4812ms behind, skipping 96 tick(s)
[04:54:34] [Client thread/WARN]: Unable to play unknown soundEvent: minecraft:nevermine:GoblinLiving
[04:54:38] [Server thread/WARN]: Can't keep up! Did the system time change, or is the server overloaded? Running 5863ms behind, skipping 117 tick(s)
[04:54:41] [Client thread/WARN]: Unable to play unknown soundEvent: minecraft:nevermine:GoblinLiving
[04:54:44] [Server thread/INFO]: Saving and pausing game...
[04:54:44] [Server thread/INFO]: Saving chunks for level 'New World UGB 17'/Overworld
[04:54:45] [Server thread/INFO]: Saving chunks for level 'New World UGB 17'/Nether
[04:54:45] [Server thread/INFO]: Saving chunks for level 'New World UGB 17'/The Last Millenium
[04:54:45] [Server thread/INFO]: Saving chunks for level 'New World UGB 17'/Wyvern Lair
[04:54:45] [Server thread/INFO]: Saving chunks for level 'New World UGB 17'/Tropics
[04:54:45] [Server thread/INFO]: Saving chunks for level 'New World UGB 17'/Dungeon
[04:54:45] [Server thread/INFO]: Saving chunks for level 'New World UGB 17'/Dungeon
[04:54:45] [Server thread/INFO]: Saving chunks for level 'New World UGB 17'/Dungeon
[04:54:45] [Server thread/INFO]: Saving chunks for level 'New World UGB 17'/SpectreWorld
[04:54:45] [Server thread/INFO]: Saving chunks for level 'New World UGB 17'/Dungeons
[04:54:45] [Server thread/INFO]: Saving chunks for level 'New World UGB 17'/Aether
[04:54:45] [Server thread/INFO]: Saving chunks for level 'New World UGB 17'/Mystic Groves
[04:54:45] [Server thread/INFO]: Saving chunks for level 'New World UGB 17'/CONTROL
[04:55:35] [Client thread/WARN]: Something's taking too long! 'root.gameRenderer' took aprox 101.167623 ms
[04:55:35] [Client thread/WARN]: Something's taking too long! 'root' took aprox 114.370612 ms
[04:55:44] [Client thread/WARN]: Something's taking too long! 'root' took aprox 119.405325 ms
[04:55:44] [Client thread/WARN]: Something's taking too long! 'root' took aprox 155.475539 ms
[04:55:44] [Client thread/WARN]: Something's taking too long! 'root.tick' took aprox 196.068538 ms
[04:55:44] [Client thread/WARN]: Something's taking too long! 'root' took aprox 216.695103 ms
[04:55:45] [Client thread/WARN]: Something's taking too long! 'root.tick' took aprox 188.590773 ms
[04:55:45] [Client thread/WARN]: Something's taking too long! 'root' took aprox 210.374204 ms
[04:55:46] [Client thread/WARN]: Something's taking too long! 'root.render' took aprox 108.667968 ms
[04:55:46] [Client thread/WARN]: Something's taking too long! 'root' took aprox 155.849941 ms
[04:55:46] [Client thread/WARN]: Unable to play unknown soundEvent: minecraft:nevermine:GoblinLiving
[04:55:47] [Client thread/WARN]: Something's taking too long! 'root.gameRenderer.level' took aprox 114.431781 ms
[04:55:47] [Client thread/WARN]: Something's taking too long! 'root.gameRenderer' took aprox 116.72581 ms
[04:55:47] [Client thread/WARN]: Something's taking too long! 'root' took aprox 134.447069 ms
[04:55:48] [Server thread/WARN]: Can't keep up! Did the system time change, or is the server overloaded? Running 2321ms behind, skipping 46 tick(s)
[04:55:48] [Client thread/WARN]: Something's taking too long! 'root.tick.level' took aprox 125.563655 ms
[04:55:48] [Client thread/WARN]: Something's taking too long! 'root.tick' took aprox 129.407427 ms
[04:55:48] [Client thread/WARN]: Something's taking too long! 'root' took aprox 151.037321 ms
[04:55:49] [Client thread/WARN]: Something's taking too long! 'root.gameRenderer.level.updatechunks' took aprox 111.174241 ms
[04:55:49] [Client thread/WARN]: Something's taking too long! 'root.gameRenderer.level' took aprox 118.56087 ms
[04:55:49] [Client thread/WARN]: Something's taking too long! 'root.gameRenderer' took aprox 120.546182 ms
[04:55:49] [Client thread/WARN]: Something's taking too long! 'root' took aprox 136.837983 ms
[04:55:50] [Client thread/WARN]: Something's taking too long! 'root.gameRenderer' took aprox 115.405962 ms
[04:55:50] [Client thread/WARN]: Something's taking too long! 'root' took aprox 117.267296 ms
[04:55:51] [Client thread/WARN]: Unable to play unknown soundEvent: minecraft:nevermine:GoblinLiving
[04:55:52] [Client thread/WARN]: Something's taking too long! 'root.gameRenderer.level.FRenderLast' took aprox 107.744691 ms
[04:55:52] [Client thread/WARN]: Something's taking too long! 'root.gameRenderer.level' took aprox 129.994893 ms
[04:55:52] [Client thread/WARN]: Something's taking too long! 'root.gameRenderer' took aprox 132.384165 ms
[04:55:52] [Client thread/WARN]: Something's taking too long! 'root' took aprox 150.736815 ms
[04:55:53] [Client thread/WARN]: Something's taking too long! 'root.gameRenderer.level.updatechunks' took aprox 112.099161 ms
[04:55:53] [Client thread/WARN]: Something's taking too long! 'root.gameRenderer.level' took aprox 119.731285 ms
[04:55:53] [Client thread/WARN]: Something's taking too long! 'root.gameRenderer' took aprox 122.151758 ms
[04:55:53] [Client thread/WARN]: Something's taking too long! 'root' took aprox 122.975687 ms
[04:55:54] [Client thread/WARN]: Something's taking too long! 'root.render' took aprox 102.950956 ms
[04:55:54] [Client thread/WARN]: Something's taking too long! 'root' took aprox 135.890074 ms
[04:55:55] [Client thread/WARN]: Something's taking too long! 'root.gameRenderer.level.updatechunks' took aprox 110.93162 ms
[04:55:55] [Client thread/WARN]: Something's taking too long! 'root.gameRenderer.level' took aprox 119.70419 ms
[04:55:55] [Client thread/WARN]: Something's taking too long! 'root.gameRenderer' took aprox 122.111525 ms
[04:55:55] [Client thread/WARN]: Something's taking too long! 'root' took aprox 122.815992 ms
[04:55:56] [Client thread/WARN]: Something's taking too long! 'root.gameRenderer.level.updatechunks' took aprox 120.671804 ms
[04:55:56] [Client thread/WARN]: Something's taking too long! 'root.gameRenderer.level' took aprox 132.036858 ms
[04:55:56] [Client thread/WARN]: Something's taking too long! 'root.gameRenderer' took aprox 134.454457 ms
[04:55:56] [Client thread/WARN]: Something's taking too long! 'root' took aprox 151.57265 ms
[04:55:56] [Client thread/WARN]: Something's taking too long! 'root.gameRenderer.level' took aprox 105.968337 ms
[04:55:56] [Client thread/WARN]: Something's taking too long! 'root.gameRenderer' took aprox 108.396199 ms
[04:55:56] [Client thread/WARN]: Something's taking too long! 'root' took aprox 127.606441 ms
[04:55:57] [Client thread/WARN]: Unable to play unknown soundEvent: minecraft:nevermine:GoblinLiving
[04:55:57] [Client thread/WARN]: Something's taking too long! 'root.gameRenderer.level.entities.entities' took aprox 106.755319 ms
[04:55:57] [Client thread/WARN]: Something's taking too long! 'root.gameRenderer.level.entities' took aprox 112.171414 ms
[04:55:57] [Client thread/WARN]: Something's taking too long! 'root.gameRenderer.level' took aprox 133.277475 ms
[04:55:57] [Client thread/WARN]: Something's taking too long! 'root.gameRenderer' took aprox 135.688094 ms
[04:55:57] [Client thread/WARN]: Something's taking too long! 'root' took aprox 158.031486 ms
[04:55:57] [Client thread/WARN]: Something's taking too long! 'root' took aprox 110.46567 ms
[04:55:57] [Client thread/WARN]: Something's taking too long! 'root.tick' took aprox 102.221448 ms
[04:55:57] [Client thread/WARN]: Something's taking too long! 'root' took aprox 146.789179 ms
[04:55:57] [Client thread/WARN]: Something's taking too long! 'root' took aprox 102.963272 ms
[04:55:58] [Client thread/WARN]: Something's taking too long! 'root.gameRenderer.level.updatechunks' took aprox 113.424755 ms
[04:55:58] [Client thread/WARN]: Something's taking too long! 'root.gameRenderer.level' took aprox 129.871324 ms
[04:55:58] [Client thread/WARN]: Something's taking too long! 'root.gameRenderer' took aprox 132.649777 ms
[04:55:58] [Client thread/WARN]: Something's taking too long! 'root' took aprox 153.381847 ms
[04:55:59] [Client thread/WARN]: Something's taking too long! 'root.tick.level.entities.regular' took aprox 107.598133 ms
[04:55:59] [Client thread/WARN]: Something's taking too long! 'root.tick.level.entities' took aprox 109.310444 ms
[04:55:59] [Client thread/WARN]: Something's taking too long! 'root.tick.level' took aprox 115.881764 ms
[04:55:59] [Client thread/WARN]: Something's taking too long! 'root.tick' took aprox 122.614012 ms
[04:55:59] [Client thread/WARN]: Something's taking too long! 'root' took aprox 153.134298 ms
[04:56:00] [Client thread/WARN]: Something's taking too long! 'root.gameRenderer.level.updatechunks' took aprox 117.880625 ms
[04:56:00] [Client thread/WARN]: Something's taking too long! 'root.gameRenderer.level' took aprox 126.546869 ms
[04:56:00] [Client thread/WARN]: Something's taking too long! 'root.gameRenderer' took aprox 128.847057 ms
[04:56:00] [Client thread/WARN]: Something's taking too long! 'root' took aprox 171.521433 ms
[04:56:01] [Client thread/WARN]: Unable to play unknown soundEvent: minecraft:nevermine:GoblinDeath
[04:56:01] [Client thread/WARN]: Something's taking too long! 'root.tick.level.entities.regular.tick.livingEntityBaseTick' took aprox 110.653281 ms
[04:56:01] [Client thread/WARN]: Something's taking too long! 'root.tick.level.entities.regular.tick' took aprox 118.05551 ms
[04:56:01] [Client thread/WARN]: Something's taking too long! 'root.tick.level.entities.regular' took aprox 127.574831 ms
[04:56:01] [Client thread/WARN]: Something's taking too long! 'root.tick.level.entities' took aprox 128.46814 ms
[04:56:01] [Client thread/WARN]: Something's taking too long! 'root.tick.level' took aprox 129.275648 ms
[04:56:01] [Client thread/WARN]: Something's taking too long! 'root.tick' took aprox 135.433157 ms
[04:56:01] [Client thread/WARN]: Something's taking too long! 'root' took aprox 165.680853 ms
[04:56:02] [Client thread/WARN]: Something's taking too long! 'root.tick' took aprox 109.718099 ms
[04:56:02] [Client thread/WARN]: Something's taking too long! 'root' took aprox 159.621871 ms
[04:56:03] [Client thread/WARN]: Something's taking too long! 'root.render' took aprox 103.906255 ms
[04:56:03] [Client thread/WARN]: Something's taking too long! 'root' took aprox 138.542494 ms
[04:56:04] [Client thread/WARN]: Something's taking too long! 'root.tick' took aprox 114.972856 ms
[04:56:04] [Client thread/WARN]: Something's taking too long! 'root' took aprox 143.672451 ms
[04:56:05] [Client thread/WARN]: Something's taking too long! 'root.gameRenderer.level.entities.entities' took aprox 101.316234 ms
[04:56:05] [Client thread/WARN]: Something's taking too long! 'root.gameRenderer.level.entities' took aprox 101.900005 ms
[04:56:06] [Client thread/WARN]: Something's taking too long! 'root.gameRenderer.level' took aprox 120.872962 ms
[04:56:06] [Client thread/WARN]: Something's taking too long! 'root.gameRenderer' took aprox 129.707113 ms
[04:56:06] [Client thread/WARN]: Something's taking too long! 'root' took aprox 149.390695 ms
[04:56:07] [Client thread/WARN]: Something's taking too long! 'root.gameRenderer.level.prepareterrain' took aprox 100.999307 ms
[04:56:07] [Client thread/WARN]: Something's taking too long! 'root.gameRenderer.level' took aprox 125.204853 ms
[04:56:07] [Client thread/WARN]: Something's taking too long! 'root.gameRenderer' took aprox 127.593715 ms
[04:56:07] [Client thread/WARN]: Something's taking too long! 'root' took aprox 141.535243 ms
[04:56:08] [Client thread/WARN]: Something's taking too long! 'root.gameRenderer.level.updatechunks' took aprox 104.788479 ms
[04:56:08] [Client thread/WARN]: Something's taking too long! 'root.gameRenderer.level' took aprox 114.251559 ms
[04:56:08] [Client thread/WARN]: Something's taking too long! 'root.gameRenderer' took aprox 116.487294 ms
[04:56:08] [Client thread/WARN]: Something's taking too long! 'root' took aprox 134.465542 ms
[04:56:09] [Client thread/WARN]: Something's taking too long! 'root.tick' took aprox 119.590063 ms
[04:56:09] [Client thread/WARN]: Something's taking too long! 'root' took aprox 145.004204 ms
[04:56:09] [Client thread/WARN]: Something's taking too long! 'root.gameRenderer.level.updatechunks' took aprox 156.690702 ms
[04:56:09] [Client thread/WARN]: Something's taking too long! 'root.gameRenderer.level' took aprox 165.001018 ms
[04:56:09] [Client thread/WARN]: Something's taking too long! 'root.gameRenderer' took aprox 167.307774 ms
[04:56:09] [Client thread/WARN]: Something's taking too long! 'root' took aprox 192.193155 ms
[04:56:10] [Client thread/WARN]: Something's taking too long! 'root' took aprox 100.6208 ms
[04:56:10] [Client thread/WARN]: Something's taking too long! 'root.gameRenderer.level.entities.entities' took aprox 120.912373 ms
[04:56:10] [Client thread/WARN]: Something's taking too long! 'root.gameRenderer.level.entities' took aprox 132.408797 ms
[04:56:10] [Client thread/WARN]: Something's taking too long! 'root.gameRenderer.level' took aprox 169.805837 ms
[04:56:10] [Client thread/WARN]: Something's taking too long! 'root.gameRenderer' took aprox 173.253451 ms
[04:56:10] [Client thread/WARN]: Something's taking too long! 'root' took aprox 174.372549 ms
[04:56:10] [Client thread/WARN]: Something's taking too long! 'root' took aprox 104.883311 ms
[04:56:11] [Client thread/WARN]: Something's taking too long! 'root.gameRenderer.level.terrain.occ.bb' took aprox 104.052403 ms
[04:56:11] [Client thread/WARN]: Something's taking too long! 'root.gameRenderer.level.terrain.occ' took aprox 120.771562 ms
[04:56:11] [Client thread/WARN]: Something's taking too long! 'root.gameRenderer.level.terrain' took aprox 125.902751 ms
[04:56:11] [Client thread/WARN]: Something's taking too long! 'root.gameRenderer.level' took aprox 144.303843 ms
[04:56:11] [Client thread/WARN]: Something's taking too long! 'root.gameRenderer' took aprox 147.257592 ms
[04:56:11] [Client thread/WARN]: Something's taking too long! 'root' took aprox 165.462451 ms
[04:56:12] [Client thread/WARN]: Something's taking too long! 'root' took aprox 120.81631 ms
[04:56:13] [Client thread/WARN]: Something's taking too long! 'root.tick.level' took aprox 153.163035 ms
[04:56:13] [Client thread/WARN]: Something's taking too long! 'root.tick' took aprox 157.707989 ms
[04:56:13] [Client thread/WARN]: Something's taking too long! 'root' took aprox 177.752015 ms
[04:56:14] [Client thread/WARN]: Something's taking too long! 'root' took aprox 116.621125 ms
[04:56:15] [Client thread/WARN]: Something's taking too long! 'root.tick' took aprox 102.927967 ms
[04:56:15] [Client thread/WARN]: Something's taking too long! 'root' took aprox 126.041919 ms
[04:56:15] [Client thread/WARN]: Something's taking too long! 'root.gameRenderer.level.updatechunks' took aprox 109.037854 ms
[04:56:15] [Client thread/WARN]: Something's taking too long! 'root.gameRenderer.level' took aprox 119.575695 ms
[04:56:15] [Client thread/WARN]: Something's taking too long! 'root.gameRenderer' took aprox 122.242485 ms
[04:56:15] [Client thread/WARN]: Something's taking too long! 'root' took aprox 136.037043 ms
[04:56:16] [Client thread/WARN]: Something's taking too long! 'root.gameRenderer.level.entities.entities' took aprox 128.171738 ms
[04:56:16] [Client thread/WARN]: Something's taking too long! 'root.gameRenderer.level.entities' took aprox 128.95092 ms
[04:56:16] [Client thread/WARN]: Something's taking too long! 'root.gameRenderer.level' took aprox 151.815273 ms
[04:56:16] [Client thread/WARN]: Something's taking too long! 'root.gameRenderer' took aprox 154.113408 ms
[04:56:16] [Client thread/WARN]: Something's taking too long! 'root' took aprox 172.168835 ms
[04:56:17] [Client thread/WARN]: Something's taking too long! 'root' took aprox 109.375308 ms
[04:56:18] [Client thread/WARN]: Something's taking too long! 'root.tick' took aprox 100.695927 ms
[04:56:18] [Client thread/WARN]: Something's taking too long! 'root' took aprox 146.19925 ms
[04:56:19] [Client thread/WARN]: Something's taking too long! 'root.tick.level.entities.regular.tick' took aprox 100.194672 ms
[04:56:19] [Client thread/WARN]: Something's taking too long! 'root.tick.level.entities.regular' took aprox 105.969158 ms
[04:56:19] [Client thread/WARN]: Something's taking too long! 'root.tick.level.entities' took aprox 106.570992 ms
[04:56:19] [Client thread/WARN]: Something's taking too long! 'root.tick.level' took aprox 106.816488 ms
[04:56:19] [Client thread/WARN]: Something's taking too long! 'root.tick' took aprox 111.077767 ms
[04:56:19] [Client thread/WARN]: Something's taking too long! 'root' took aprox 142.630531 ms
[04:56:20] [Client thread/WARN]: Something's taking too long! 'root.gameRenderer.level.FRenderLast' took aprox 101.753037 ms
[04:56:20] [Client thread/WARN]: Something's taking too long! 'root.gameRenderer.level' took aprox 122.866897 ms
[04:56:20] [Client thread/WARN]: Something's taking too long! 'root.gameRenderer' took aprox 124.990147 ms
[04:56:20] [Client thread/WARN]: Something's taking too long! 'root' took aprox 141.614065 ms
[04:56:21] [Server thread/ERROR]: Encountered an unexpected exception
java.lang.RuntimeException: Biome [TaigaHills] threw an error while populating chunk.
	at com.xcompwiz.mystcraft.world.ChunkProviderMyst.func_73153_a(ChunkProviderMyst.java:156) ~[ChunkProviderMyst.class:?]
	at net.minecraft.world.gen.ChunkProviderServer.func_73153_a(ChunkProviderServer.java:279) ~[ms.class:?]
	at net.minecraft.world.chunk.Chunk.func_76624_a(Chunk.java:1055) ~[apx.class:?]
	at net.minecraft.world.gen.ChunkProviderServer.originalLoadChunk(ChunkProviderServer.java:190) ~[ms.class:?]
	at com.xcompwiz.mystcraft.world.WorldProviderMystDummy$ChunkProviderServerDummy.originalLoadChunk(WorldProviderMystDummy.java:60) ~[WorldProviderMystDummy$ChunkProviderServerDummy.class:?]
	at net.minecraft.world.gen.ChunkProviderServer.loadChunk(ChunkProviderServer.java:131) ~[ms.class:?]
	at net.minecraft.world.gen.ChunkProviderServer.func_73158_c(ChunkProviderServer.java:101) ~[ms.class:?]
	at com.xcompwiz.mystcraft.world.WorldProviderMystDummy.generateNextChunk(WorldProviderMystDummy.java:215) ~[WorldProviderMystDummy.class:?]
	at com.xcompwiz.mystcraft.world.InstabilityDataCalculator.stepChunkGeneration(InstabilityDataCalculator.java:261) ~[InstabilityDataCalculator.class:?]
	at com.xcompwiz.mystcraft.world.InstabilityDataCalculator.onServerTick(InstabilityDataCalculator.java:112) ~[InstabilityDataCalculator.class:?]
	at cpw.mods.fml.common.eventhandler.ASMEventHandler_1051_InstabilityDataCalculator_onServerTick_ServerTickEvent.invoke(.dynamic) ~[?:?]
	at cpw.mods.fml.common.eventhandler.ASMEventHandler.invoke(ASMEventHandler.java:54) ~[ASMEventHandler.class:?]
	at cpw.mods.fml.common.eventhandler.EventBus.post(EventBus.java:138) ~[EventBus.class:?]
	at cpw.mods.fml.common.FMLCommonHandler.onPostServerTick(FMLCommonHandler.java:247) ~[FMLCommonHandler.class:?]
	at net.minecraft.server.MinecraftServer.func_71217_p(MinecraftServer.java:590) ~[MinecraftServer.class:?]
	at net.minecraft.server.integrated.IntegratedServer.func_71217_p(IntegratedServer.java:186) ~[bsx.class:?]
	at net.minecraft.server.MinecraftServer.run(MinecraftServer.java:427) [MinecraftServer.class:?]
	at net.minecraft.server.MinecraftServer$2.run(MinecraftServer.java:685) [?:?]
Caused by: java.lang.RuntimeException: Biome [Mega Taiga Hills] threw an error while populating chunk.
	at com.xcompwiz.mystcraft.world.ChunkProviderMyst.func_73153_a(ChunkProviderMyst.java:156) ~[ChunkProviderMyst.class:?]
	at net.minecraft.world.gen.ChunkProviderServer.func_73153_a(ChunkProviderServer.java:279) ~[ms.class:?]
	at net.minecraft.world.chunk.Chunk.func_76624_a(Chunk.java:1040) ~[apx.class:?]
	at net.minecraft.world.gen.ChunkProviderServer.originalLoadChunk(ChunkProviderServer.java:190) ~[ms.class:?]
	at com.xcompwiz.mystcraft.world.WorldProviderMystDummy$ChunkProviderServerDummy.originalLoadChunk(WorldProviderMystDummy.java:60) ~[WorldProviderMystDummy$ChunkProviderServerDummy.class:?]
	at net.minecraft.world.gen.ChunkProviderServer.loadChunk(ChunkProviderServer.java:131) ~[ms.class:?]
	at net.minecraft.world.gen.ChunkProviderServer.func_73158_c(ChunkProviderServer.java:101) ~[ms.class:?]
	at net.minecraft.world.gen.ChunkProviderServer.func_73154_d(ChunkProviderServer.java:199) ~[ms.class:?]
	at net.minecraft.world.World.func_72964_e(World.java:419) ~[ahb.class:?]
	at net.minecraft.world.World.func_72938_d(World.java:414) ~[ahb.class:?]
	at exterminatorJeff.undergroundBiomes.worldGen.BiomeUndergroundDecorator.replaceChunkOres(BiomeUndergroundDecorator.java:225) ~[BiomeUndergroundDecorator.class:?]
	at exterminatorJeff.undergroundBiomes.worldGen.BiomeUndergroundDecorator.doRedos(BiomeUndergroundDecorator.java:74) ~[BiomeUndergroundDecorator.class:?]
	at exterminatorJeff.undergroundBiomes.common.WorldGenManager.redoOres(WorldGenManager.java:140) ~[WorldGenManager.class:?]
	at exterminatorJeff.undergroundBiomes.common.DimensionManager.redoOres(DimensionManager.java:279) ~[DimensionManager.class:?]
	at exterminatorJeff.undergroundBiomes.common.UndergroundBiomes.onOreGenerate(UndergroundBiomes.java:886) ~[UndergroundBiomes.class:?]
	at cpw.mods.fml.common.eventhandler.ASMEventHandler_514_UndergroundBiomes_onOreGenerate_Post.invoke(.dynamic) ~[?:?]
	at cpw.mods.fml.common.eventhandler.ASMEventHandler.invoke(ASMEventHandler.java:54) ~[ASMEventHandler.class:?]
	at cpw.mods.fml.common.eventhandler.EventBus.post(EventBus.java:138) ~[EventBus.class:?]
	at net.minecraft.world.biome.BiomeDecorator.func_76797_b(BiomeDecorator.java:360) ~[aia.class:?]
	at net.minecraft.world.biome.BiomeDecorator.func_150513_a(BiomeDecorator.java:114) ~[aia.class:?]
	at net.minecraft.world.biome.BiomeDecorator.func_150512_a(BiomeDecorator.java:105) ~[aia.class:?]
	at biomesoplenty.api.biome.BOPInheritedBiome.func_76728_a(BOPInheritedBiome.java:42) ~[BOPInheritedBiome.class:?]
	at com.xcompwiz.mystcraft.world.ChunkProviderMyst.func_73153_a(ChunkProviderMyst.java:154) ~[ChunkProviderMyst.class:?]
	... 17 more
Caused by: java.lang.IllegalStateException: reentrant biome decoration
	at fastcraft.b.a.a(F:45) ~[fastcraft-1.22-ctest8.jar:?]
	at fastcraft.Hooks.z(F:112) ~[fastcraft-1.22-ctest8.jar:?]
	at net.minecraft.world.biome.BiomeDecorator.func_150512_a(BiomeDecorator.java) ~[aia.class:?]
	at exterminatorJeff.undergroundBiomes.worldGen.CorrectedBiomeDecorator.func_150512_a(CorrectedBiomeDecorator.java:64) ~[CorrectedBiomeDecorator.class:?]
	at net.minecraft.world.biome.BiomeGenBase.func_76728_a(BiomeGenBase.java:339) ~[ahu.class:?]
	at net.minecraft.world.biome.BiomeGenTaiga.func_76728_a(SourceFile:84) ~[aiw.class:?]
	at com.xcompwiz.mystcraft.world.ChunkProviderMyst.func_73153_a(ChunkProviderMyst.java:154) ~[ChunkProviderMyst.class:?]
	at net.minecraft.world.gen.ChunkProviderServer.func_73153_a(ChunkProviderServer.java:279) ~[ms.class:?]
	at net.minecraft.world.chunk.Chunk.func_76624_a(Chunk.java:1040) ~[apx.class:?]
	at net.minecraft.world.gen.ChunkProviderServer.originalLoadChunk(ChunkProviderServer.java:190) ~[ms.class:?]
	at com.xcompwiz.mystcraft.world.WorldProviderMystDummy$ChunkProviderServerDummy.originalLoadChunk(WorldProviderMystDummy.java:60) ~[WorldProviderMystDummy$ChunkProviderServerDummy.class:?]
	at net.minecraft.world.gen.ChunkProviderServer.loadChunk(ChunkProviderServer.java:131) ~[ms.class:?]
	at net.minecraft.world.gen.ChunkProviderServer.func_73158_c(ChunkProviderServer.java:101) ~[ms.class:?]
	at net.minecraft.world.gen.ChunkProviderServer.func_73154_d(ChunkProviderServer.java:199) ~[ms.class:?]
	at net.minecraft.world.World.func_72964_e(World.java:419) ~[ahb.class:?]
	at net.minecraft.world.World.func_72938_d(World.java:414) ~[ahb.class:?]
	at exterminatorJeff.undergroundBiomes.worldGen.BiomeUndergroundDecorator.replaceChunkOres(BiomeUndergroundDecorator.java:225) ~[BiomeUndergroundDecorator.class:?]
	at exterminatorJeff.undergroundBiomes.worldGen.BiomeUndergroundDecorator.doRedos(BiomeUndergroundDecorator.java:74) ~[BiomeUndergroundDecorator.class:?]
	at exterminatorJeff.undergroundBiomes.common.WorldGenManager.redoOres(WorldGenManager.java:140) ~[WorldGenManager.class:?]
	at exterminatorJeff.undergroundBiomes.common.DimensionManager.redoOres(DimensionManager.java:279) ~[DimensionManager.class:?]
	at exterminatorJeff.undergroundBiomes.common.UndergroundBiomes.onOreGenerate(UndergroundBiomes.java:886) ~[UndergroundBiomes.class:?]
	at cpw.mods.fml.common.eventhandler.ASMEventHandler_514_UndergroundBiomes_onOreGenerate_Post.invoke(.dynamic) ~[?:?]
	at cpw.mods.fml.common.eventhandler.ASMEventHandler.invoke(ASMEventHandler.java:54) ~[ASMEventHandler.class:?]
	at cpw.mods.fml.common.eventhandler.EventBus.post(EventBus.java:138) ~[EventBus.class:?]
	at net.minecraft.world.biome.BiomeDecorator.func_76797_b(BiomeDecorator.java:360) ~[aia.class:?]
	at net.minecraft.world.biome.BiomeDecorator.func_150513_a(BiomeDecorator.java:114) ~[aia.class:?]
	at net.minecraft.world.biome.BiomeDecorator.func_150512_a(BiomeDecorator.java:105) ~[aia.class:?]
	at biomesoplenty.api.biome.BOPInheritedBiome.func_76728_a(BOPInheritedBiome.java:42) ~[BOPInheritedBiome.class:?]
	at com.xcompwiz.mystcraft.world.ChunkProviderMyst.func_73153_a(ChunkProviderMyst.java:154) ~[ChunkProviderMyst.class:?]
	... 17 more
[04:56:21] [Server thread/ERROR]: This crash report has been saved to: D:\nmine\.\crash-reports\crash-2015-06-10_04.56.21-server.txt
[04:56:21] [Server thread/INFO]: Stopping server
[04:56:21] [Server thread/INFO]: Saving players
[04:56:21] [Server thread/INFO]: Saving worlds
[04:56:21] [Server thread/INFO]: Saving chunks for level 'New World UGB 17'/Overworld
[04:56:21] [Server thread/INFO]: Saving chunks for level 'New World UGB 17'/Nether
[04:56:21] [Server thread/INFO]: Saving chunks for level 'New World UGB 17'/The Last Millenium
[04:56:22] [Server thread/INFO]: Saving chunks for level 'New World UGB 17'/Wyvern Lair
[04:56:22] [Server thread/INFO]: Saving chunks for level 'New World UGB 17'/Tropics
[04:56:22] [Server thread/INFO]: Saving chunks for level 'New World UGB 17'/Dungeon
[04:56:22] [Server thread/INFO]: Saving chunks for level 'New World UGB 17'/Dungeon
[04:56:22] [Server thread/INFO]: Saving chunks for level 'New World UGB 17'/Dungeon
[04:56:22] [Server thread/INFO]: Saving chunks for level 'New World UGB 17'/SpectreWorld
[04:56:22] [Server thread/INFO]: Saving chunks for level 'New World UGB 17'/Dungeons
[04:56:22] [Server thread/INFO]: Saving chunks for level 'New World UGB 17'/Aether
[04:56:22] [Server thread/INFO]: Saving chunks for level 'New World UGB 17'/Mystic Groves
[04:56:22] [Server thread/INFO]: Saving chunks for level 'New World UGB 17'/CONTROL
